{"level":"info","message":"Running on Node.js - Version 20.9.0","timestamp":"2024-12-26 00:02:34"}
{"level":"info","message":"Foundry Virtual Tabletop - Version 12 Build 331","timestamp":"2024-12-26 00:02:34"}
{"level":"info","message":"User Data Directory - \"C:/Users/ADMIN/Documents/Our Vault/Foundry\"","timestamp":"2024-12-26 00:02:34"}
{"level":"info","message":"Application Options:\n{\n  \"compressStatic\": true,\n  \"fullscreen\": false,\n  \"hostname\": null,\n  \"language\": \"en.core\",\n  \"localHostname\": null,\n  \"port\": 30000,\n  \"protocol\": null,\n  \"proxyPort\": null,\n  \"proxySSL\": false,\n  \"routePrefix\": null,\n  \"updateChannel\": \"stable\",\n  \"upnp\": true,\n  \"upnpLeaseDuration\": null,\n  \"awsConfig\": null,\n  \"compressSocket\": true,\n  \"cssTheme\": \"foundry\",\n  \"deleteNEDB\": false,\n  \"hotReload\": false,\n  \"passwordSalt\": null,\n  \"sslCert\": null,\n  \"sslKey\": null,\n  \"world\": null,\n  \"serviceConfig\": null,\n  \"telemetry\": true,\n  \"adminPassword\": null,\n  \"noBackups\": false\n}","timestamp":"2024-12-26 00:02:34"}
{"level":"info","message":"Software license verification succeeded","timestamp":"2024-12-26 00:02:34"}
{"level":"info","message":"Requesting UPnP port forwarding to destination port 30000","timestamp":"2024-12-26 00:02:34"}
{"level":"info","message":"Running Electron application with version 29.4.0 using Chromium 122.0.6261.156","timestamp":"2024-12-26 00:02:34"}
{"level":"info","message":"Server started and listening on port 30000","timestamp":"2024-12-26 00:02:34"}
{"level":"info","message":"Created client session 570f5804108a90582dc0a3b0","timestamp":"2024-12-26 00:02:36"}
{"level":"warn","message":"The module \"gm-screen\" contains \"dependencies\" which is deprecated in favor of \"relationships.requires\"\nDeprecated since Version 10\nBackwards-compatible support will be removed in Version 13","timestamp":"2024-12-26 00:02:36"}
{"level":"warn","message":"The module \"gm-screen\" contains \"dependencies\" which is deprecated in favor of \"relationships.requires\"\nDeprecated since Version 10\nBackwards-compatible support will be removed in Version 13","timestamp":"2024-12-26 00:02:41"}
{"level":"info","message":"Connected to database \"actors\"","timestamp":"2024-12-26 00:02:41"}
{"level":"info","message":"Launching World | Loading World Data - 7%","timestamp":"2024-12-26 00:02:41"}
{"level":"info","message":"Connected to database \"cards\"","timestamp":"2024-12-26 00:02:41"}
{"level":"info","message":"Launching World | Loading World Data - 14%","timestamp":"2024-12-26 00:02:41"}
{"level":"info","message":"Connected to database \"messages\"","timestamp":"2024-12-26 00:02:42"}
{"level":"info","message":"Launching World | Loading World Data - 21%","timestamp":"2024-12-26 00:02:42"}
{"level":"info","message":"Connected to database \"combats\"","timestamp":"2024-12-26 00:02:42"}
{"level":"info","message":"Launching World | Loading World Data - 29%","timestamp":"2024-12-26 00:02:42"}
{"level":"info","message":"Connected to database \"fog\"","timestamp":"2024-12-26 00:02:42"}
{"level":"info","message":"Launching World | Loading World Data - 36%","timestamp":"2024-12-26 00:02:42"}
{"level":"info","message":"Connected to database \"folders\"","timestamp":"2024-12-26 00:02:42"}
{"level":"info","message":"Launching World | Loading World Data - 43%","timestamp":"2024-12-26 00:02:42"}
{"level":"info","message":"Connected to database \"items\"","timestamp":"2024-12-26 00:02:42"}
{"level":"info","message":"Launching World | Loading World Data - 50%","timestamp":"2024-12-26 00:02:42"}
{"level":"info","message":"Connected to database \"journal\"","timestamp":"2024-12-26 00:02:42"}
{"level":"info","message":"Launching World | Loading World Data - 57%","timestamp":"2024-12-26 00:02:42"}
{"level":"info","message":"Connected to database \"macros\"","timestamp":"2024-12-26 00:02:42"}
{"level":"info","message":"Launching World | Loading World Data - 64%","timestamp":"2024-12-26 00:02:42"}
{"level":"info","message":"Connected to database \"playlists\"","timestamp":"2024-12-26 00:02:42"}
{"level":"info","message":"Launching World | Loading World Data - 71%","timestamp":"2024-12-26 00:02:42"}
{"level":"info","message":"Connected to database \"tables\"","timestamp":"2024-12-26 00:02:42"}
{"level":"info","message":"Launching World | Loading World Data - 79%","timestamp":"2024-12-26 00:02:42"}
{"level":"info","message":"Connected to database \"scenes\"","timestamp":"2024-12-26 00:02:42"}
{"level":"info","message":"Launching World | Loading World Data - 86%","timestamp":"2024-12-26 00:02:42"}
{"level":"info","message":"Connected to database \"settings\"","timestamp":"2024-12-26 00:02:42"}
{"level":"info","message":"Launching World | Loading World Data - 93%","timestamp":"2024-12-26 00:02:42"}
{"level":"info","message":"Connected to database \"users\"","timestamp":"2024-12-26 00:02:42"}
{"level":"info","message":"Launching World | Loading World Data - 100%","timestamp":"2024-12-26 00:02:42"}
{"level":"info","message":"Launching World | Migrating World Data - 7%","timestamp":"2024-12-26 00:02:42"}
{"level":"info","message":"Launching World | Migrating World Data - 14%","timestamp":"2024-12-26 00:02:42"}
{"level":"info","message":"Launching World | Migrating World Data - 21%","timestamp":"2024-12-26 00:02:42"}
{"level":"info","message":"Launching World | Migrating World Data - 29%","timestamp":"2024-12-26 00:02:42"}
{"level":"info","message":"Launching World | Migrating World Data - 36%","timestamp":"2024-12-26 00:02:42"}
{"level":"info","message":"Launching World | Migrating World Data - 43%","timestamp":"2024-12-26 00:02:42"}
{"level":"info","message":"Launching World | Migrating World Data - 50%","timestamp":"2024-12-26 00:02:42"}
{"level":"info","message":"Launching World | Migrating World Data - 57%","timestamp":"2024-12-26 00:02:42"}
{"level":"info","message":"Launching World | Migrating World Data - 64%","timestamp":"2024-12-26 00:02:42"}
{"level":"info","message":"Launching World | Migrating World Data - 71%","timestamp":"2024-12-26 00:02:42"}
{"level":"info","message":"Launching World | Migrating World Data - 79%","timestamp":"2024-12-26 00:02:42"}
{"level":"info","message":"Launching World | Migrating World Data - 86%","timestamp":"2024-12-26 00:02:42"}
{"level":"info","message":"Launching World | Migrating World Data - 93%","timestamp":"2024-12-26 00:02:42"}
{"level":"info","message":"Launching World | Migrating World Data - 100%","timestamp":"2024-12-26 00:02:42"}
{"level":"info","message":"Connected to database \"world.random-roll-tables\"","timestamp":"2024-12-26 00:02:42"}
{"level":"info","message":"Created 0 Folder documents with ids: []","timestamp":"2024-12-26 00:02:42"}
{"level":"info","message":"Launching World | Complete","timestamp":"2024-12-26 00:02:42"}
{"ip":"::1","level":"info","message":"User authentication successful for user Gamemaster","session":"570f5804108a90582dc0a3b0","timestamp":"2024-12-26 00:02:46"}
{"level":"info","message":"No system update for GURPS 4e Game Aid (Unofficial) is currently available.","timestamp":"2024-12-26 00:02:47"}
{"level":"info","message":"Vended World data to User [Qbeww56EkpVEOD1z] in 262ms","timestamp":"2024-12-26 00:02:47"}
{"level":"info","message":"Created ChatMessage with id [WaYaFxxrXWyj6UjJ]","timestamp":"2024-12-26 00:02:54"}
{"level":"info","message":"Created ChatMessage with id [fGhU6dM00fQsdSu4]","timestamp":"2024-12-26 01:56:55"}
{"level":"info","message":"Created ChatMessage with id [dpiMevhneHEpuvmu]","timestamp":"2024-12-26 02:01:37"}
{"level":"info","message":"No system update for GURPS 4e Game Aid (Unofficial) is currently available.","timestamp":"2024-12-26 14:25:24"}
{"level":"info","message":"Vended World data to User [Qbeww56EkpVEOD1z] in 1405ms","timestamp":"2024-12-26 14:25:24"}
{"level":"info","message":"Shutting down Foundry Virtual Tabletop server","timestamp":"2024-12-26 16:19:57"}
{"level":"info","message":"Shut-down success. Goodbye!","timestamp":"2024-12-26 16:19:57"}
