{"level":"info","message":"Running on Node.js - Version 20.9.0","timestamp":"2025-01-01 00:31:43"}
{"level":"info","message":"Foundry Virtual Tabletop - Version 12 Build 331","timestamp":"2025-01-01 00:31:43"}
{"level":"info","message":"User Data Directory - \"C:/Users/ADMIN/Documents/Our Vault/Foundry\"","timestamp":"2025-01-01 00:31:43"}
{"level":"info","message":"Application Options:\n{\n  \"compressStatic\": true,\n  \"fullscreen\": false,\n  \"hostname\": null,\n  \"language\": \"en.core\",\n  \"localHostname\": null,\n  \"port\": 30000,\n  \"protocol\": null,\n  \"proxyPort\": null,\n  \"proxySSL\": false,\n  \"routePrefix\": null,\n  \"updateChannel\": \"stable\",\n  \"upnp\": true,\n  \"upnpLeaseDuration\": null,\n  \"awsConfig\": null,\n  \"compressSocket\": true,\n  \"cssTheme\": \"foundry\",\n  \"deleteNEDB\": false,\n  \"hotReload\": false,\n  \"passwordSalt\": null,\n  \"sslCert\": null,\n  \"sslKey\": null,\n  \"world\": null,\n  \"serviceConfig\": null,\n  \"telemetry\": true,\n  \"adminPassword\": null,\n  \"noBackups\": false\n}","timestamp":"2025-01-01 00:31:43"}
{"level":"info","message":"Software license verification succeeded","timestamp":"2025-01-01 00:31:43"}
{"level":"info","message":"Requesting UPnP port forwarding to destination port 30000","timestamp":"2025-01-01 00:31:43"}
{"level":"info","message":"Running Electron application with version 29.4.0 using Chromium 122.0.6261.156","timestamp":"2025-01-01 00:31:43"}
{"level":"info","message":"Server started and listening on port 30000","timestamp":"2025-01-01 00:31:44"}
{"level":"info","message":"Created client session bf3b7c771f45ff9aa64f3720","timestamp":"2025-01-01 00:31:49"}
{"level":"warn","message":"The module \"gm-screen\" contains \"dependencies\" which is deprecated in favor of \"relationships.requires\"\nDeprecated since Version 10\nBackwards-compatible support will be removed in Version 13","timestamp":"2025-01-01 00:31:50"}
{"level":"warn","message":"The module \"gm-screen\" contains \"dependencies\" which is deprecated in favor of \"relationships.requires\"\nDeprecated since Version 10\nBackwards-compatible support will be removed in Version 13","timestamp":"2025-01-01 00:32:05"}
{"level":"info","message":"Connected to database \"actors\"","timestamp":"2025-01-01 00:32:05"}
{"level":"info","message":"Launching World | Loading World Data - 7%","timestamp":"2025-01-01 00:32:05"}
{"level":"info","message":"Connected to database \"cards\"","timestamp":"2025-01-01 00:32:05"}
{"level":"info","message":"Launching World | Loading World Data - 14%","timestamp":"2025-01-01 00:32:05"}
{"level":"info","message":"Connected to database \"messages\"","timestamp":"2025-01-01 00:32:06"}
{"level":"info","message":"Launching World | Loading World Data - 21%","timestamp":"2025-01-01 00:32:06"}
{"level":"info","message":"Connected to database \"combats\"","timestamp":"2025-01-01 00:32:06"}
{"level":"info","message":"Launching World | Loading World Data - 29%","timestamp":"2025-01-01 00:32:06"}
{"level":"info","message":"Connected to database \"fog\"","timestamp":"2025-01-01 00:32:06"}
{"level":"info","message":"Launching World | Loading World Data - 36%","timestamp":"2025-01-01 00:32:06"}
{"level":"info","message":"Connected to database \"folders\"","timestamp":"2025-01-01 00:32:06"}
{"level":"info","message":"Launching World | Loading World Data - 43%","timestamp":"2025-01-01 00:32:06"}
{"level":"info","message":"Connected to database \"items\"","timestamp":"2025-01-01 00:32:06"}
{"level":"info","message":"Launching World | Loading World Data - 50%","timestamp":"2025-01-01 00:32:06"}
{"level":"info","message":"Connected to database \"journal\"","timestamp":"2025-01-01 00:32:06"}
{"level":"info","message":"Launching World | Loading World Data - 57%","timestamp":"2025-01-01 00:32:06"}
{"level":"info","message":"Connected to database \"macros\"","timestamp":"2025-01-01 00:32:06"}
{"level":"info","message":"Launching World | Loading World Data - 64%","timestamp":"2025-01-01 00:32:06"}
{"level":"info","message":"Connected to database \"playlists\"","timestamp":"2025-01-01 00:32:06"}
{"level":"info","message":"Launching World | Loading World Data - 71%","timestamp":"2025-01-01 00:32:06"}
{"level":"info","message":"Connected to database \"tables\"","timestamp":"2025-01-01 00:32:06"}
{"level":"info","message":"Launching World | Loading World Data - 79%","timestamp":"2025-01-01 00:32:06"}
{"level":"info","message":"Connected to database \"scenes\"","timestamp":"2025-01-01 00:32:06"}
{"level":"info","message":"Launching World | Loading World Data - 86%","timestamp":"2025-01-01 00:32:06"}
{"level":"info","message":"Connected to database \"settings\"","timestamp":"2025-01-01 00:32:06"}
{"level":"info","message":"Launching World | Loading World Data - 93%","timestamp":"2025-01-01 00:32:06"}
{"level":"info","message":"Connected to database \"users\"","timestamp":"2025-01-01 00:32:06"}
{"level":"info","message":"Launching World | Loading World Data - 100%","timestamp":"2025-01-01 00:32:06"}
{"level":"info","message":"Launching World | Migrating World Data - 7%","timestamp":"2025-01-01 00:32:06"}
{"level":"info","message":"Launching World | Migrating World Data - 14%","timestamp":"2025-01-01 00:32:06"}
{"level":"info","message":"Launching World | Migrating World Data - 21%","timestamp":"2025-01-01 00:32:06"}
{"level":"info","message":"Launching World | Migrating World Data - 29%","timestamp":"2025-01-01 00:32:06"}
{"level":"info","message":"Launching World | Migrating World Data - 36%","timestamp":"2025-01-01 00:32:06"}
{"level":"info","message":"Launching World | Migrating World Data - 43%","timestamp":"2025-01-01 00:32:06"}
{"level":"info","message":"Launching World | Migrating World Data - 50%","timestamp":"2025-01-01 00:32:06"}
{"level":"info","message":"Launching World | Migrating World Data - 57%","timestamp":"2025-01-01 00:32:06"}
{"level":"info","message":"Launching World | Migrating World Data - 64%","timestamp":"2025-01-01 00:32:06"}
{"level":"info","message":"Launching World | Migrating World Data - 71%","timestamp":"2025-01-01 00:32:06"}
{"level":"info","message":"Launching World | Migrating World Data - 79%","timestamp":"2025-01-01 00:32:06"}
{"level":"info","message":"Launching World | Migrating World Data - 86%","timestamp":"2025-01-01 00:32:06"}
{"level":"info","message":"Launching World | Migrating World Data - 93%","timestamp":"2025-01-01 00:32:06"}
{"level":"info","message":"Launching World | Migrating World Data - 100%","timestamp":"2025-01-01 00:32:06"}
{"level":"info","message":"Connected to database \"world.random-roll-tables\"","timestamp":"2025-01-01 00:32:06"}
{"level":"info","message":"Created 0 Folder documents with ids: []","timestamp":"2025-01-01 00:32:06"}
{"level":"info","message":"Launching World | Complete","timestamp":"2025-01-01 00:32:06"}
{"level":"info","message":"Created client session 9e837934431e386992efeb1a","timestamp":"2025-01-01 00:34:19"}
{"ip":"::ffff:127.186.63.200","level":"info","message":"User authentication successful for user Gamemaster","session":"9e837934431e386992efeb1a","timestamp":"2025-01-01 00:36:39"}
{"level":"info","message":"Logged user Qbeww56EkpVEOD1z out of active World","timestamp":"2025-01-01 00:36:39"}
{"ip":"::ffff:127.186.63.200","level":"info","message":"User authentication successful for user Gamemaster","session":"9e837934431e386992efeb1a","timestamp":"2025-01-01 00:36:39"}
{"level":"info","message":"No system update for GURPS 4e Game Aid (Unofficial) is currently available.","timestamp":"2025-01-01 00:36:43"}
{"level":"info","message":"Vended World data to User [Qbeww56EkpVEOD1z] in 281ms","timestamp":"2025-01-01 00:36:43"}
{"level":"info","message":"No system update for GURPS 4e Game Aid (Unofficial) is currently available.","timestamp":"2025-01-01 02:45:44"}
{"level":"info","message":"Vended World data to User [Qbeww56EkpVEOD1z] in 208ms","timestamp":"2025-01-01 02:45:44"}
{"level":"info","message":"No system update for GURPS 4e Game Aid (Unofficial) is currently available.","timestamp":"2025-01-01 04:25:59"}
{"level":"info","message":"Vended World data to User [Qbeww56EkpVEOD1z] in 228ms","timestamp":"2025-01-01 04:25:59"}
{"level":"info","message":"Shutting down Foundry Virtual Tabletop server","timestamp":"2025-01-01 07:58:49"}
{"level":"info","message":"Shut-down success. Goodbye!","timestamp":"2025-01-01 07:58:49"}
