{"level":"warn","message":"The module \"gm-screen\" contains \"dependencies\" which is deprecated in favor of \"relationships.requires\"\nDeprecated since Version 10\nBackwards-compatible support will be removed in Version 13","timestamp":"2024-12-24 00:01:04"}
{"level":"info","message":"Connected to database \"actors\"","timestamp":"2024-12-24 00:01:04"}
{"level":"info","message":"Launching World | Loading World Data - 7%","timestamp":"2024-12-24 00:01:04"}
{"level":"info","message":"Connected to database \"cards\"","timestamp":"2024-12-24 00:01:04"}
{"level":"info","message":"Launching World | Loading World Data - 14%","timestamp":"2024-12-24 00:01:04"}
{"level":"info","message":"Connected to database \"messages\"","timestamp":"2024-12-24 00:01:04"}
{"level":"info","message":"Launching World | Loading World Data - 21%","timestamp":"2024-12-24 00:01:04"}
{"level":"info","message":"Connected to database \"combats\"","timestamp":"2024-12-24 00:01:04"}
{"level":"info","message":"Launching World | Loading World Data - 29%","timestamp":"2024-12-24 00:01:04"}
{"level":"info","message":"Connected to database \"fog\"","timestamp":"2024-12-24 00:01:04"}
{"level":"info","message":"Launching World | Loading World Data - 36%","timestamp":"2024-12-24 00:01:04"}
{"level":"info","message":"Connected to database \"folders\"","timestamp":"2024-12-24 00:01:04"}
{"level":"info","message":"Launching World | Loading World Data - 43%","timestamp":"2024-12-24 00:01:04"}
{"level":"info","message":"Connected to database \"items\"","timestamp":"2024-12-24 00:01:05"}
{"level":"info","message":"Launching World | Loading World Data - 50%","timestamp":"2024-12-24 00:01:05"}
{"level":"info","message":"Connected to database \"journal\"","timestamp":"2024-12-24 00:01:05"}
{"level":"info","message":"Launching World | Loading World Data - 57%","timestamp":"2024-12-24 00:01:05"}
{"level":"info","message":"Connected to database \"macros\"","timestamp":"2024-12-24 00:01:05"}
{"level":"info","message":"Launching World | Loading World Data - 64%","timestamp":"2024-12-24 00:01:05"}
{"level":"info","message":"Connected to database \"playlists\"","timestamp":"2024-12-24 00:01:05"}
{"level":"info","message":"Launching World | Loading World Data - 71%","timestamp":"2024-12-24 00:01:05"}
{"level":"info","message":"Connected to database \"tables\"","timestamp":"2024-12-24 00:01:05"}
{"level":"info","message":"Launching World | Loading World Data - 79%","timestamp":"2024-12-24 00:01:05"}
{"level":"info","message":"Connected to database \"scenes\"","timestamp":"2024-12-24 00:01:05"}
{"level":"info","message":"Launching World | Loading World Data - 86%","timestamp":"2024-12-24 00:01:05"}
{"level":"info","message":"Connected to database \"settings\"","timestamp":"2024-12-24 00:01:05"}
{"level":"info","message":"Launching World | Loading World Data - 93%","timestamp":"2024-12-24 00:01:05"}
{"level":"info","message":"Connected to database \"users\"","timestamp":"2024-12-24 00:01:05"}
{"level":"info","message":"Launching World | Loading World Data - 100%","timestamp":"2024-12-24 00:01:05"}
{"level":"info","message":"Launching World | Migrating World Data - 7%","timestamp":"2024-12-24 00:01:05"}
{"level":"info","message":"Launching World | Migrating World Data - 14%","timestamp":"2024-12-24 00:01:05"}
{"level":"info","message":"Launching World | Migrating World Data - 21%","timestamp":"2024-12-24 00:01:05"}
{"level":"info","message":"Launching World | Migrating World Data - 29%","timestamp":"2024-12-24 00:01:05"}
{"level":"info","message":"Launching World | Migrating World Data - 36%","timestamp":"2024-12-24 00:01:05"}
{"level":"info","message":"Launching World | Migrating World Data - 43%","timestamp":"2024-12-24 00:01:05"}
{"level":"info","message":"Launching World | Migrating World Data - 50%","timestamp":"2024-12-24 00:01:05"}
{"level":"info","message":"Launching World | Migrating World Data - 57%","timestamp":"2024-12-24 00:01:05"}
{"level":"info","message":"Launching World | Migrating World Data - 64%","timestamp":"2024-12-24 00:01:05"}
{"level":"info","message":"Launching World | Migrating World Data - 71%","timestamp":"2024-12-24 00:01:05"}
{"level":"info","message":"Launching World | Migrating World Data - 79%","timestamp":"2024-12-24 00:01:05"}
{"level":"info","message":"Launching World | Migrating World Data - 86%","timestamp":"2024-12-24 00:01:05"}
{"level":"info","message":"Launching World | Migrating World Data - 93%","timestamp":"2024-12-24 00:01:05"}
{"level":"info","message":"Launching World | Migrating World Data - 100%","timestamp":"2024-12-24 00:01:05"}
{"level":"info","message":"Launching World | Complete","timestamp":"2024-12-24 00:01:05"}
{"ip":"::1","level":"info","message":"User authentication successful for user Gamemaster","session":"05e4515b65cbdde8f6dda73a","timestamp":"2024-12-24 00:01:08"}
{"level":"info","message":"No system update for GURPS 4e Game Aid (Unofficial) is currently available.","timestamp":"2024-12-24 00:01:10"}
{"level":"info","message":"Vended World data to User [Qbeww56EkpVEOD1z] in 218ms","timestamp":"2024-12-24 00:01:10"}
{"level":"info","message":"Deleted Actor with id [h69Jj3VJHc6nEzEi]","timestamp":"2024-12-24 00:01:58"}
{"level":"info","message":"Created Actor with id [qqYmtaU2Z0TnJTJC]","timestamp":"2024-12-24 00:02:48"}
{"level":"info","message":"Connected to database \"world.random-roll-tables\"","timestamp":"2024-12-24 04:58:08"}
{"level":"info","message":"Created World Compendium Pack world.random-roll-tables","timestamp":"2024-12-24 04:58:08"}
{"level":"info","message":"Created RollTable with id [BahwIG5XiXlXZRp7] in Compendium world.random-roll-tables","timestamp":"2024-12-24 04:58:29"}
{"level":"info","message":"Deleted RollTable with id [BahwIG5XiXlXZRp7] in Compendium world.random-roll-tables","timestamp":"2024-12-24 04:58:45"}
{"level":"info","message":"Created ChatMessage with id [h1DQ0WRfC21OpOZq]","timestamp":"2024-12-24 04:59:04"}
{"level":"info","message":"Shutting down Foundry Virtual Tabletop server","timestamp":"2024-12-24 04:59:38"}
{"level":"info","message":"Shut-down success. Goodbye!","timestamp":"2024-12-24 04:59:38"}
{"level":"info","message":"Running on Node.js - Version 20.9.0","timestamp":"2024-12-24 17:27:09"}
{"level":"info","message":"Foundry Virtual Tabletop - Version 12 Build 331","timestamp":"2024-12-24 17:27:09"}
{"level":"info","message":"User Data Directory - \"C:/Users/ADMIN/Documents/Our Vault/Foundry\"","timestamp":"2024-12-24 17:27:09"}
{"level":"info","message":"Application Options:\n{\n  \"compressStatic\": true,\n  \"fullscreen\": false,\n  \"hostname\": null,\n  \"language\": \"en.core\",\n  \"localHostname\": null,\n  \"port\": 30000,\n  \"protocol\": null,\n  \"proxyPort\": null,\n  \"proxySSL\": false,\n  \"routePrefix\": null,\n  \"updateChannel\": \"stable\",\n  \"upnp\": true,\n  \"upnpLeaseDuration\": null,\n  \"awsConfig\": null,\n  \"compressSocket\": true,\n  \"cssTheme\": \"foundry\",\n  \"deleteNEDB\": false,\n  \"hotReload\": false,\n  \"passwordSalt\": null,\n  \"sslCert\": null,\n  \"sslKey\": null,\n  \"world\": null,\n  \"serviceConfig\": null,\n  \"telemetry\": true,\n  \"adminPassword\": null,\n  \"noBackups\": false\n}","timestamp":"2024-12-24 17:27:09"}
{"level":"info","message":"Software license verification succeeded","timestamp":"2024-12-24 17:27:09"}
{"level":"info","message":"Requesting UPnP port forwarding to destination port 30000","timestamp":"2024-12-24 17:27:09"}
{"level":"info","message":"Running Electron application with version 29.4.0 using Chromium 122.0.6261.156","timestamp":"2024-12-24 17:27:09"}
{"level":"info","message":"Server started and listening on port 30000","timestamp":"2024-12-24 17:27:09"}
{"level":"info","message":"Created client session 36a438bfd75cf1e5091d49bf","timestamp":"2024-12-24 17:27:12"}
{"level":"warn","message":"The module \"gm-screen\" contains \"dependencies\" which is deprecated in favor of \"relationships.requires\"\nDeprecated since Version 10\nBackwards-compatible support will be removed in Version 13","timestamp":"2024-12-24 17:27:12"}
{"level":"info","message":"Uninstalled module JB2A_DnD5e","timestamp":"2024-12-24 17:27:42"}
{"level":"info","message":"Uninstalled module ddb-importer","timestamp":"2024-12-24 17:30:52"}
{"level":"info","message":"Uninstalled module bsa-swade","timestamp":"2024-12-24 17:46:58"}
{"level":"info","message":"Uninstalled module bsa-wfrp4e","timestamp":"2024-12-24 17:47:01"}
{"level":"info","message":"Uninstalled module bsa-swnr","timestamp":"2024-12-24 17:47:04"}
{"level":"info","message":"Downloading package - 3%","timestamp":"2024-12-24 17:52:06"}
{"level":"info","message":"Downloading package - 7%","timestamp":"2024-12-24 17:52:06"}
{"level":"info","message":"Downloading package - 10%","timestamp":"2024-12-24 17:52:06"}
{"level":"info","message":"Downloading package - 14%","timestamp":"2024-12-24 17:52:06"}
{"level":"info","message":"Downloading package - 17%","timestamp":"2024-12-24 17:52:06"}
{"level":"info","message":"Downloading package - 20%","timestamp":"2024-12-24 17:52:06"}
{"level":"info","message":"Downloading package - 24%","timestamp":"2024-12-24 17:52:06"}
{"level":"info","message":"Downloading package - 27%","timestamp":"2024-12-24 17:52:06"}
{"level":"info","message":"Downloading package - 31%","timestamp":"2024-12-24 17:52:06"}
{"level":"info","message":"Downloading package - 34%","timestamp":"2024-12-24 17:52:06"}
{"level":"info","message":"Downloading package - 37%","timestamp":"2024-12-24 17:52:06"}
{"level":"info","message":"Downloading package - 40%","timestamp":"2024-12-24 17:52:06"}
{"level":"info","message":"Downloading package - 44%","timestamp":"2024-12-24 17:52:06"}
{"level":"info","message":"Downloading package - 47%","timestamp":"2024-12-24 17:52:06"}
{"level":"info","message":"Downloading package - 51%","timestamp":"2024-12-24 17:52:06"}
{"level":"info","message":"Downloading package - 54%","timestamp":"2024-12-24 17:52:06"}
{"level":"info","message":"Downloading package - 57%","timestamp":"2024-12-24 17:52:06"}
{"level":"info","message":"Downloading package - 61%","timestamp":"2024-12-24 17:52:06"}
{"level":"info","message":"Downloading package - 64%","timestamp":"2024-12-24 17:52:06"}
{"level":"info","message":"Downloading package - 67%","timestamp":"2024-12-24 17:52:06"}
{"level":"info","message":"Downloading package - 71%","timestamp":"2024-12-24 17:52:06"}
{"level":"info","message":"Downloading package - 74%","timestamp":"2024-12-24 17:52:06"}
{"level":"info","message":"Downloading package - 78%","timestamp":"2024-12-24 17:52:06"}
{"level":"info","message":"Downloading package - 81%","timestamp":"2024-12-24 17:52:06"}
{"level":"info","message":"Downloading package - 84%","timestamp":"2024-12-24 17:52:06"}
{"level":"info","message":"Downloading package - 87%","timestamp":"2024-12-24 17:52:06"}
{"level":"info","message":"Downloading package - 91%","timestamp":"2024-12-24 17:52:06"}
{"level":"info","message":"Downloading package - 94%","timestamp":"2024-12-24 17:52:06"}
{"level":"info","message":"Downloading package - 98%","timestamp":"2024-12-24 17:52:06"}
{"level":"info","message":"Downloading package - 100%","timestamp":"2024-12-24 17:52:06"}
{"level":"info","message":"Installing package - 2%","timestamp":"2024-12-24 17:52:06"}
{"level":"info","message":"Installing package - 4%","timestamp":"2024-12-24 17:52:06"}
{"level":"info","message":"Installing package - 6%","timestamp":"2024-12-24 17:52:06"}
{"level":"info","message":"Installing package - 8%","timestamp":"2024-12-24 17:52:06"}
{"level":"info","message":"Installing package - 10%","timestamp":"2024-12-24 17:52:06"}
{"level":"info","message":"Installing package - 13%","timestamp":"2024-12-24 17:52:06"}
{"level":"info","message":"Installing package - 15%","timestamp":"2024-12-24 17:52:06"}
{"level":"info","message":"Installing package - 17%","timestamp":"2024-12-24 17:52:06"}
{"level":"info","message":"Installing package - 19%","timestamp":"2024-12-24 17:52:06"}
{"level":"info","message":"Installing package - 21%","timestamp":"2024-12-24 17:52:06"}
{"level":"info","message":"Installing package - 23%","timestamp":"2024-12-24 17:52:06"}
{"level":"info","message":"Installing package - 25%","timestamp":"2024-12-24 17:52:06"}
{"level":"info","message":"Installing package - 27%","timestamp":"2024-12-24 17:52:06"}
{"level":"info","message":"Installing package - 29%","timestamp":"2024-12-24 17:52:06"}
{"level":"info","message":"Installing package - 31%","timestamp":"2024-12-24 17:52:06"}
{"level":"info","message":"Installing package - 33%","timestamp":"2024-12-24 17:52:06"}
{"level":"info","message":"Installing package - 35%","timestamp":"2024-12-24 17:52:06"}
{"level":"info","message":"Installing package - 38%","timestamp":"2024-12-24 17:52:06"}
{"level":"info","message":"Installing package - 40%","timestamp":"2024-12-24 17:52:06"}
{"level":"info","message":"Installing package - 42%","timestamp":"2024-12-24 17:52:06"}
{"level":"info","message":"Installing package - 44%","timestamp":"2024-12-24 17:52:06"}
{"level":"info","message":"Installing package - 46%","timestamp":"2024-12-24 17:52:06"}
{"level":"info","message":"Installing package - 48%","timestamp":"2024-12-24 17:52:06"}
{"level":"info","message":"Installing package - 50%","timestamp":"2024-12-24 17:52:06"}
{"level":"info","message":"Installing package - 52%","timestamp":"2024-12-24 17:52:06"}
{"level":"info","message":"Installing package - 54%","timestamp":"2024-12-24 17:52:06"}
{"level":"info","message":"Installing package - 56%","timestamp":"2024-12-24 17:52:06"}
{"level":"info","message":"Installing package - 58%","timestamp":"2024-12-24 17:52:06"}
{"level":"info","message":"Installing package - 60%","timestamp":"2024-12-24 17:52:06"}
{"level":"info","message":"Installing package - 63%","timestamp":"2024-12-24 17:52:06"}
{"level":"info","message":"Installing package - 65%","timestamp":"2024-12-24 17:52:06"}
{"level":"info","message":"Installing package - 67%","timestamp":"2024-12-24 17:52:06"}
{"level":"info","message":"Installing package - 69%","timestamp":"2024-12-24 17:52:06"}
{"level":"info","message":"Installing package - 71%","timestamp":"2024-12-24 17:52:06"}
{"level":"info","message":"Installing package - 73%","timestamp":"2024-12-24 17:52:06"}
{"level":"info","message":"Installing package - 75%","timestamp":"2024-12-24 17:52:06"}
{"level":"info","message":"Installing package - 77%","timestamp":"2024-12-24 17:52:06"}
{"level":"info","message":"Installing package - 79%","timestamp":"2024-12-24 17:52:06"}
{"level":"info","message":"Installing package - 81%","timestamp":"2024-12-24 17:52:06"}
{"level":"info","message":"Installing package - 83%","timestamp":"2024-12-24 17:52:06"}
{"level":"info","message":"Installing package - 85%","timestamp":"2024-12-24 17:52:06"}
{"level":"info","message":"Installing package - 88%","timestamp":"2024-12-24 17:52:06"}
{"level":"info","message":"Installing package - 90%","timestamp":"2024-12-24 17:52:06"}
{"level":"info","message":"Installing package - 92%","timestamp":"2024-12-24 17:52:06"}
{"level":"info","message":"Installing package - 94%","timestamp":"2024-12-24 17:52:06"}
{"level":"info","message":"Installing package - 96%","timestamp":"2024-12-24 17:52:06"}
{"level":"info","message":"Installing package - 98%","timestamp":"2024-12-24 17:52:06"}
{"level":"info","message":"Installing package - 100%","timestamp":"2024-12-24 17:52:06"}
{"level":"info","message":"Installed module token-tooltip-alt","timestamp":"2024-12-24 17:52:06"}
{"level":"info","message":"complete - 100%","timestamp":"2024-12-24 17:52:06"}
{"level":"info","message":"Downloading package - 0%","timestamp":"2024-12-24 17:52:12"}
{"level":"info","message":"Downloading package - 1%","timestamp":"2024-12-24 17:52:12"}
{"level":"info","message":"Downloading package - 2%","timestamp":"2024-12-24 17:52:12"}
{"level":"info","message":"Downloading package - 3%","timestamp":"2024-12-24 17:52:12"}
{"level":"info","message":"Downloading package - 4%","timestamp":"2024-12-24 17:52:12"}
{"level":"info","message":"Downloading package - 5%","timestamp":"2024-12-24 17:52:12"}
{"level":"info","message":"Downloading package - 6%","timestamp":"2024-12-24 17:52:12"}
{"level":"info","message":"Downloading package - 7%","timestamp":"2024-12-24 17:52:12"}
{"level":"info","message":"Downloading package - 8%","timestamp":"2024-12-24 17:52:12"}
{"level":"info","message":"Downloading package - 9%","timestamp":"2024-12-24 17:52:12"}
{"level":"info","message":"Downloading package - 10%","timestamp":"2024-12-24 17:52:12"}
{"level":"info","message":"Downloading package - 11%","timestamp":"2024-12-24 17:52:12"}
{"level":"info","message":"Downloading package - 12%","timestamp":"2024-12-24 17:52:12"}
{"level":"info","message":"Downloading package - 13%","timestamp":"2024-12-24 17:52:12"}
{"level":"info","message":"Downloading package - 14%","timestamp":"2024-12-24 17:52:12"}
{"level":"info","message":"Downloading package - 15%","timestamp":"2024-12-24 17:52:12"}
{"level":"info","message":"Downloading package - 16%","timestamp":"2024-12-24 17:52:12"}
{"level":"info","message":"Downloading package - 17%","timestamp":"2024-12-24 17:52:12"}
{"level":"info","message":"Downloading package - 18%","timestamp":"2024-12-24 17:52:12"}
{"level":"info","message":"Downloading package - 19%","timestamp":"2024-12-24 17:52:12"}
{"level":"info","message":"Downloading package - 20%","timestamp":"2024-12-24 17:52:12"}
{"level":"info","message":"Downloading package - 21%","timestamp":"2024-12-24 17:52:12"}
{"level":"info","message":"Downloading package - 22%","timestamp":"2024-12-24 17:52:12"}
{"level":"info","message":"Downloading package - 23%","timestamp":"2024-12-24 17:52:12"}
{"level":"info","message":"Downloading package - 24%","timestamp":"2024-12-24 17:52:12"}
{"level":"info","message":"Downloading package - 25%","timestamp":"2024-12-24 17:52:12"}
{"level":"info","message":"Downloading package - 26%","timestamp":"2024-12-24 17:52:12"}
{"level":"info","message":"Downloading package - 27%","timestamp":"2024-12-24 17:52:12"}
{"level":"info","message":"Downloading package - 28%","timestamp":"2024-12-24 17:52:12"}
{"level":"info","message":"Downloading package - 29%","timestamp":"2024-12-24 17:52:12"}
{"level":"info","message":"Downloading package - 30%","timestamp":"2024-12-24 17:52:12"}
{"level":"info","message":"Downloading package - 31%","timestamp":"2024-12-24 17:52:12"}
{"level":"info","message":"Downloading package - 32%","timestamp":"2024-12-24 17:52:12"}
{"level":"info","message":"Downloading package - 33%","timestamp":"2024-12-24 17:52:12"}
{"level":"info","message":"Downloading package - 34%","timestamp":"2024-12-24 17:52:12"}
{"level":"info","message":"Downloading package - 35%","timestamp":"2024-12-24 17:52:12"}
{"level":"info","message":"Downloading package - 36%","timestamp":"2024-12-24 17:52:12"}
{"level":"info","message":"Downloading package - 37%","timestamp":"2024-12-24 17:52:12"}
{"level":"info","message":"Downloading package - 38%","timestamp":"2024-12-24 17:52:12"}
{"level":"info","message":"Downloading package - 39%","timestamp":"2024-12-24 17:52:12"}
{"level":"info","message":"Downloading package - 40%","timestamp":"2024-12-24 17:52:12"}
{"level":"info","message":"Downloading package - 41%","timestamp":"2024-12-24 17:52:12"}
{"level":"info","message":"Downloading package - 42%","timestamp":"2024-12-24 17:52:12"}
{"level":"info","message":"Downloading package - 43%","timestamp":"2024-12-24 17:52:12"}
{"level":"info","message":"Downloading package - 44%","timestamp":"2024-12-24 17:52:12"}
{"level":"info","message":"Downloading package - 45%","timestamp":"2024-12-24 17:52:12"}
{"level":"info","message":"Downloading package - 46%","timestamp":"2024-12-24 17:52:13"}
{"level":"info","message":"Downloading package - 47%","timestamp":"2024-12-24 17:52:13"}
{"level":"info","message":"Downloading package - 48%","timestamp":"2024-12-24 17:52:13"}
{"level":"info","message":"Downloading package - 49%","timestamp":"2024-12-24 17:52:13"}
{"level":"info","message":"Downloading package - 50%","timestamp":"2024-12-24 17:52:13"}
{"level":"info","message":"Downloading package - 51%","timestamp":"2024-12-24 17:52:13"}
{"level":"info","message":"Downloading package - 52%","timestamp":"2024-12-24 17:52:13"}
{"level":"info","message":"Downloading package - 53%","timestamp":"2024-12-24 17:52:13"}
{"level":"info","message":"Downloading package - 54%","timestamp":"2024-12-24 17:52:13"}
{"level":"info","message":"Downloading package - 55%","timestamp":"2024-12-24 17:52:13"}
{"level":"info","message":"Downloading package - 56%","timestamp":"2024-12-24 17:52:13"}
{"level":"info","message":"Downloading package - 57%","timestamp":"2024-12-24 17:52:13"}
{"level":"info","message":"Downloading package - 58%","timestamp":"2024-12-24 17:52:13"}
{"level":"info","message":"Downloading package - 59%","timestamp":"2024-12-24 17:52:13"}
{"level":"info","message":"Downloading package - 60%","timestamp":"2024-12-24 17:52:13"}
{"level":"info","message":"Downloading package - 61%","timestamp":"2024-12-24 17:52:13"}
{"level":"info","message":"Downloading package - 62%","timestamp":"2024-12-24 17:52:13"}
{"level":"info","message":"Downloading package - 63%","timestamp":"2024-12-24 17:52:13"}
{"level":"info","message":"Downloading package - 64%","timestamp":"2024-12-24 17:52:13"}
{"level":"info","message":"Downloading package - 65%","timestamp":"2024-12-24 17:52:13"}
{"level":"info","message":"Downloading package - 66%","timestamp":"2024-12-24 17:52:13"}
{"level":"info","message":"Downloading package - 67%","timestamp":"2024-12-24 17:52:13"}
{"level":"info","message":"Downloading package - 68%","timestamp":"2024-12-24 17:52:13"}
{"level":"info","message":"Downloading package - 69%","timestamp":"2024-12-24 17:52:13"}
{"level":"info","message":"Downloading package - 70%","timestamp":"2024-12-24 17:52:13"}
{"level":"info","message":"Downloading package - 71%","timestamp":"2024-12-24 17:52:13"}
{"level":"info","message":"Downloading package - 72%","timestamp":"2024-12-24 17:52:13"}
{"level":"info","message":"Downloading package - 73%","timestamp":"2024-12-24 17:52:13"}
{"level":"info","message":"Downloading package - 74%","timestamp":"2024-12-24 17:52:13"}
{"level":"info","message":"Downloading package - 75%","timestamp":"2024-12-24 17:52:13"}
{"level":"info","message":"Downloading package - 76%","timestamp":"2024-12-24 17:52:13"}
{"level":"info","message":"Downloading package - 77%","timestamp":"2024-12-24 17:52:13"}
{"level":"info","message":"Downloading package - 78%","timestamp":"2024-12-24 17:52:13"}
{"level":"info","message":"Downloading package - 79%","timestamp":"2024-12-24 17:52:13"}
{"level":"info","message":"Downloading package - 80%","timestamp":"2024-12-24 17:52:13"}
{"level":"info","message":"Downloading package - 81%","timestamp":"2024-12-24 17:52:13"}
{"level":"info","message":"Downloading package - 82%","timestamp":"2024-12-24 17:52:13"}
{"level":"info","message":"Downloading package - 83%","timestamp":"2024-12-24 17:52:13"}
{"level":"info","message":"Downloading package - 84%","timestamp":"2024-12-24 17:52:13"}
{"level":"info","message":"Downloading package - 85%","timestamp":"2024-12-24 17:52:13"}
{"level":"info","message":"Downloading package - 86%","timestamp":"2024-12-24 17:52:13"}
{"level":"info","message":"Downloading package - 87%","timestamp":"2024-12-24 17:52:13"}
{"level":"info","message":"Downloading package - 88%","timestamp":"2024-12-24 17:52:13"}
{"level":"info","message":"Downloading package - 89%","timestamp":"2024-12-24 17:52:13"}
{"level":"info","message":"Downloading package - 90%","timestamp":"2024-12-24 17:52:13"}
{"level":"info","message":"Downloading package - 91%","timestamp":"2024-12-24 17:52:13"}
{"level":"info","message":"Downloading package - 92%","timestamp":"2024-12-24 17:52:13"}
{"level":"info","message":"Downloading package - 93%","timestamp":"2024-12-24 17:52:13"}
{"level":"info","message":"Downloading package - 94%","timestamp":"2024-12-24 17:52:13"}
{"level":"info","message":"Downloading package - 95%","timestamp":"2024-12-24 17:52:13"}
{"level":"info","message":"Downloading package - 96%","timestamp":"2024-12-24 17:52:13"}
{"level":"info","message":"Downloading package - 97%","timestamp":"2024-12-24 17:52:13"}
{"level":"info","message":"Downloading package - 98%","timestamp":"2024-12-24 17:52:13"}
{"level":"info","message":"Downloading package - 99%","timestamp":"2024-12-24 17:52:13"}
{"level":"info","message":"Downloading package - 100%","timestamp":"2024-12-24 17:52:13"}
{"level":"info","message":"Installing package - 0%","timestamp":"2024-12-24 17:52:13"}
{"level":"info","message":"Installing package - 1%","timestamp":"2024-12-24 17:52:13"}
{"level":"info","message":"Installing package - 2%","timestamp":"2024-12-24 17:52:13"}
{"level":"info","message":"Installing package - 3%","timestamp":"2024-12-24 17:52:13"}
{"level":"info","message":"Installing package - 4%","timestamp":"2024-12-24 17:52:14"}
{"level":"info","message":"Installing package - 5%","timestamp":"2024-12-24 17:52:14"}
{"level":"info","message":"Installing package - 6%","timestamp":"2024-12-24 17:52:14"}
{"level":"info","message":"Installing package - 7%","timestamp":"2024-12-24 17:52:14"}
{"level":"info","message":"Installing package - 8%","timestamp":"2024-12-24 17:52:14"}
{"level":"info","message":"Installing package - 9%","timestamp":"2024-12-24 17:52:14"}
{"level":"info","message":"Installing package - 10%","timestamp":"2024-12-24 17:52:14"}
{"level":"info","message":"Installing package - 11%","timestamp":"2024-12-24 17:52:14"}
{"level":"info","message":"Installing package - 12%","timestamp":"2024-12-24 17:52:14"}
{"level":"info","message":"Installing package - 13%","timestamp":"2024-12-24 17:52:14"}
{"level":"info","message":"Installing package - 14%","timestamp":"2024-12-24 17:52:14"}
{"level":"info","message":"Installing package - 15%","timestamp":"2024-12-24 17:52:14"}
{"level":"info","message":"Installing package - 16%","timestamp":"2024-12-24 17:52:14"}
{"level":"info","message":"Installing package - 17%","timestamp":"2024-12-24 17:52:15"}
{"level":"info","message":"Installing package - 18%","timestamp":"2024-12-24 17:52:15"}
{"level":"info","message":"Installing package - 19%","timestamp":"2024-12-24 17:52:15"}
{"level":"info","message":"Installing package - 20%","timestamp":"2024-12-24 17:52:15"}
{"level":"info","message":"Installing package - 21%","timestamp":"2024-12-24 17:52:15"}
{"level":"info","message":"Installing package - 22%","timestamp":"2024-12-24 17:52:15"}
{"level":"info","message":"Installing package - 23%","timestamp":"2024-12-24 17:52:15"}
{"level":"info","message":"Installing package - 24%","timestamp":"2024-12-24 17:52:15"}
{"level":"info","message":"Installing package - 25%","timestamp":"2024-12-24 17:52:15"}
{"level":"info","message":"Installing package - 26%","timestamp":"2024-12-24 17:52:15"}
{"level":"info","message":"Installing package - 27%","timestamp":"2024-12-24 17:52:15"}
{"level":"info","message":"Installing package - 28%","timestamp":"2024-12-24 17:52:15"}
{"level":"info","message":"Installing package - 29%","timestamp":"2024-12-24 17:52:15"}
{"level":"info","message":"Installing package - 30%","timestamp":"2024-12-24 17:52:16"}
{"level":"info","message":"Installing package - 31%","timestamp":"2024-12-24 17:52:16"}
{"level":"info","message":"Installing package - 32%","timestamp":"2024-12-24 17:52:16"}
{"level":"info","message":"Installing package - 33%","timestamp":"2024-12-24 17:52:16"}
{"level":"info","message":"Installing package - 34%","timestamp":"2024-12-24 17:52:16"}
{"level":"info","message":"Installing package - 35%","timestamp":"2024-12-24 17:52:16"}
{"level":"info","message":"Installing package - 36%","timestamp":"2024-12-24 17:52:16"}
{"level":"info","message":"Installing package - 37%","timestamp":"2024-12-24 17:52:16"}
{"level":"info","message":"Installing package - 38%","timestamp":"2024-12-24 17:52:16"}
{"level":"info","message":"Installing package - 39%","timestamp":"2024-12-24 17:52:16"}
{"level":"info","message":"Installing package - 40%","timestamp":"2024-12-24 17:52:16"}
{"level":"info","message":"Installing package - 41%","timestamp":"2024-12-24 17:52:16"}
{"level":"info","message":"Installing package - 42%","timestamp":"2024-12-24 17:52:16"}
{"level":"info","message":"Installing package - 43%","timestamp":"2024-12-24 17:52:16"}
{"level":"info","message":"Installing package - 44%","timestamp":"2024-12-24 17:52:16"}
{"level":"info","message":"Installing package - 45%","timestamp":"2024-12-24 17:52:16"}
{"level":"info","message":"Installing package - 46%","timestamp":"2024-12-24 17:52:16"}
{"level":"info","message":"Installing package - 47%","timestamp":"2024-12-24 17:52:16"}
{"level":"info","message":"Installing package - 48%","timestamp":"2024-12-24 17:52:16"}
{"level":"info","message":"Installing package - 49%","timestamp":"2024-12-24 17:52:17"}
{"level":"info","message":"Installing package - 50%","timestamp":"2024-12-24 17:52:17"}
{"level":"info","message":"Installing package - 51%","timestamp":"2024-12-24 17:52:17"}
{"level":"info","message":"Installing package - 52%","timestamp":"2024-12-24 17:52:17"}
{"level":"info","message":"Installing package - 53%","timestamp":"2024-12-24 17:52:17"}
{"level":"info","message":"Installing package - 54%","timestamp":"2024-12-24 17:52:17"}
{"level":"info","message":"Installing package - 55%","timestamp":"2024-12-24 17:52:17"}
{"level":"info","message":"Installing package - 56%","timestamp":"2024-12-24 17:52:17"}
{"level":"info","message":"Installing package - 57%","timestamp":"2024-12-24 17:52:17"}
{"level":"info","message":"Installing package - 58%","timestamp":"2024-12-24 17:52:17"}
{"level":"info","message":"Installing package - 59%","timestamp":"2024-12-24 17:52:17"}
{"level":"info","message":"Installing package - 60%","timestamp":"2024-12-24 17:52:17"}
{"level":"info","message":"Installing package - 61%","timestamp":"2024-12-24 17:52:17"}
{"level":"info","message":"Installing package - 62%","timestamp":"2024-12-24 17:52:18"}
{"level":"info","message":"Installing package - 63%","timestamp":"2024-12-24 17:52:18"}
{"level":"info","message":"Installing package - 64%","timestamp":"2024-12-24 17:52:18"}
{"level":"info","message":"Installing package - 65%","timestamp":"2024-12-24 17:52:18"}
{"level":"info","message":"Installing package - 66%","timestamp":"2024-12-24 17:52:18"}
{"level":"info","message":"Installing package - 67%","timestamp":"2024-12-24 17:52:18"}
{"level":"info","message":"Installing package - 68%","timestamp":"2024-12-24 17:52:19"}
{"level":"info","message":"Installing package - 69%","timestamp":"2024-12-24 17:52:19"}
{"level":"info","message":"Installing package - 70%","timestamp":"2024-12-24 17:52:19"}
{"level":"info","message":"Installing package - 71%","timestamp":"2024-12-24 17:52:19"}
{"level":"info","message":"Installing package - 72%","timestamp":"2024-12-24 17:52:19"}
{"level":"info","message":"Installing package - 73%","timestamp":"2024-12-24 17:52:19"}
{"level":"info","message":"Installing package - 74%","timestamp":"2024-12-24 17:52:19"}
{"level":"info","message":"Installing package - 75%","timestamp":"2024-12-24 17:52:19"}
{"level":"info","message":"Installing package - 76%","timestamp":"2024-12-24 17:52:19"}
{"level":"info","message":"Installing package - 77%","timestamp":"2024-12-24 17:52:19"}
{"level":"info","message":"Installing package - 78%","timestamp":"2024-12-24 17:52:19"}
{"level":"info","message":"Installing package - 79%","timestamp":"2024-12-24 17:52:19"}
{"level":"info","message":"Installing package - 80%","timestamp":"2024-12-24 17:52:19"}
{"level":"info","message":"Installing package - 81%","timestamp":"2024-12-24 17:52:19"}
{"level":"info","message":"Installing package - 82%","timestamp":"2024-12-24 17:52:20"}
{"level":"info","message":"Installing package - 83%","timestamp":"2024-12-24 17:52:20"}
{"level":"info","message":"Installing package - 84%","timestamp":"2024-12-24 17:52:20"}
{"level":"info","message":"Installing package - 85%","timestamp":"2024-12-24 17:52:20"}
{"level":"info","message":"Installing package - 86%","timestamp":"2024-12-24 17:52:21"}
{"level":"info","message":"Installing package - 87%","timestamp":"2024-12-24 17:52:21"}
{"level":"info","message":"Installing package - 88%","timestamp":"2024-12-24 17:52:22"}
{"level":"info","message":"Installing package - 89%","timestamp":"2024-12-24 17:52:22"}
{"level":"info","message":"Installing package - 90%","timestamp":"2024-12-24 17:52:22"}
{"level":"info","message":"Installing package - 91%","timestamp":"2024-12-24 17:52:23"}
{"level":"info","message":"Installing package - 92%","timestamp":"2024-12-24 17:52:23"}
{"level":"info","message":"Installing package - 93%","timestamp":"2024-12-24 17:52:23"}
{"level":"info","message":"Installing package - 94%","timestamp":"2024-12-24 17:52:23"}
{"level":"info","message":"Installing package - 95%","timestamp":"2024-12-24 17:52:23"}
{"level":"info","message":"Installing package - 96%","timestamp":"2024-12-24 17:52:24"}
{"level":"info","message":"Installing package - 97%","timestamp":"2024-12-24 17:52:24"}
{"level":"info","message":"Installing package - 98%","timestamp":"2024-12-24 17:52:24"}
{"level":"info","message":"Installing package - 99%","timestamp":"2024-12-24 17:52:24"}
{"level":"info","message":"Installing package - 100%","timestamp":"2024-12-24 17:52:24"}
{"level":"info","message":"Installed module _CodeMirror","timestamp":"2024-12-24 17:52:24"}
{"level":"info","message":"complete - 100%","timestamp":"2024-12-24 17:52:24"}
{"level":"info","message":"Downloading package - 8%","timestamp":"2024-12-24 17:54:39"}
{"level":"info","message":"Downloading package - 16%","timestamp":"2024-12-24 17:54:39"}
{"level":"info","message":"Downloading package - 24%","timestamp":"2024-12-24 17:54:39"}
{"level":"info","message":"Downloading package - 33%","timestamp":"2024-12-24 17:54:39"}
{"level":"info","message":"Downloading package - 41%","timestamp":"2024-12-24 17:54:39"}
{"level":"info","message":"Downloading package - 49%","timestamp":"2024-12-24 17:54:39"}
{"level":"info","message":"Downloading package - 57%","timestamp":"2024-12-24 17:54:39"}
{"level":"info","message":"Downloading package - 65%","timestamp":"2024-12-24 17:54:39"}
{"level":"info","message":"Downloading package - 73%","timestamp":"2024-12-24 17:54:39"}
{"level":"info","message":"Downloading package - 82%","timestamp":"2024-12-24 17:54:39"}
{"level":"info","message":"Downloading package - 90%","timestamp":"2024-12-24 17:54:39"}
{"level":"info","message":"Downloading package - 98%","timestamp":"2024-12-24 17:54:39"}
{"level":"info","message":"Downloading package - 100%","timestamp":"2024-12-24 17:54:39"}
{"level":"info","message":"Installing package - 5%","timestamp":"2024-12-24 17:54:39"}
{"level":"info","message":"Installing package - 11%","timestamp":"2024-12-24 17:54:39"}
{"level":"info","message":"Installing package - 16%","timestamp":"2024-12-24 17:54:39"}
{"level":"info","message":"Installing package - 21%","timestamp":"2024-12-24 17:54:39"}
{"level":"info","message":"Installing package - 26%","timestamp":"2024-12-24 17:54:39"}
{"level":"info","message":"Installing package - 32%","timestamp":"2024-12-24 17:54:39"}
{"level":"info","message":"Installing package - 37%","timestamp":"2024-12-24 17:54:39"}
{"level":"info","message":"Installing package - 42%","timestamp":"2024-12-24 17:54:39"}
{"level":"info","message":"Installing package - 47%","timestamp":"2024-12-24 17:54:39"}
{"level":"info","message":"Installing package - 53%","timestamp":"2024-12-24 17:54:39"}
{"level":"info","message":"Installing package - 58%","timestamp":"2024-12-24 17:54:39"}
{"level":"info","message":"Installing package - 63%","timestamp":"2024-12-24 17:54:39"}
{"level":"info","message":"Installing package - 68%","timestamp":"2024-12-24 17:54:39"}
{"level":"info","message":"Installing package - 74%","timestamp":"2024-12-24 17:54:39"}
{"level":"info","message":"Installing package - 79%","timestamp":"2024-12-24 17:54:39"}
{"level":"info","message":"Installing package - 84%","timestamp":"2024-12-24 17:54:39"}
{"level":"info","message":"Installing package - 89%","timestamp":"2024-12-24 17:54:39"}
{"level":"info","message":"Installing package - 95%","timestamp":"2024-12-24 17:54:39"}
{"level":"info","message":"Installing package - 100%","timestamp":"2024-12-24 17:54:39"}
{"level":"info","message":"Installed module gm-notes","timestamp":"2024-12-24 17:54:39"}
{"level":"info","message":"complete - 100%","timestamp":"2024-12-24 17:54:39"}
{"level":"info","message":"Shutting down Foundry Virtual Tabletop server","timestamp":"2024-12-24 17:55:21"}
{"level":"info","message":"Shut-down success. Goodbye!","timestamp":"2024-12-24 17:55:21"}
{"level":"info","message":"Running on Node.js - Version 20.9.0","timestamp":"2024-12-24 23:50:56"}
{"level":"info","message":"Foundry Virtual Tabletop - Version 12 Build 331","timestamp":"2024-12-24 23:50:56"}
{"level":"info","message":"User Data Directory - \"C:/Users/ADMIN/Documents/Our Vault/Foundry\"","timestamp":"2024-12-24 23:50:56"}
{"level":"info","message":"Application Options:\n{\n  \"compressStatic\": true,\n  \"fullscreen\": false,\n  \"hostname\": null,\n  \"language\": \"en.core\",\n  \"localHostname\": null,\n  \"port\": 30000,\n  \"protocol\": null,\n  \"proxyPort\": null,\n  \"proxySSL\": false,\n  \"routePrefix\": null,\n  \"updateChannel\": \"stable\",\n  \"upnp\": true,\n  \"upnpLeaseDuration\": null,\n  \"awsConfig\": null,\n  \"compressSocket\": true,\n  \"cssTheme\": \"foundry\",\n  \"deleteNEDB\": false,\n  \"hotReload\": false,\n  \"passwordSalt\": null,\n  \"sslCert\": null,\n  \"sslKey\": null,\n  \"world\": null,\n  \"serviceConfig\": null,\n  \"telemetry\": true,\n  \"adminPassword\": null,\n  \"noBackups\": false\n}","timestamp":"2024-12-24 23:50:56"}
{"level":"info","message":"Software license verification succeeded","timestamp":"2024-12-24 23:50:56"}
{"level":"info","message":"Requesting UPnP port forwarding to destination port 30000","timestamp":"2024-12-24 23:50:56"}
{"level":"info","message":"Running Electron application with version 29.4.0 using Chromium 122.0.6261.156","timestamp":"2024-12-24 23:50:56"}
{"level":"info","message":"Server started and listening on port 30000","timestamp":"2024-12-24 23:50:56"}
{"level":"info","message":"Created client session 3501e75d45c076b36bf12e96","timestamp":"2024-12-24 23:50:57"}
{"level":"warn","message":"The module \"gm-screen\" contains \"dependencies\" which is deprecated in favor of \"relationships.requires\"\nDeprecated since Version 10\nBackwards-compatible support will be removed in Version 13","timestamp":"2024-12-24 23:50:57"}
{"level":"warn","message":"The module \"gm-screen\" contains \"dependencies\" which is deprecated in favor of \"relationships.requires\"\nDeprecated since Version 10\nBackwards-compatible support will be removed in Version 13","timestamp":"2024-12-24 23:52:10"}
{"level":"info","message":"Connected to database \"actors\"","timestamp":"2024-12-24 23:52:10"}
{"level":"info","message":"Launching World | Loading World Data - 7%","timestamp":"2024-12-24 23:52:10"}
{"level":"info","message":"Connected to database \"cards\"","timestamp":"2024-12-24 23:52:10"}
{"level":"info","message":"Launching World | Loading World Data - 14%","timestamp":"2024-12-24 23:52:10"}
{"level":"info","message":"Connected to database \"messages\"","timestamp":"2024-12-24 23:52:10"}
{"level":"info","message":"Launching World | Loading World Data - 21%","timestamp":"2024-12-24 23:52:10"}
{"level":"info","message":"Connected to database \"combats\"","timestamp":"2024-12-24 23:52:10"}
{"level":"info","message":"Launching World | Loading World Data - 29%","timestamp":"2024-12-24 23:52:10"}
{"level":"info","message":"Connected to database \"fog\"","timestamp":"2024-12-24 23:52:10"}
{"level":"info","message":"Launching World | Loading World Data - 36%","timestamp":"2024-12-24 23:52:10"}
{"level":"info","message":"Connected to database \"folders\"","timestamp":"2024-12-24 23:52:10"}
{"level":"info","message":"Launching World | Loading World Data - 43%","timestamp":"2024-12-24 23:52:10"}
{"level":"info","message":"Connected to database \"items\"","timestamp":"2024-12-24 23:52:10"}
{"level":"info","message":"Launching World | Loading World Data - 50%","timestamp":"2024-12-24 23:52:10"}
{"level":"info","message":"Connected to database \"journal\"","timestamp":"2024-12-24 23:52:10"}
{"level":"info","message":"Launching World | Loading World Data - 57%","timestamp":"2024-12-24 23:52:10"}
{"level":"info","message":"Connected to database \"macros\"","timestamp":"2024-12-24 23:52:10"}
{"level":"info","message":"Launching World | Loading World Data - 64%","timestamp":"2024-12-24 23:52:10"}
{"level":"info","message":"Connected to database \"playlists\"","timestamp":"2024-12-24 23:52:10"}
{"level":"info","message":"Launching World | Loading World Data - 71%","timestamp":"2024-12-24 23:52:10"}
{"level":"info","message":"Connected to database \"tables\"","timestamp":"2024-12-24 23:52:10"}
{"level":"info","message":"Launching World | Loading World Data - 79%","timestamp":"2024-12-24 23:52:10"}
{"level":"info","message":"Connected to database \"scenes\"","timestamp":"2024-12-24 23:52:10"}
{"level":"info","message":"Launching World | Loading World Data - 86%","timestamp":"2024-12-24 23:52:10"}
{"level":"info","message":"Connected to database \"settings\"","timestamp":"2024-12-24 23:52:10"}
{"level":"info","message":"Launching World | Loading World Data - 93%","timestamp":"2024-12-24 23:52:10"}
{"level":"info","message":"Connected to database \"users\"","timestamp":"2024-12-24 23:52:10"}
{"level":"info","message":"Launching World | Loading World Data - 100%","timestamp":"2024-12-24 23:52:10"}
{"level":"info","message":"Launching World | Migrating World Data - 7%","timestamp":"2024-12-24 23:52:10"}
{"level":"info","message":"Launching World | Migrating World Data - 14%","timestamp":"2024-12-24 23:52:10"}
{"level":"info","message":"Launching World | Migrating World Data - 21%","timestamp":"2024-12-24 23:52:10"}
{"level":"info","message":"Launching World | Migrating World Data - 29%","timestamp":"2024-12-24 23:52:10"}
{"level":"info","message":"Launching World | Migrating World Data - 36%","timestamp":"2024-12-24 23:52:10"}
{"level":"info","message":"Launching World | Migrating World Data - 43%","timestamp":"2024-12-24 23:52:10"}
{"level":"info","message":"Launching World | Migrating World Data - 50%","timestamp":"2024-12-24 23:52:10"}
{"level":"info","message":"Launching World | Migrating World Data - 57%","timestamp":"2024-12-24 23:52:10"}
{"level":"info","message":"Launching World | Migrating World Data - 64%","timestamp":"2024-12-24 23:52:10"}
{"level":"info","message":"Launching World | Migrating World Data - 71%","timestamp":"2024-12-24 23:52:10"}
{"level":"info","message":"Launching World | Migrating World Data - 79%","timestamp":"2024-12-24 23:52:10"}
{"level":"info","message":"Launching World | Migrating World Data - 86%","timestamp":"2024-12-24 23:52:10"}
{"level":"info","message":"Launching World | Migrating World Data - 93%","timestamp":"2024-12-24 23:52:10"}
{"level":"info","message":"Launching World | Migrating World Data - 100%","timestamp":"2024-12-24 23:52:10"}
{"level":"info","message":"Connected to database \"world.random-roll-tables\"","timestamp":"2024-12-24 23:52:10"}
{"level":"info","message":"Created 0 Folder documents with ids: []","timestamp":"2024-12-24 23:52:10"}
{"level":"info","message":"Created Setting with id [woMjErsRJ1PGdL1O]","timestamp":"2024-12-24 23:52:10"}
{"level":"info","message":"Launching World | Complete","timestamp":"2024-12-24 23:52:10"}
{"level":"info","message":"Created client session f5fe6d94f18387622aeab4c1","timestamp":"2024-12-24 23:52:39"}
{"ip":"::ffff:127.186.63.200","level":"info","message":"User authentication successful for user Gamemaster","session":"f5fe6d94f18387622aeab4c1","timestamp":"2024-12-24 23:52:44"}
{"level":"info","message":"No system update for GURPS 4e Game Aid (Unofficial) is currently available.","timestamp":"2024-12-24 23:52:50"}
{"level":"info","message":"Vended World data to User [Qbeww56EkpVEOD1z] in 283ms","timestamp":"2024-12-24 23:52:50"}
{"level":"info","message":"Shutting down Foundry Virtual Tabletop server","timestamp":"2024-12-24 23:55:46"}
{"level":"info","message":"Shut-down success. Goodbye!","timestamp":"2024-12-24 23:55:46"}
