{"level":"info","message":"Running on Node.js - Version 20.14.0","timestamp":"2024-09-18 11:26:40"}
{"level":"info","message":"Foundry Virtual Tabletop - Version 12 Build 327","timestamp":"2024-09-18 11:26:40"}
{"level":"info","message":"User Data Directory - \"C:/Users/ADMIN/foundrydata\"","timestamp":"2024-09-18 11:26:40"}
{"level":"info","message":"Application Options:\n{\n  \"compressStatic\": true,\n  \"fullscreen\": false,\n  \"hostname\": null,\n  \"language\": \"en.core\",\n  \"localHostname\": null,\n  \"port\": 30000,\n  \"protocol\": null,\n  \"proxyPort\": null,\n  \"proxySSL\": false,\n  \"routePrefix\": null,\n  \"updateChannel\": \"stable\",\n  \"upnp\": true,\n  \"upnpLeaseDuration\": null,\n  \"awsConfig\": null,\n  \"compressSocket\": true,\n  \"cssTheme\": \"foundry\",\n  \"deleteNEDB\": false,\n  \"hotReload\": false,\n  \"passwordSalt\": null,\n  \"sslCert\": null,\n  \"sslKey\": null,\n  \"world\": null,\n  \"serviceConfig\": null,\n  \"telemetry\": false,\n  \"adminPassword\": null,\n  \"noBackups\": false\n}","timestamp":"2024-09-18 11:26:40"}
{"level":"info","message":"Software license verification succeeded","timestamp":"2024-09-18 11:26:40"}
{"level":"info","message":"Requesting UPnP port forwarding to destination port 30000","timestamp":"2024-09-18 11:26:40"}
{"level":"info","message":"Server started and listening on port 30000","timestamp":"2024-09-18 11:26:40"}
{"level":"info","message":"Created client session 55f3426d2b43b5eb8ae5cdef","timestamp":"2024-09-18 13:01:08"}
{"level":"warn","message":"The module \"EEEG-Importer\" contains \"dependencies\" which is deprecated in favor of \"relationships.requires\"\nDeprecated since Version 10\nBackwards-compatible support will be removed in Version 13","timestamp":"2024-09-18 13:01:08"}
{"level":"warn","message":"The module \"EEEG-Importer\" is using the old flat core compatibility fields which are deprecated in favor of the new \"compatibility\" object\nDeprecated since Version 10\nBackwards-compatible support will be removed in Version 13","timestamp":"2024-09-18 13:01:08"}
{"level":"warn","message":"The module \"gm-screen\" contains \"dependencies\" which is deprecated in favor of \"relationships.requires\"\nDeprecated since Version 10\nBackwards-compatible support will be removed in Version 13","timestamp":"2024-09-18 13:01:08"}
{"level":"warn","message":"The module \"tokenmagic\" is using the old flat core compatibility fields which are deprecated in favor of the new \"compatibility\" object\nDeprecated since Version 10\nBackwards-compatible support will be removed in Version 13","timestamp":"2024-09-18 13:01:08"}
{"level":"warn","message":"module \"tokenmagic\" uses pack.entity which has been replaced with pack.type\nDeprecated since Version 9","timestamp":"2024-09-18 13:01:08"}
{"level":"info","message":"Core software stable update 12.331 is available!","timestamp":"2024-09-18 13:01:43"}
{"level":"warn","message":"The module \"EEEG-Importer\" contains \"dependencies\" which is deprecated in favor of \"relationships.requires\"\nDeprecated since Version 10\nBackwards-compatible support will be removed in Version 13","timestamp":"2024-09-18 13:32:18"}
{"level":"warn","message":"The module \"EEEG-Importer\" is using the old flat core compatibility fields which are deprecated in favor of the new \"compatibility\" object\nDeprecated since Version 10\nBackwards-compatible support will be removed in Version 13","timestamp":"2024-09-18 13:32:18"}
{"level":"warn","message":"The module \"gm-screen\" contains \"dependencies\" which is deprecated in favor of \"relationships.requires\"\nDeprecated since Version 10\nBackwards-compatible support will be removed in Version 13","timestamp":"2024-09-18 13:32:18"}
{"level":"warn","message":"The module \"tokenmagic\" is using the old flat core compatibility fields which are deprecated in favor of the new \"compatibility\" object\nDeprecated since Version 10\nBackwards-compatible support will be removed in Version 13","timestamp":"2024-09-18 13:32:18"}
{"level":"warn","message":"module \"tokenmagic\" uses pack.entity which has been replaced with pack.type\nDeprecated since Version 9","timestamp":"2024-09-18 13:32:18"}
{"level":"info","message":"Connected to database \"actors\"","timestamp":"2024-09-18 13:32:19"}
{"level":"info","message":"Launching World | Loading World Data - 7%","timestamp":"2024-09-18 13:32:19"}
{"level":"info","message":"Connected to database \"cards\"","timestamp":"2024-09-18 13:32:19"}
{"level":"info","message":"Launching World | Loading World Data - 14%","timestamp":"2024-09-18 13:32:19"}
{"level":"info","message":"Connected to database \"messages\"","timestamp":"2024-09-18 13:32:19"}
{"level":"info","message":"Launching World | Loading World Data - 21%","timestamp":"2024-09-18 13:32:19"}
{"level":"info","message":"Connected to database \"combats\"","timestamp":"2024-09-18 13:32:19"}
{"level":"info","message":"Launching World | Loading World Data - 29%","timestamp":"2024-09-18 13:32:19"}
{"level":"info","message":"Connected to database \"fog\"","timestamp":"2024-09-18 13:32:19"}
{"level":"info","message":"Launching World | Loading World Data - 36%","timestamp":"2024-09-18 13:32:19"}
{"level":"info","message":"Connected to database \"folders\"","timestamp":"2024-09-18 13:32:19"}
{"level":"info","message":"Launching World | Loading World Data - 43%","timestamp":"2024-09-18 13:32:19"}
{"level":"info","message":"Connected to database \"items\"","timestamp":"2024-09-18 13:32:19"}
{"level":"info","message":"Launching World | Loading World Data - 50%","timestamp":"2024-09-18 13:32:19"}
{"level":"info","message":"Connected to database \"journal\"","timestamp":"2024-09-18 13:32:19"}
{"level":"info","message":"Launching World | Loading World Data - 57%","timestamp":"2024-09-18 13:32:19"}
{"level":"info","message":"Connected to database \"macros\"","timestamp":"2024-09-18 13:32:19"}
{"level":"info","message":"Launching World | Loading World Data - 64%","timestamp":"2024-09-18 13:32:19"}
{"level":"info","message":"Connected to database \"playlists\"","timestamp":"2024-09-18 13:32:19"}
{"level":"info","message":"Launching World | Loading World Data - 71%","timestamp":"2024-09-18 13:32:19"}
{"level":"info","message":"Connected to database \"tables\"","timestamp":"2024-09-18 13:32:19"}
{"level":"info","message":"Launching World | Loading World Data - 79%","timestamp":"2024-09-18 13:32:19"}
{"level":"info","message":"Connected to database \"scenes\"","timestamp":"2024-09-18 13:32:19"}
{"level":"info","message":"Launching World | Loading World Data - 86%","timestamp":"2024-09-18 13:32:19"}
{"level":"info","message":"Connected to database \"settings\"","timestamp":"2024-09-18 13:32:19"}
{"level":"info","message":"Launching World | Loading World Data - 93%","timestamp":"2024-09-18 13:32:19"}
{"level":"info","message":"Connected to database \"users\"","timestamp":"2024-09-18 13:32:19"}
{"level":"info","message":"Launching World | Loading World Data - 100%","timestamp":"2024-09-18 13:32:19"}
{"level":"info","message":"Launching World | Migrating World Data - 7%","timestamp":"2024-09-18 13:32:19"}
{"level":"info","message":"Launching World | Migrating World Data - 14%","timestamp":"2024-09-18 13:32:19"}
{"level":"info","message":"Launching World | Migrating World Data - 21%","timestamp":"2024-09-18 13:32:19"}
{"level":"info","message":"Launching World | Migrating World Data - 29%","timestamp":"2024-09-18 13:32:19"}
{"level":"info","message":"Launching World | Migrating World Data - 36%","timestamp":"2024-09-18 13:32:19"}
{"level":"info","message":"Launching World | Migrating World Data - 43%","timestamp":"2024-09-18 13:32:19"}
{"level":"info","message":"Launching World | Migrating World Data - 50%","timestamp":"2024-09-18 13:32:19"}
{"level":"info","message":"Launching World | Migrating World Data - 57%","timestamp":"2024-09-18 13:32:19"}
{"level":"info","message":"Launching World | Migrating World Data - 64%","timestamp":"2024-09-18 13:32:19"}
{"level":"info","message":"Launching World | Migrating World Data - 71%","timestamp":"2024-09-18 13:32:19"}
{"level":"info","message":"Launching World | Migrating World Data - 79%","timestamp":"2024-09-18 13:32:19"}
{"level":"info","message":"Launching World | Migrating World Data - 86%","timestamp":"2024-09-18 13:32:19"}
{"level":"info","message":"Launching World | Migrating World Data - 93%","timestamp":"2024-09-18 13:32:19"}
{"level":"info","message":"Launching World | Migrating World Data - 100%","timestamp":"2024-09-18 13:32:19"}
{"level":"info","message":"Connected to database \"world.classes\"","timestamp":"2024-09-18 13:32:19"}
{"level":"info","message":"Launching World | Loading Package Data - 2%","timestamp":"2024-09-18 13:32:19"}
{"level":"info","message":"Connected to database \"world.races\"","timestamp":"2024-09-18 13:32:19"}
{"level":"info","message":"Launching World | Loading Package Data - 3%","timestamp":"2024-09-18 13:32:19"}
{"level":"info","message":"Connected to database \"world.AcquisitionsIncorporated-rollTable\"","timestamp":"2024-09-18 13:32:19"}
{"level":"info","message":"Launching World | Loading Package Data - 5%","timestamp":"2024-09-18 13:32:19"}
{"level":"info","message":"Connected to database \"world.EberronRising-rollTable\"","timestamp":"2024-09-18 13:32:19"}
{"level":"info","message":"Launching World | Loading Package Data - 6%","timestamp":"2024-09-18 13:32:19"}
{"level":"info","message":"Connected to database \"world.AdventuresLeague-rollTable\"","timestamp":"2024-09-18 13:32:19"}
{"level":"info","message":"Launching World | Loading Package Data - 8%","timestamp":"2024-09-18 13:32:19"}
{"level":"info","message":"Connected to database \"world.BaldursGateDescentIntoAvernus-rollTable\"","timestamp":"2024-09-18 13:32:19"}
{"level":"info","message":"Launching World | Loading Package Data - 9%","timestamp":"2024-09-18 13:32:19"}
{"level":"info","message":"Connected to database \"world.CurseOfStrahd-rollTable\"","timestamp":"2024-09-18 13:32:19"}
{"level":"info","message":"Launching World | Loading Package Data - 11%","timestamp":"2024-09-18 13:32:19"}
{"level":"info","message":"Connected to database \"world.ExplorersGuideWildemount-rollTable\"","timestamp":"2024-09-18 13:32:19"}
{"level":"info","message":"Launching World | Loading Package Data - 12%","timestamp":"2024-09-18 13:32:19"}
{"level":"info","message":"Connected to database \"world.Universal-backgrounds\"","timestamp":"2024-09-18 13:32:19"}
{"level":"info","message":"Launching World | Loading Package Data - 14%","timestamp":"2024-09-18 13:32:19"}
{"level":"info","message":"Connected to database \"world.Universal-rollTable\"","timestamp":"2024-09-18 13:32:19"}
{"level":"info","message":"Launching World | Loading Package Data - 15%","timestamp":"2024-09-18 13:32:19"}
{"level":"info","message":"Connected to database \"world.Universal-monsters\"","timestamp":"2024-09-18 13:32:19"}
{"level":"info","message":"Launching World | Loading Package Data - 17%","timestamp":"2024-09-18 13:32:20"}
{"level":"info","message":"Connected to database \"world.Universal-items\"","timestamp":"2024-09-18 13:32:20"}
{"level":"info","message":"Launching World | Loading Package Data - 18%","timestamp":"2024-09-18 13:32:20"}
{"level":"info","message":"Connected to database \"world.Universal-race\"","timestamp":"2024-09-18 13:32:20"}
{"level":"info","message":"Launching World | Loading Package Data - 20%","timestamp":"2024-09-18 13:32:20"}
{"level":"info","message":"Connected to database \"world.Universal-spells\"","timestamp":"2024-09-18 13:32:20"}
{"level":"info","message":"Launching World | Loading Package Data - 21%","timestamp":"2024-09-18 13:32:20"}
{"level":"info","message":"Connected to database \"world.Universal-feats\"","timestamp":"2024-09-18 13:32:20"}
{"level":"info","message":"Launching World | Loading Package Data - 23%","timestamp":"2024-09-18 13:32:20"}
{"level":"info","message":"Connected to database \"world.languages\"","timestamp":"2024-09-18 13:32:20"}
{"level":"info","message":"Launching World | Loading Package Data - 24%","timestamp":"2024-09-18 13:32:20"}
{"level":"info","message":"Connected to database \"world.class-features\"","timestamp":"2024-09-18 13:32:20"}
{"level":"info","message":"Launching World | Loading Package Data - 26%","timestamp":"2024-09-18 13:32:20"}
{"level":"info","message":"Connected to database \"world.xml-race\"","timestamp":"2024-09-18 13:32:20"}
{"level":"info","message":"Launching World | Loading Package Data - 27%","timestamp":"2024-09-18 13:32:20"}
{"level":"info","message":"Connected to database \"world.backgrounds\"","timestamp":"2024-09-18 13:32:20"}
{"level":"info","message":"Launching World | Loading Package Data - 29%","timestamp":"2024-09-18 13:32:20"}
{"level":"info","message":"Connected to database \"dnd5e.heroes\"","timestamp":"2024-09-18 13:32:20"}
{"level":"info","message":"Launching World | Loading Package Data - 30%","timestamp":"2024-09-18 13:32:20"}
{"level":"info","message":"Connected to database \"dnd5e.monsters\"","timestamp":"2024-09-18 13:32:20"}
{"level":"info","message":"Launching World | Loading Package Data - 32%","timestamp":"2024-09-18 13:32:20"}
{"level":"info","message":"Connected to database \"dnd5e.items\"","timestamp":"2024-09-18 13:32:20"}
{"level":"info","message":"Launching World | Loading Package Data - 33%","timestamp":"2024-09-18 13:32:20"}
{"level":"info","message":"Connected to database \"dnd5e.tradegoods\"","timestamp":"2024-09-18 13:32:20"}
{"level":"info","message":"Launching World | Loading Package Data - 35%","timestamp":"2024-09-18 13:32:20"}
{"level":"info","message":"Connected to database \"dnd5e.spells\"","timestamp":"2024-09-18 13:32:20"}
{"level":"info","message":"Launching World | Loading Package Data - 36%","timestamp":"2024-09-18 13:32:20"}
{"level":"info","message":"Connected to database \"dnd5e.backgrounds\"","timestamp":"2024-09-18 13:32:20"}
{"level":"info","message":"Launching World | Loading Package Data - 38%","timestamp":"2024-09-18 13:32:20"}
{"level":"info","message":"Connected to database \"dnd5e.classes\"","timestamp":"2024-09-18 13:32:20"}
{"level":"info","message":"Launching World | Loading Package Data - 39%","timestamp":"2024-09-18 13:32:20"}
{"level":"info","message":"Connected to database \"dnd5e.subclasses\"","timestamp":"2024-09-18 13:32:20"}
{"level":"info","message":"Launching World | Loading Package Data - 41%","timestamp":"2024-09-18 13:32:20"}
{"level":"info","message":"Connected to database \"dnd5e.classfeatures\"","timestamp":"2024-09-18 13:32:20"}
{"level":"info","message":"Launching World | Loading Package Data - 42%","timestamp":"2024-09-18 13:32:20"}
{"level":"info","message":"Connected to database \"dnd5e.races\"","timestamp":"2024-09-18 13:32:20"}
{"level":"info","message":"Launching World | Loading Package Data - 44%","timestamp":"2024-09-18 13:32:20"}
{"level":"info","message":"Connected to database \"dnd5e.monsterfeatures\"","timestamp":"2024-09-18 13:32:20"}
{"level":"info","message":"Launching World | Loading Package Data - 45%","timestamp":"2024-09-18 13:32:20"}
{"level":"info","message":"Connected to database \"dnd5e.rules\"","timestamp":"2024-09-18 13:32:20"}
{"level":"info","message":"Launching World | Loading Package Data - 47%","timestamp":"2024-09-18 13:32:20"}
{"level":"info","message":"Connected to database \"dnd5e.tables\"","timestamp":"2024-09-18 13:32:20"}
{"level":"info","message":"Launching World | Loading Package Data - 48%","timestamp":"2024-09-18 13:32:20"}
{"level":"info","message":"Connected to database \"advanced-macros.macros\"","timestamp":"2024-09-18 13:32:20"}
{"level":"info","message":"Launching World | Loading Package Data - 50%","timestamp":"2024-09-18 13:32:20"}
{"level":"info","message":"Connected to database \"boss-loot-assets-free.blfx-macros-free\"","timestamp":"2024-09-18 13:32:20"}
{"level":"info","message":"Launching World | Loading Package Data - 52%","timestamp":"2024-09-18 13:32:20"}
{"level":"info","message":"Connected to database \"combat-utility-belt.conditionsdnd5e\"","timestamp":"2024-09-18 13:32:20"}
{"level":"info","message":"Launching World | Loading Package Data - 53%","timestamp":"2024-09-18 13:32:20"}
{"level":"info","message":"Connected to database \"fxmaster.fxmaster\"","timestamp":"2024-09-18 13:32:20"}
{"level":"info","message":"Launching World | Loading Package Data - 55%","timestamp":"2024-09-18 13:32:20"}
{"level":"info","message":"Connected to database \"JB2A_DnD5e.jb2a-sequencer\"","timestamp":"2024-09-18 13:32:20"}
{"level":"info","message":"Launching World | Loading Package Data - 56%","timestamp":"2024-09-18 13:32:20"}
{"level":"info","message":"Connected to database \"JB2A_DnD5e.jb2a-actors\"","timestamp":"2024-09-18 13:32:20"}
{"level":"info","message":"Launching World | Loading Package Data - 58%","timestamp":"2024-09-18 13:32:20"}
{"level":"info","message":"Connected to database \"magicitems.magicitems\"","timestamp":"2024-09-18 13:32:20"}
{"level":"info","message":"Launching World | Loading Package Data - 59%","timestamp":"2024-09-18 13:32:20"}
{"level":"info","message":"Connected to database \"magicitems.magicitem-feats\"","timestamp":"2024-09-18 13:32:20"}
{"level":"info","message":"Launching World | Loading Package Data - 61%","timestamp":"2024-09-18 13:32:20"}
{"level":"info","message":"Connected to database \"magicitems.magicitem-tables\"","timestamp":"2024-09-18 13:32:20"}
{"level":"info","message":"Launching World | Loading Package Data - 62%","timestamp":"2024-09-18 13:32:20"}
{"level":"info","message":"Connected to database \"midi-item-showcase-community.misc-items\"","timestamp":"2024-09-18 13:32:20"}
{"level":"info","message":"Launching World | Loading Package Data - 64%","timestamp":"2024-09-18 13:32:20"}
{"level":"info","message":"Connected to database \"midi-item-showcase-community.misc-items-features\"","timestamp":"2024-09-18 13:32:20"}
{"level":"info","message":"Launching World | Loading Package Data - 65%","timestamp":"2024-09-18 13:32:20"}
{"level":"info","message":"Connected to database \"midi-item-showcase-community.misc-actors\"","timestamp":"2024-09-18 13:32:20"}
{"level":"info","message":"Launching World | Loading Package Data - 67%","timestamp":"2024-09-18 13:32:20"}
{"level":"info","message":"Connected to database \"midi-item-showcase-community.misc-actions\"","timestamp":"2024-09-18 13:32:20"}
{"level":"info","message":"Launching World | Loading Package Data - 68%","timestamp":"2024-09-18 13:32:20"}
{"level":"info","message":"Connected to database \"midi-item-showcase-community.misc-class-features\"","timestamp":"2024-09-18 13:32:20"}
{"level":"info","message":"Launching World | Loading Package Data - 70%","timestamp":"2024-09-18 13:32:20"}
{"level":"info","message":"Connected to database \"midi-item-showcase-community.misc-class-features-items\"","timestamp":"2024-09-18 13:32:20"}
{"level":"info","message":"Launching World | Loading Package Data - 71%","timestamp":"2024-09-18 13:32:20"}
{"level":"info","message":"Connected to database \"midi-item-showcase-community.misc-feats\"","timestamp":"2024-09-18 13:32:20"}
{"level":"info","message":"Launching World | Loading Package Data - 73%","timestamp":"2024-09-18 13:32:20"}
{"level":"info","message":"Connected to database \"midi-item-showcase-community.misc-monster-features\"","timestamp":"2024-09-18 13:32:20"}
{"level":"info","message":"Launching World | Loading Package Data - 74%","timestamp":"2024-09-18 13:32:20"}
{"level":"info","message":"Connected to database \"midi-item-showcase-community.misc-spell-items\"","timestamp":"2024-09-18 13:32:20"}
{"level":"info","message":"Launching World | Loading Package Data - 76%","timestamp":"2024-09-18 13:32:20"}
{"level":"info","message":"Connected to database \"midi-item-showcase-community.misc-unearthed-arcana\"","timestamp":"2024-09-18 13:32:20"}
{"level":"info","message":"Launching World | Loading Package Data - 77%","timestamp":"2024-09-18 13:32:20"}
{"level":"info","message":"Connected to database \"midi-item-showcase-community.misc-spells\"","timestamp":"2024-09-18 13:32:20"}
{"level":"info","message":"Launching World | Loading Package Data - 79%","timestamp":"2024-09-18 13:32:20"}
{"level":"info","message":"Connected to database \"midi-item-showcase-community.misc-homebrew\"","timestamp":"2024-09-18 13:32:20"}
{"level":"info","message":"Launching World | Loading Package Data - 80%","timestamp":"2024-09-18 13:32:20"}
{"level":"info","message":"Connected to database \"midi-item-showcase-community.misc-race-features\"","timestamp":"2024-09-18 13:32:20"}
{"level":"info","message":"Launching World | Loading Package Data - 82%","timestamp":"2024-09-18 13:32:20"}
{"level":"info","message":"Connected to database \"midi-qol.midiqol-sample-items\"","timestamp":"2024-09-18 13:32:20"}
{"level":"info","message":"Launching World | Loading Package Data - 83%","timestamp":"2024-09-18 13:32:20"}
{"level":"info","message":"Connected to database \"monks-active-tiles.active-tile-macros\"","timestamp":"2024-09-18 13:32:20"}
{"level":"info","message":"Launching World | Loading Package Data - 85%","timestamp":"2024-09-18 13:32:20"}
{"level":"info","message":"Connected to database \"monks-enhanced-journal.shop-names\"","timestamp":"2024-09-18 13:32:20"}
{"level":"info","message":"Launching World | Loading Package Data - 86%","timestamp":"2024-09-18 13:32:20"}
{"level":"info","message":"Connected to database \"monks-enhanced-journal.person-names\"","timestamp":"2024-09-18 13:32:20"}
{"level":"info","message":"Launching World | Loading Package Data - 88%","timestamp":"2024-09-18 13:32:20"}
{"level":"info","message":"Connected to database \"monks-shops.shop-items\"","timestamp":"2024-09-18 13:32:20"}
{"level":"info","message":"Launching World | Loading Package Data - 89%","timestamp":"2024-09-18 13:32:20"}
{"level":"info","message":"Connected to database \"monks-shops.shops-village\"","timestamp":"2024-09-18 13:32:20"}
{"level":"info","message":"Launching World | Loading Package Data - 91%","timestamp":"2024-09-18 13:32:20"}
{"level":"info","message":"Connected to database \"monks-shops.shops-town\"","timestamp":"2024-09-18 13:32:20"}
{"level":"info","message":"Launching World | Loading Package Data - 92%","timestamp":"2024-09-18 13:32:20"}
{"level":"info","message":"Connected to database \"monks-shops.shops-city\"","timestamp":"2024-09-18 13:32:21"}
{"level":"info","message":"Launching World | Loading Package Data - 94%","timestamp":"2024-09-18 13:32:21"}
{"level":"info","message":"Connected to database \"perceptive.perceptive\"","timestamp":"2024-09-18 13:32:21"}
{"level":"info","message":"Launching World | Loading Package Data - 95%","timestamp":"2024-09-18 13:32:21"}
{"level":"info","message":"Connected to database \"rest-recovery.exhaustion\"","timestamp":"2024-09-18 13:32:21"}
{"level":"info","message":"Launching World | Loading Package Data - 97%","timestamp":"2024-09-18 13:32:21"}
{"level":"info","message":"Connected to database \"tokenmagic.tmMacros\"","timestamp":"2024-09-18 13:32:21"}
{"level":"info","message":"Launching World | Loading Package Data - 98%","timestamp":"2024-09-18 13:32:21"}
{"level":"info","message":"Connected to database \"tokenmagic.tmSampleCompendium\"","timestamp":"2024-09-18 13:32:21"}
{"level":"info","message":"Launching World | Loading Package Data - 100%","timestamp":"2024-09-18 13:32:21"}
{"level":"info","message":"Created 0 Folder documents with ids: []","timestamp":"2024-09-18 13:32:21"}
{"level":"info","message":"Launching World | Migrating Package Data - 2%","timestamp":"2024-09-18 13:32:21"}
{"level":"info","message":"Launching World | Migrating Package Data - 3%","timestamp":"2024-09-18 13:32:21"}
{"level":"info","message":"Launching World | Migrating Package Data - 5%","timestamp":"2024-09-18 13:32:21"}
{"level":"info","message":"Launching World | Migrating Package Data - 6%","timestamp":"2024-09-18 13:32:21"}
{"level":"info","message":"Launching World | Migrating Package Data - 8%","timestamp":"2024-09-18 13:32:21"}
{"level":"info","message":"Launching World | Migrating Package Data - 9%","timestamp":"2024-09-18 13:32:21"}
{"level":"info","message":"Launching World | Migrating Package Data - 11%","timestamp":"2024-09-18 13:32:21"}
{"level":"info","message":"Launching World | Migrating Package Data - 12%","timestamp":"2024-09-18 13:32:21"}
{"level":"info","message":"Launching World | Migrating Package Data - 14%","timestamp":"2024-09-18 13:32:21"}
{"level":"info","message":"Launching World | Migrating Package Data - 15%","timestamp":"2024-09-18 13:32:21"}
{"level":"info","message":"Launching World | Migrating Package Data - 17%","timestamp":"2024-09-18 13:32:23"}
{"level":"info","message":"Launching World | Migrating Package Data - 18%","timestamp":"2024-09-18 13:32:23"}
{"level":"info","message":"Launching World | Migrating Package Data - 20%","timestamp":"2024-09-18 13:32:23"}
{"level":"info","message":"Launching World | Migrating Package Data - 21%","timestamp":"2024-09-18 13:32:23"}
{"level":"info","message":"Launching World | Migrating Package Data - 23%","timestamp":"2024-09-18 13:32:23"}
{"level":"info","message":"Launching World | Migrating Package Data - 24%","timestamp":"2024-09-18 13:32:23"}
{"level":"info","message":"Launching World | Migrating Package Data - 26%","timestamp":"2024-09-18 13:32:23"}
{"level":"info","message":"Launching World | Migrating Package Data - 27%","timestamp":"2024-09-18 13:32:23"}
{"level":"info","message":"Launching World | Migrating Package Data - 29%","timestamp":"2024-09-18 13:32:23"}
{"level":"info","message":"Launching World | Migrating Package Data - 30%","timestamp":"2024-09-18 13:32:23"}
{"level":"info","message":"Launching World | Migrating Package Data - 32%","timestamp":"2024-09-18 13:32:23"}
{"level":"info","message":"Launching World | Migrating Package Data - 33%","timestamp":"2024-09-18 13:32:23"}
{"level":"info","message":"Launching World | Migrating Package Data - 35%","timestamp":"2024-09-18 13:32:23"}
{"level":"info","message":"Launching World | Migrating Package Data - 36%","timestamp":"2024-09-18 13:32:23"}
{"level":"info","message":"Launching World | Migrating Package Data - 38%","timestamp":"2024-09-18 13:32:23"}
{"level":"info","message":"Launching World | Migrating Package Data - 39%","timestamp":"2024-09-18 13:32:23"}
{"level":"info","message":"Launching World | Migrating Package Data - 41%","timestamp":"2024-09-18 13:32:23"}
{"level":"info","message":"Launching World | Migrating Package Data - 42%","timestamp":"2024-09-18 13:32:23"}
{"level":"info","message":"Launching World | Migrating Package Data - 44%","timestamp":"2024-09-18 13:32:23"}
{"level":"info","message":"Launching World | Migrating Package Data - 45%","timestamp":"2024-09-18 13:32:23"}
{"level":"info","message":"Launching World | Migrating Package Data - 47%","timestamp":"2024-09-18 13:32:23"}
{"level":"info","message":"Launching World | Migrating Package Data - 48%","timestamp":"2024-09-18 13:32:23"}
{"level":"info","message":"Launching World | Migrating Package Data - 50%","timestamp":"2024-09-18 13:32:23"}
{"level":"info","message":"Launching World | Migrating Package Data - 52%","timestamp":"2024-09-18 13:32:23"}
{"level":"info","message":"Launching World | Migrating Package Data - 53%","timestamp":"2024-09-18 13:32:23"}
{"level":"info","message":"Launching World | Migrating Package Data - 55%","timestamp":"2024-09-18 13:32:23"}
{"level":"info","message":"Launching World | Migrating Package Data - 56%","timestamp":"2024-09-18 13:32:23"}
{"level":"info","message":"Launching World | Migrating Package Data - 58%","timestamp":"2024-09-18 13:32:23"}
{"level":"info","message":"Launching World | Migrating Package Data - 59%","timestamp":"2024-09-18 13:32:23"}
{"level":"info","message":"Launching World | Migrating Package Data - 61%","timestamp":"2024-09-18 13:32:23"}
{"level":"info","message":"Launching World | Migrating Package Data - 62%","timestamp":"2024-09-18 13:32:23"}
{"level":"info","message":"Launching World | Migrating Package Data - 64%","timestamp":"2024-09-18 13:32:23"}
{"level":"info","message":"Launching World | Migrating Package Data - 65%","timestamp":"2024-09-18 13:32:23"}
{"level":"info","message":"Launching World | Migrating Package Data - 67%","timestamp":"2024-09-18 13:32:23"}
{"level":"info","message":"Launching World | Migrating Package Data - 68%","timestamp":"2024-09-18 13:32:23"}
{"level":"info","message":"Launching World | Migrating Package Data - 70%","timestamp":"2024-09-18 13:32:23"}
{"level":"info","message":"Launching World | Migrating Package Data - 71%","timestamp":"2024-09-18 13:32:23"}
{"level":"info","message":"Launching World | Migrating Package Data - 73%","timestamp":"2024-09-18 13:32:23"}
{"level":"info","message":"Launching World | Migrating Package Data - 74%","timestamp":"2024-09-18 13:32:23"}
{"level":"info","message":"Launching World | Migrating Package Data - 76%","timestamp":"2024-09-18 13:32:23"}
{"level":"info","message":"Launching World | Migrating Package Data - 77%","timestamp":"2024-09-18 13:32:23"}
{"level":"info","message":"Launching World | Migrating Package Data - 79%","timestamp":"2024-09-18 13:32:23"}
{"level":"info","message":"Launching World | Migrating Package Data - 80%","timestamp":"2024-09-18 13:32:23"}
{"level":"info","message":"Launching World | Migrating Package Data - 82%","timestamp":"2024-09-18 13:32:23"}
{"level":"info","message":"Launching World | Migrating Package Data - 83%","timestamp":"2024-09-18 13:32:23"}
{"level":"info","message":"Launching World | Migrating Package Data - 85%","timestamp":"2024-09-18 13:32:23"}
{"level":"info","message":"Launching World | Migrating Package Data - 86%","timestamp":"2024-09-18 13:32:23"}
{"level":"info","message":"Launching World | Migrating Package Data - 88%","timestamp":"2024-09-18 13:32:23"}
{"level":"info","message":"Launching World | Migrating Package Data - 89%","timestamp":"2024-09-18 13:32:23"}
{"level":"info","message":"Launching World | Migrating Package Data - 91%","timestamp":"2024-09-18 13:32:23"}
{"level":"info","message":"Launching World | Migrating Package Data - 92%","timestamp":"2024-09-18 13:32:23"}
{"level":"info","message":"Launching World | Migrating Package Data - 94%","timestamp":"2024-09-18 13:32:23"}
{"level":"info","message":"Launching World | Migrating Package Data - 95%","timestamp":"2024-09-18 13:32:23"}
{"level":"info","message":"Launching World | Migrating Package Data - 97%","timestamp":"2024-09-18 13:32:23"}
{"level":"info","message":"Launching World | Migrating Package Data - 98%","timestamp":"2024-09-18 13:32:23"}
{"level":"info","message":"Launching World | Migrating Package Data - 100%","timestamp":"2024-09-18 13:32:23"}
{"level":"info","message":"Launching World | Complete","timestamp":"2024-09-18 13:32:23"}
{"ip":"::ffff:127.186.63.200","level":"info","message":"User authentication successful for user Gamemaster","session":"55f3426d2b43b5eb8ae5cdef","timestamp":"2024-09-18 13:49:55"}
{"level":"info","message":"Dungeons & Dragons Fifth Edition update 4.0.1 is now available!","timestamp":"2024-09-18 13:50:55"}
{"level":"info","message":"Vended World data to User [w9Ov9hnX4N0F1idt] in 1161ms","timestamp":"2024-09-18 13:50:55"}
{"level":"info","message":"Logged user w9Ov9hnX4N0F1idt out of active World","timestamp":"2024-09-18 13:51:21"}
{"ip":"::ffff:127.186.63.200","level":"info","message":"User authentication successful for user Gamemaster","session":"55f3426d2b43b5eb8ae5cdef","timestamp":"2024-09-18 13:51:25"}
{"level":"info","message":"Created client session 4ecf81fccb75f3ac4ad1a9c0","timestamp":"2024-09-18 13:52:03"}
{"level":"info","message":"Dungeons & Dragons Fifth Edition update 4.0.1 is now available!","timestamp":"2024-09-18 13:52:12"}
{"level":"info","message":"Vended World data to User [w9Ov9hnX4N0F1idt] in 975ms","timestamp":"2024-09-18 13:52:12"}
{"level":"info","message":"Created Folder with id [1schQCdMyzpZ7mKK]","timestamp":"2024-09-18 13:53:59"}
{"level":"info","message":"Created Folder with id [UWozMUrwrv8WpoJ7]","timestamp":"2024-09-18 13:54:07"}
{"level":"info","message":"Created Folder with id [6bzSnhtfwHPOJ9W4]","timestamp":"2024-09-18 13:54:14"}
{"level":"info","message":"Created JournalEntry with id [jCs0fmn9sxzpzbe8]","timestamp":"2024-09-18 13:54:55"}
{"level":"info","message":"Created JournalEntryPage with id [HMfuE3u8LUWvDx2V] in parent JournalEntry [jCs0fmn9sxzpzbe8]","timestamp":"2024-09-18 13:54:56"}
{"level":"debug","message":"Starting edit session for user 'w9Ov9hnX4N0F1idt' and instance 'JournalEntry.jCs0fmn9sxzpzbe8.JournalEntryPage.HMfuE3u8LUWvDx2V#text.content'.","timestamp":"2024-09-18 13:55:02"}
{"level":"debug","message":"Broadcasting autosave update for instance 'JournalEntry.jCs0fmn9sxzpzbe8.JournalEntryPage.HMfuE3u8LUWvDx2V#text.content'.","timestamp":"2024-09-18 13:56:02"}
{"level":"debug","message":"Broadcasting autosave update for instance 'JournalEntry.jCs0fmn9sxzpzbe8.JournalEntryPage.HMfuE3u8LUWvDx2V#text.content'.","timestamp":"2024-09-18 13:57:02"}
{"level":"debug","message":"Broadcasting autosave update for instance 'JournalEntry.jCs0fmn9sxzpzbe8.JournalEntryPage.HMfuE3u8LUWvDx2V#text.content'.","timestamp":"2024-09-18 13:58:02"}
{"level":"debug","message":"Broadcasting autosave update for instance 'JournalEntry.jCs0fmn9sxzpzbe8.JournalEntryPage.HMfuE3u8LUWvDx2V#text.content'.","timestamp":"2024-09-18 14:06:02"}
{"level":"debug","message":"Broadcasting autosave update for instance 'JournalEntry.jCs0fmn9sxzpzbe8.JournalEntryPage.HMfuE3u8LUWvDx2V#text.content'.","timestamp":"2024-09-18 14:07:02"}
{"level":"debug","message":"Retiring user 'w9Ov9hnX4N0F1idt' from editing session for instance 'JournalEntry.jCs0fmn9sxzpzbe8.JournalEntryPage.HMfuE3u8LUWvDx2V#text.content'.","timestamp":"2024-09-18 14:40:40"}
{"level":"debug","message":"Instance 'JournalEntry.jCs0fmn9sxzpzbe8.JournalEntryPage.HMfuE3u8LUWvDx2V#text.content' has no more active editors, cleaning up.","timestamp":"2024-09-18 14:40:40"}
{"level":"info","message":"Logged user w9Ov9hnX4N0F1idt out of active World","timestamp":"2024-09-18 15:48:11"}
{"level":"info","message":"Shutting down Foundry Virtual Tabletop server","timestamp":"2024-09-18 15:49:43"}
{"level":"info","message":"Running on Node.js - Version 20.14.0","timestamp":"2024-09-18 15:49:48"}
{"level":"info","message":"Foundry Virtual Tabletop - Version 12 Build 327","timestamp":"2024-09-18 15:49:48"}
{"level":"info","message":"User Data Directory - \"C:/Users/ADMIN/foundrydata\"","timestamp":"2024-09-18 15:49:48"}
{"level":"info","message":"Application Options:\n{\n  \"compressStatic\": true,\n  \"fullscreen\": false,\n  \"hostname\": null,\n  \"language\": \"en.core\",\n  \"localHostname\": null,\n  \"port\": 30000,\n  \"protocol\": null,\n  \"proxyPort\": null,\n  \"proxySSL\": false,\n  \"routePrefix\": null,\n  \"updateChannel\": \"stable\",\n  \"upnp\": true,\n  \"upnpLeaseDuration\": null,\n  \"awsConfig\": null,\n  \"compressSocket\": true,\n  \"cssTheme\": \"foundry\",\n  \"deleteNEDB\": false,\n  \"hotReload\": false,\n  \"passwordSalt\": null,\n  \"sslCert\": null,\n  \"sslKey\": null,\n  \"world\": null,\n  \"serviceConfig\": null,\n  \"telemetry\": false,\n  \"adminPassword\": null,\n  \"noBackups\": false\n}","timestamp":"2024-09-18 15:49:48"}
{"level":"info","message":"Software license verification succeeded","timestamp":"2024-09-18 15:49:48"}
{"level":"info","message":"Requesting UPnP port forwarding to destination port 30000","timestamp":"2024-09-18 15:49:48"}
{"level":"info","message":"Server started and listening on port 30000","timestamp":"2024-09-18 15:49:48"}
{"level":"info","message":"Created client session 770e90f987b9fb3a0098698e","timestamp":"2024-09-18 15:54:04"}
{"level":"warn","message":"The module \"EEEG-Importer\" contains \"dependencies\" which is deprecated in favor of \"relationships.requires\"\nDeprecated since Version 10\nBackwards-compatible support will be removed in Version 13","timestamp":"2024-09-18 15:54:04"}
{"level":"warn","message":"The module \"EEEG-Importer\" is using the old flat core compatibility fields which are deprecated in favor of the new \"compatibility\" object\nDeprecated since Version 10\nBackwards-compatible support will be removed in Version 13","timestamp":"2024-09-18 15:54:04"}
{"level":"warn","message":"The module \"gm-screen\" contains \"dependencies\" which is deprecated in favor of \"relationships.requires\"\nDeprecated since Version 10\nBackwards-compatible support will be removed in Version 13","timestamp":"2024-09-18 15:54:04"}
{"level":"warn","message":"The module \"tokenmagic\" is using the old flat core compatibility fields which are deprecated in favor of the new \"compatibility\" object\nDeprecated since Version 10\nBackwards-compatible support will be removed in Version 13","timestamp":"2024-09-18 15:54:04"}
{"level":"warn","message":"module \"tokenmagic\" uses pack.entity which has been replaced with pack.type\nDeprecated since Version 9","timestamp":"2024-09-18 15:54:04"}
{"level":"info","message":"Core software stable update 12.331 is available!","timestamp":"2024-09-18 15:54:46"}
{"level":"warn","message":"The module \"EEEG-Importer\" contains \"dependencies\" which is deprecated in favor of \"relationships.requires\"\nDeprecated since Version 10\nBackwards-compatible support will be removed in Version 13","timestamp":"2024-09-18 15:58:51"}
{"level":"warn","message":"The module \"EEEG-Importer\" is using the old flat core compatibility fields which are deprecated in favor of the new \"compatibility\" object\nDeprecated since Version 10\nBackwards-compatible support will be removed in Version 13","timestamp":"2024-09-18 15:58:51"}
{"level":"warn","message":"The module \"gm-screen\" contains \"dependencies\" which is deprecated in favor of \"relationships.requires\"\nDeprecated since Version 10\nBackwards-compatible support will be removed in Version 13","timestamp":"2024-09-18 15:58:51"}
{"level":"warn","message":"The module \"tokenmagic\" is using the old flat core compatibility fields which are deprecated in favor of the new \"compatibility\" object\nDeprecated since Version 10\nBackwards-compatible support will be removed in Version 13","timestamp":"2024-09-18 15:58:52"}
{"level":"warn","message":"module \"tokenmagic\" uses pack.entity which has been replaced with pack.type\nDeprecated since Version 9","timestamp":"2024-09-18 15:58:52"}
{"level":"info","message":"Connected to database \"actors\"","timestamp":"2024-09-18 15:58:52"}
{"level":"info","message":"Launching World | Loading World Data - 7%","timestamp":"2024-09-18 15:58:52"}
{"level":"info","message":"Connected to database \"cards\"","timestamp":"2024-09-18 15:58:52"}
{"level":"info","message":"Launching World | Loading World Data - 14%","timestamp":"2024-09-18 15:58:52"}
{"level":"info","message":"Connected to database \"messages\"","timestamp":"2024-09-18 15:58:52"}
{"level":"info","message":"Launching World | Loading World Data - 21%","timestamp":"2024-09-18 15:58:52"}
{"level":"info","message":"Connected to database \"combats\"","timestamp":"2024-09-18 15:58:52"}
{"level":"info","message":"Launching World | Loading World Data - 29%","timestamp":"2024-09-18 15:58:52"}
{"level":"info","message":"Connected to database \"fog\"","timestamp":"2024-09-18 15:58:52"}
{"level":"info","message":"Launching World | Loading World Data - 36%","timestamp":"2024-09-18 15:58:52"}
{"level":"info","message":"Connected to database \"folders\"","timestamp":"2024-09-18 15:58:52"}
{"level":"info","message":"Launching World | Loading World Data - 43%","timestamp":"2024-09-18 15:58:52"}
{"level":"info","message":"Connected to database \"items\"","timestamp":"2024-09-18 15:58:52"}
{"level":"info","message":"Launching World | Loading World Data - 50%","timestamp":"2024-09-18 15:58:52"}
{"level":"info","message":"Connected to database \"journal\"","timestamp":"2024-09-18 15:58:52"}
{"level":"info","message":"Launching World | Loading World Data - 57%","timestamp":"2024-09-18 15:58:52"}
{"level":"info","message":"Connected to database \"macros\"","timestamp":"2024-09-18 15:58:52"}
{"level":"info","message":"Launching World | Loading World Data - 64%","timestamp":"2024-09-18 15:58:52"}
{"level":"info","message":"Connected to database \"playlists\"","timestamp":"2024-09-18 15:58:52"}
{"level":"info","message":"Launching World | Loading World Data - 71%","timestamp":"2024-09-18 15:58:52"}
{"level":"info","message":"Connected to database \"tables\"","timestamp":"2024-09-18 15:58:52"}
{"level":"info","message":"Launching World | Loading World Data - 79%","timestamp":"2024-09-18 15:58:52"}
{"level":"info","message":"Connected to database \"scenes\"","timestamp":"2024-09-18 15:58:52"}
{"level":"info","message":"Launching World | Loading World Data - 86%","timestamp":"2024-09-18 15:58:52"}
{"level":"info","message":"Connected to database \"settings\"","timestamp":"2024-09-18 15:58:52"}
{"level":"info","message":"Launching World | Loading World Data - 93%","timestamp":"2024-09-18 15:58:52"}
{"level":"info","message":"Connected to database \"users\"","timestamp":"2024-09-18 15:58:52"}
{"level":"info","message":"Launching World | Loading World Data - 100%","timestamp":"2024-09-18 15:58:52"}
{"level":"info","message":"Launching World | Migrating World Data - 7%","timestamp":"2024-09-18 15:58:52"}
{"level":"info","message":"Launching World | Migrating World Data - 14%","timestamp":"2024-09-18 15:58:52"}
{"level":"info","message":"Launching World | Migrating World Data - 21%","timestamp":"2024-09-18 15:58:52"}
{"level":"info","message":"Launching World | Migrating World Data - 29%","timestamp":"2024-09-18 15:58:52"}
{"level":"info","message":"Launching World | Migrating World Data - 36%","timestamp":"2024-09-18 15:58:52"}
{"level":"info","message":"Launching World | Migrating World Data - 43%","timestamp":"2024-09-18 15:58:52"}
{"level":"info","message":"Launching World | Migrating World Data - 50%","timestamp":"2024-09-18 15:58:52"}
{"level":"info","message":"Launching World | Migrating World Data - 57%","timestamp":"2024-09-18 15:58:52"}
{"level":"info","message":"Launching World | Migrating World Data - 64%","timestamp":"2024-09-18 15:58:52"}
{"level":"info","message":"Launching World | Migrating World Data - 71%","timestamp":"2024-09-18 15:58:52"}
{"level":"info","message":"Launching World | Migrating World Data - 79%","timestamp":"2024-09-18 15:58:52"}
{"level":"info","message":"Launching World | Migrating World Data - 86%","timestamp":"2024-09-18 15:58:52"}
{"level":"info","message":"Launching World | Migrating World Data - 93%","timestamp":"2024-09-18 15:58:52"}
{"level":"info","message":"Launching World | Migrating World Data - 100%","timestamp":"2024-09-18 15:58:52"}
{"level":"info","message":"Connected to database \"world.classes\"","timestamp":"2024-09-18 15:58:52"}
{"level":"info","message":"Launching World | Loading Package Data - 2%","timestamp":"2024-09-18 15:58:52"}
{"level":"info","message":"Connected to database \"world.races\"","timestamp":"2024-09-18 15:58:52"}
{"level":"info","message":"Launching World | Loading Package Data - 3%","timestamp":"2024-09-18 15:58:52"}
{"level":"info","message":"Connected to database \"world.AcquisitionsIncorporated-rollTable\"","timestamp":"2024-09-18 15:58:52"}
{"level":"info","message":"Launching World | Loading Package Data - 5%","timestamp":"2024-09-18 15:58:52"}
{"level":"info","message":"Connected to database \"world.EberronRising-rollTable\"","timestamp":"2024-09-18 15:58:52"}
{"level":"info","message":"Launching World | Loading Package Data - 6%","timestamp":"2024-09-18 15:58:52"}
{"level":"info","message":"Connected to database \"world.AdventuresLeague-rollTable\"","timestamp":"2024-09-18 15:58:52"}
{"level":"info","message":"Launching World | Loading Package Data - 8%","timestamp":"2024-09-18 15:58:52"}
{"level":"info","message":"Connected to database \"world.BaldursGateDescentIntoAvernus-rollTable\"","timestamp":"2024-09-18 15:58:52"}
{"level":"info","message":"Launching World | Loading Package Data - 9%","timestamp":"2024-09-18 15:58:52"}
{"level":"info","message":"Connected to database \"world.CurseOfStrahd-rollTable\"","timestamp":"2024-09-18 15:58:52"}
{"level":"info","message":"Launching World | Loading Package Data - 11%","timestamp":"2024-09-18 15:58:52"}
{"level":"info","message":"Connected to database \"world.ExplorersGuideWildemount-rollTable\"","timestamp":"2024-09-18 15:58:52"}
{"level":"info","message":"Launching World | Loading Package Data - 12%","timestamp":"2024-09-18 15:58:52"}
{"level":"info","message":"Connected to database \"world.Universal-backgrounds\"","timestamp":"2024-09-18 15:58:52"}
{"level":"info","message":"Launching World | Loading Package Data - 14%","timestamp":"2024-09-18 15:58:52"}
{"level":"info","message":"Connected to database \"world.Universal-rollTable\"","timestamp":"2024-09-18 15:58:52"}
{"level":"info","message":"Launching World | Loading Package Data - 15%","timestamp":"2024-09-18 15:58:52"}
{"level":"info","message":"Connected to database \"world.Universal-monsters\"","timestamp":"2024-09-18 15:58:52"}
{"level":"info","message":"Launching World | Loading Package Data - 17%","timestamp":"2024-09-18 15:58:53"}
{"level":"info","message":"Connected to database \"world.Universal-items\"","timestamp":"2024-09-18 15:58:53"}
{"level":"info","message":"Launching World | Loading Package Data - 18%","timestamp":"2024-09-18 15:58:53"}
{"level":"info","message":"Connected to database \"world.Universal-race\"","timestamp":"2024-09-18 15:58:53"}
{"level":"info","message":"Launching World | Loading Package Data - 20%","timestamp":"2024-09-18 15:58:53"}
{"level":"info","message":"Connected to database \"world.Universal-spells\"","timestamp":"2024-09-18 15:58:53"}
{"level":"info","message":"Launching World | Loading Package Data - 21%","timestamp":"2024-09-18 15:58:53"}
{"level":"info","message":"Connected to database \"world.Universal-feats\"","timestamp":"2024-09-18 15:58:53"}
{"level":"info","message":"Launching World | Loading Package Data - 23%","timestamp":"2024-09-18 15:58:53"}
{"level":"info","message":"Connected to database \"world.languages\"","timestamp":"2024-09-18 15:58:53"}
{"level":"info","message":"Launching World | Loading Package Data - 24%","timestamp":"2024-09-18 15:58:53"}
{"level":"info","message":"Connected to database \"world.class-features\"","timestamp":"2024-09-18 15:58:53"}
{"level":"info","message":"Launching World | Loading Package Data - 26%","timestamp":"2024-09-18 15:58:53"}
{"level":"info","message":"Connected to database \"world.xml-race\"","timestamp":"2024-09-18 15:58:53"}
{"level":"info","message":"Launching World | Loading Package Data - 27%","timestamp":"2024-09-18 15:58:53"}
{"level":"info","message":"Connected to database \"world.backgrounds\"","timestamp":"2024-09-18 15:58:53"}
{"level":"info","message":"Launching World | Loading Package Data - 29%","timestamp":"2024-09-18 15:58:53"}
{"level":"info","message":"Connected to database \"dnd5e.heroes\"","timestamp":"2024-09-18 15:58:53"}
{"level":"info","message":"Launching World | Loading Package Data - 30%","timestamp":"2024-09-18 15:58:53"}
{"level":"info","message":"Connected to database \"dnd5e.monsters\"","timestamp":"2024-09-18 15:58:53"}
{"level":"info","message":"Launching World | Loading Package Data - 32%","timestamp":"2024-09-18 15:58:53"}
{"level":"info","message":"Connected to database \"dnd5e.items\"","timestamp":"2024-09-18 15:58:53"}
{"level":"info","message":"Launching World | Loading Package Data - 33%","timestamp":"2024-09-18 15:58:53"}
{"level":"info","message":"Connected to database \"dnd5e.tradegoods\"","timestamp":"2024-09-18 15:58:53"}
{"level":"info","message":"Launching World | Loading Package Data - 35%","timestamp":"2024-09-18 15:58:53"}
{"level":"info","message":"Connected to database \"dnd5e.spells\"","timestamp":"2024-09-18 15:58:53"}
{"level":"info","message":"Launching World | Loading Package Data - 36%","timestamp":"2024-09-18 15:58:53"}
{"level":"info","message":"Connected to database \"dnd5e.backgrounds\"","timestamp":"2024-09-18 15:58:53"}
{"level":"info","message":"Launching World | Loading Package Data - 38%","timestamp":"2024-09-18 15:58:53"}
{"level":"info","message":"Connected to database \"dnd5e.classes\"","timestamp":"2024-09-18 15:58:53"}
{"level":"info","message":"Launching World | Loading Package Data - 39%","timestamp":"2024-09-18 15:58:53"}
{"level":"info","message":"Connected to database \"dnd5e.subclasses\"","timestamp":"2024-09-18 15:58:53"}
{"level":"info","message":"Launching World | Loading Package Data - 41%","timestamp":"2024-09-18 15:58:53"}
{"level":"info","message":"Connected to database \"dnd5e.classfeatures\"","timestamp":"2024-09-18 15:58:53"}
{"level":"info","message":"Launching World | Loading Package Data - 42%","timestamp":"2024-09-18 15:58:53"}
{"level":"info","message":"Connected to database \"dnd5e.races\"","timestamp":"2024-09-18 15:58:53"}
{"level":"info","message":"Launching World | Loading Package Data - 44%","timestamp":"2024-09-18 15:58:53"}
{"level":"info","message":"Connected to database \"dnd5e.monsterfeatures\"","timestamp":"2024-09-18 15:58:53"}
{"level":"info","message":"Launching World | Loading Package Data - 45%","timestamp":"2024-09-18 15:58:53"}
{"level":"info","message":"Connected to database \"dnd5e.rules\"","timestamp":"2024-09-18 15:58:53"}
{"level":"info","message":"Launching World | Loading Package Data - 47%","timestamp":"2024-09-18 15:58:53"}
{"level":"info","message":"Connected to database \"dnd5e.tables\"","timestamp":"2024-09-18 15:58:53"}
{"level":"info","message":"Launching World | Loading Package Data - 48%","timestamp":"2024-09-18 15:58:53"}
{"level":"info","message":"Connected to database \"advanced-macros.macros\"","timestamp":"2024-09-18 15:58:53"}
{"level":"info","message":"Launching World | Loading Package Data - 50%","timestamp":"2024-09-18 15:58:53"}
{"level":"info","message":"Connected to database \"boss-loot-assets-free.blfx-macros-free\"","timestamp":"2024-09-18 15:58:53"}
{"level":"info","message":"Launching World | Loading Package Data - 52%","timestamp":"2024-09-18 15:58:53"}
{"level":"info","message":"Connected to database \"combat-utility-belt.conditionsdnd5e\"","timestamp":"2024-09-18 15:58:53"}
{"level":"info","message":"Launching World | Loading Package Data - 53%","timestamp":"2024-09-18 15:58:53"}
{"level":"info","message":"Connected to database \"fxmaster.fxmaster\"","timestamp":"2024-09-18 15:58:53"}
{"level":"info","message":"Launching World | Loading Package Data - 55%","timestamp":"2024-09-18 15:58:53"}
{"level":"info","message":"Connected to database \"JB2A_DnD5e.jb2a-sequencer\"","timestamp":"2024-09-18 15:58:53"}
{"level":"info","message":"Launching World | Loading Package Data - 56%","timestamp":"2024-09-18 15:58:53"}
{"level":"info","message":"Connected to database \"JB2A_DnD5e.jb2a-actors\"","timestamp":"2024-09-18 15:58:53"}
{"level":"info","message":"Launching World | Loading Package Data - 58%","timestamp":"2024-09-18 15:58:53"}
{"level":"info","message":"Connected to database \"magicitems.magicitems\"","timestamp":"2024-09-18 15:58:53"}
{"level":"info","message":"Launching World | Loading Package Data - 59%","timestamp":"2024-09-18 15:58:53"}
{"level":"info","message":"Connected to database \"magicitems.magicitem-feats\"","timestamp":"2024-09-18 15:58:53"}
{"level":"info","message":"Launching World | Loading Package Data - 61%","timestamp":"2024-09-18 15:58:53"}
{"level":"info","message":"Connected to database \"magicitems.magicitem-tables\"","timestamp":"2024-09-18 15:58:53"}
{"level":"info","message":"Launching World | Loading Package Data - 62%","timestamp":"2024-09-18 15:58:53"}
{"level":"info","message":"Connected to database \"midi-item-showcase-community.misc-items\"","timestamp":"2024-09-18 15:58:53"}
{"level":"info","message":"Launching World | Loading Package Data - 64%","timestamp":"2024-09-18 15:58:53"}
{"level":"info","message":"Connected to database \"midi-item-showcase-community.misc-items-features\"","timestamp":"2024-09-18 15:58:53"}
{"level":"info","message":"Launching World | Loading Package Data - 65%","timestamp":"2024-09-18 15:58:53"}
{"level":"info","message":"Connected to database \"midi-item-showcase-community.misc-actors\"","timestamp":"2024-09-18 15:58:53"}
{"level":"info","message":"Launching World | Loading Package Data - 67%","timestamp":"2024-09-18 15:58:53"}
{"level":"info","message":"Connected to database \"midi-item-showcase-community.misc-actions\"","timestamp":"2024-09-18 15:58:53"}
{"level":"info","message":"Launching World | Loading Package Data - 68%","timestamp":"2024-09-18 15:58:53"}
{"level":"info","message":"Connected to database \"midi-item-showcase-community.misc-class-features\"","timestamp":"2024-09-18 15:58:53"}
{"level":"info","message":"Launching World | Loading Package Data - 70%","timestamp":"2024-09-18 15:58:53"}
{"level":"info","message":"Connected to database \"midi-item-showcase-community.misc-class-features-items\"","timestamp":"2024-09-18 15:58:53"}
{"level":"info","message":"Launching World | Loading Package Data - 71%","timestamp":"2024-09-18 15:58:53"}
{"level":"info","message":"Connected to database \"midi-item-showcase-community.misc-feats\"","timestamp":"2024-09-18 15:58:53"}
{"level":"info","message":"Launching World | Loading Package Data - 73%","timestamp":"2024-09-18 15:58:53"}
{"level":"info","message":"Connected to database \"midi-item-showcase-community.misc-monster-features\"","timestamp":"2024-09-18 15:58:53"}
{"level":"info","message":"Launching World | Loading Package Data - 74%","timestamp":"2024-09-18 15:58:53"}
{"level":"info","message":"Connected to database \"midi-item-showcase-community.misc-spell-items\"","timestamp":"2024-09-18 15:58:53"}
{"level":"info","message":"Launching World | Loading Package Data - 76%","timestamp":"2024-09-18 15:58:53"}
{"level":"info","message":"Connected to database \"midi-item-showcase-community.misc-unearthed-arcana\"","timestamp":"2024-09-18 15:58:53"}
{"level":"info","message":"Launching World | Loading Package Data - 77%","timestamp":"2024-09-18 15:58:53"}
{"level":"info","message":"Connected to database \"midi-item-showcase-community.misc-spells\"","timestamp":"2024-09-18 15:58:53"}
{"level":"info","message":"Launching World | Loading Package Data - 79%","timestamp":"2024-09-18 15:58:53"}
{"level":"info","message":"Connected to database \"midi-item-showcase-community.misc-homebrew\"","timestamp":"2024-09-18 15:58:53"}
{"level":"info","message":"Launching World | Loading Package Data - 80%","timestamp":"2024-09-18 15:58:53"}
{"level":"info","message":"Connected to database \"midi-item-showcase-community.misc-race-features\"","timestamp":"2024-09-18 15:58:53"}
{"level":"info","message":"Launching World | Loading Package Data - 82%","timestamp":"2024-09-18 15:58:53"}
{"level":"info","message":"Connected to database \"midi-qol.midiqol-sample-items\"","timestamp":"2024-09-18 15:58:53"}
{"level":"info","message":"Launching World | Loading Package Data - 83%","timestamp":"2024-09-18 15:58:53"}
{"level":"info","message":"Connected to database \"monks-active-tiles.active-tile-macros\"","timestamp":"2024-09-18 15:58:53"}
{"level":"info","message":"Launching World | Loading Package Data - 85%","timestamp":"2024-09-18 15:58:53"}
{"level":"info","message":"Connected to database \"monks-enhanced-journal.shop-names\"","timestamp":"2024-09-18 15:58:53"}
{"level":"info","message":"Launching World | Loading Package Data - 86%","timestamp":"2024-09-18 15:58:53"}
{"level":"info","message":"Connected to database \"monks-enhanced-journal.person-names\"","timestamp":"2024-09-18 15:58:53"}
{"level":"info","message":"Launching World | Loading Package Data - 88%","timestamp":"2024-09-18 15:58:53"}
{"level":"info","message":"Connected to database \"monks-shops.shop-items\"","timestamp":"2024-09-18 15:58:53"}
{"level":"info","message":"Launching World | Loading Package Data - 89%","timestamp":"2024-09-18 15:58:53"}
{"level":"info","message":"Connected to database \"monks-shops.shops-village\"","timestamp":"2024-09-18 15:58:53"}
{"level":"info","message":"Launching World | Loading Package Data - 91%","timestamp":"2024-09-18 15:58:53"}
{"level":"info","message":"Connected to database \"monks-shops.shops-town\"","timestamp":"2024-09-18 15:58:53"}
{"level":"info","message":"Launching World | Loading Package Data - 92%","timestamp":"2024-09-18 15:58:53"}
{"level":"info","message":"Connected to database \"monks-shops.shops-city\"","timestamp":"2024-09-18 15:58:53"}
{"level":"info","message":"Launching World | Loading Package Data - 94%","timestamp":"2024-09-18 15:58:53"}
{"level":"info","message":"Connected to database \"perceptive.perceptive\"","timestamp":"2024-09-18 15:58:53"}
{"level":"info","message":"Launching World | Loading Package Data - 95%","timestamp":"2024-09-18 15:58:53"}
{"level":"info","message":"Connected to database \"rest-recovery.exhaustion\"","timestamp":"2024-09-18 15:58:53"}
{"level":"info","message":"Launching World | Loading Package Data - 97%","timestamp":"2024-09-18 15:58:53"}
{"level":"info","message":"Connected to database \"tokenmagic.tmMacros\"","timestamp":"2024-09-18 15:58:53"}
{"level":"info","message":"Launching World | Loading Package Data - 98%","timestamp":"2024-09-18 15:58:53"}
{"level":"info","message":"Connected to database \"tokenmagic.tmSampleCompendium\"","timestamp":"2024-09-18 15:58:53"}
{"level":"info","message":"Launching World | Loading Package Data - 100%","timestamp":"2024-09-18 15:58:53"}
{"level":"info","message":"Created 0 Folder documents with ids: []","timestamp":"2024-09-18 15:58:53"}
{"level":"info","message":"Launching World | Migrating Package Data - 2%","timestamp":"2024-09-18 15:58:53"}
{"level":"info","message":"Launching World | Migrating Package Data - 3%","timestamp":"2024-09-18 15:58:53"}
{"level":"info","message":"Launching World | Migrating Package Data - 5%","timestamp":"2024-09-18 15:58:53"}
{"level":"info","message":"Launching World | Migrating Package Data - 6%","timestamp":"2024-09-18 15:58:53"}
{"level":"info","message":"Launching World | Migrating Package Data - 8%","timestamp":"2024-09-18 15:58:53"}
{"level":"info","message":"Launching World | Migrating Package Data - 9%","timestamp":"2024-09-18 15:58:53"}
{"level":"info","message":"Launching World | Migrating Package Data - 11%","timestamp":"2024-09-18 15:58:53"}
{"level":"info","message":"Launching World | Migrating Package Data - 12%","timestamp":"2024-09-18 15:58:53"}
{"level":"info","message":"Launching World | Migrating Package Data - 14%","timestamp":"2024-09-18 15:58:53"}
{"level":"info","message":"Launching World | Migrating Package Data - 15%","timestamp":"2024-09-18 15:58:53"}
{"level":"info","message":"Launching World | Migrating Package Data - 17%","timestamp":"2024-09-18 15:58:55"}
{"level":"info","message":"Launching World | Migrating Package Data - 18%","timestamp":"2024-09-18 15:58:55"}
{"level":"info","message":"Launching World | Migrating Package Data - 20%","timestamp":"2024-09-18 15:58:55"}
{"level":"info","message":"Launching World | Migrating Package Data - 21%","timestamp":"2024-09-18 15:58:55"}
{"level":"info","message":"Launching World | Migrating Package Data - 23%","timestamp":"2024-09-18 15:58:55"}
{"level":"info","message":"Launching World | Migrating Package Data - 24%","timestamp":"2024-09-18 15:58:55"}
{"level":"info","message":"Launching World | Migrating Package Data - 26%","timestamp":"2024-09-18 15:58:55"}
{"level":"info","message":"Launching World | Migrating Package Data - 27%","timestamp":"2024-09-18 15:58:55"}
{"level":"info","message":"Launching World | Migrating Package Data - 29%","timestamp":"2024-09-18 15:58:55"}
{"level":"info","message":"Launching World | Migrating Package Data - 30%","timestamp":"2024-09-18 15:58:56"}
{"level":"info","message":"Launching World | Migrating Package Data - 32%","timestamp":"2024-09-18 15:58:56"}
{"level":"info","message":"Launching World | Migrating Package Data - 33%","timestamp":"2024-09-18 15:58:56"}
{"level":"info","message":"Launching World | Migrating Package Data - 35%","timestamp":"2024-09-18 15:58:56"}
{"level":"info","message":"Launching World | Migrating Package Data - 36%","timestamp":"2024-09-18 15:58:56"}
{"level":"info","message":"Launching World | Migrating Package Data - 38%","timestamp":"2024-09-18 15:58:56"}
{"level":"info","message":"Launching World | Migrating Package Data - 39%","timestamp":"2024-09-18 15:58:56"}
{"level":"info","message":"Launching World | Migrating Package Data - 41%","timestamp":"2024-09-18 15:58:56"}
{"level":"info","message":"Launching World | Migrating Package Data - 42%","timestamp":"2024-09-18 15:58:56"}
{"level":"info","message":"Launching World | Migrating Package Data - 44%","timestamp":"2024-09-18 15:58:56"}
{"level":"info","message":"Launching World | Migrating Package Data - 45%","timestamp":"2024-09-18 15:58:56"}
{"level":"info","message":"Launching World | Migrating Package Data - 47%","timestamp":"2024-09-18 15:58:56"}
{"level":"info","message":"Launching World | Migrating Package Data - 48%","timestamp":"2024-09-18 15:58:56"}
{"level":"info","message":"Launching World | Migrating Package Data - 50%","timestamp":"2024-09-18 15:58:56"}
{"level":"info","message":"Launching World | Migrating Package Data - 52%","timestamp":"2024-09-18 15:58:56"}
{"level":"info","message":"Launching World | Migrating Package Data - 53%","timestamp":"2024-09-18 15:58:56"}
{"level":"info","message":"Launching World | Migrating Package Data - 55%","timestamp":"2024-09-18 15:58:56"}
{"level":"info","message":"Launching World | Migrating Package Data - 56%","timestamp":"2024-09-18 15:58:56"}
{"level":"info","message":"Launching World | Migrating Package Data - 58%","timestamp":"2024-09-18 15:58:56"}
{"level":"info","message":"Launching World | Migrating Package Data - 59%","timestamp":"2024-09-18 15:58:56"}
{"level":"info","message":"Launching World | Migrating Package Data - 61%","timestamp":"2024-09-18 15:58:56"}
{"level":"info","message":"Launching World | Migrating Package Data - 62%","timestamp":"2024-09-18 15:58:56"}
{"level":"info","message":"Launching World | Migrating Package Data - 64%","timestamp":"2024-09-18 15:58:56"}
{"level":"info","message":"Launching World | Migrating Package Data - 65%","timestamp":"2024-09-18 15:58:56"}
{"level":"info","message":"Launching World | Migrating Package Data - 67%","timestamp":"2024-09-18 15:58:56"}
{"level":"info","message":"Launching World | Migrating Package Data - 68%","timestamp":"2024-09-18 15:58:56"}
{"level":"info","message":"Launching World | Migrating Package Data - 70%","timestamp":"2024-09-18 15:58:56"}
{"level":"info","message":"Launching World | Migrating Package Data - 71%","timestamp":"2024-09-18 15:58:56"}
{"level":"info","message":"Launching World | Migrating Package Data - 73%","timestamp":"2024-09-18 15:58:56"}
{"level":"info","message":"Launching World | Migrating Package Data - 74%","timestamp":"2024-09-18 15:58:56"}
{"level":"info","message":"Launching World | Migrating Package Data - 76%","timestamp":"2024-09-18 15:58:56"}
{"level":"info","message":"Launching World | Migrating Package Data - 77%","timestamp":"2024-09-18 15:58:56"}
{"level":"info","message":"Launching World | Migrating Package Data - 79%","timestamp":"2024-09-18 15:58:56"}
{"level":"info","message":"Launching World | Migrating Package Data - 80%","timestamp":"2024-09-18 15:58:56"}
{"level":"info","message":"Launching World | Migrating Package Data - 82%","timestamp":"2024-09-18 15:58:56"}
{"level":"info","message":"Launching World | Migrating Package Data - 83%","timestamp":"2024-09-18 15:58:56"}
{"level":"info","message":"Launching World | Migrating Package Data - 85%","timestamp":"2024-09-18 15:58:56"}
{"level":"info","message":"Launching World | Migrating Package Data - 86%","timestamp":"2024-09-18 15:58:56"}
{"level":"info","message":"Launching World | Migrating Package Data - 88%","timestamp":"2024-09-18 15:58:56"}
{"level":"info","message":"Launching World | Migrating Package Data - 89%","timestamp":"2024-09-18 15:58:56"}
{"level":"info","message":"Launching World | Migrating Package Data - 91%","timestamp":"2024-09-18 15:58:56"}
{"level":"info","message":"Launching World | Migrating Package Data - 92%","timestamp":"2024-09-18 15:58:56"}
{"level":"info","message":"Launching World | Migrating Package Data - 94%","timestamp":"2024-09-18 15:58:56"}
{"level":"info","message":"Launching World | Migrating Package Data - 95%","timestamp":"2024-09-18 15:58:56"}
{"level":"info","message":"Launching World | Migrating Package Data - 97%","timestamp":"2024-09-18 15:58:56"}
{"level":"info","message":"Launching World | Migrating Package Data - 98%","timestamp":"2024-09-18 15:58:56"}
{"level":"info","message":"Launching World | Migrating Package Data - 100%","timestamp":"2024-09-18 15:58:56"}
{"level":"info","message":"Launching World | Complete","timestamp":"2024-09-18 15:58:56"}
