{"level":"info","message":"Running on Node.js - Version 20.14.0","timestamp":"2024-09-21 18:47:16"}
{"level":"info","message":"Foundry Virtual Tabletop - Version 12 Build 331","timestamp":"2024-09-21 18:47:16"}
{"level":"info","message":"User Data Directory - \"C:/Users/ADMIN/foundrydata\"","timestamp":"2024-09-21 18:47:16"}
{"level":"info","message":"Application Options:\n{\n  \"compressStatic\": true,\n  \"fullscreen\": false,\n  \"hostname\": null,\n  \"language\": \"en.core\",\n  \"localHostname\": null,\n  \"port\": 30000,\n  \"protocol\": null,\n  \"proxyPort\": null,\n  \"proxySSL\": false,\n  \"routePrefix\": null,\n  \"updateChannel\": \"stable\",\n  \"upnp\": true,\n  \"upnpLeaseDuration\": null,\n  \"awsConfig\": null,\n  \"compressSocket\": true,\n  \"cssTheme\": \"foundry\",\n  \"deleteNEDB\": false,\n  \"hotReload\": false,\n  \"passwordSalt\": null,\n  \"sslCert\": null,\n  \"sslKey\": null,\n  \"world\": null,\n  \"serviceConfig\": null,\n  \"telemetry\": false,\n  \"adminPassword\": null,\n  \"noBackups\": false\n}","timestamp":"2024-09-21 18:47:16"}
{"level":"info","message":"Software license verification succeeded","timestamp":"2024-09-21 18:47:16"}
{"level":"info","message":"Requesting UPnP port forwarding to destination port 30000","timestamp":"2024-09-21 18:47:16"}
{"level":"info","message":"Server started and listening on port 30000","timestamp":"2024-09-21 18:47:16"}
{"level":"warn","message":"Could not reach IP discovery service","timestamp":"2024-09-21 18:47:21"}
{"level":"info","message":"Created client session 637c8c0fa6c1f882b5220bad","timestamp":"2024-09-21 18:49:50"}
{"level":"warn","message":"The module \"gm-screen\" contains \"dependencies\" which is deprecated in favor of \"relationships.requires\"\nDeprecated since Version 10\nBackwards-compatible support will be removed in Version 13","timestamp":"2024-09-21 18:49:50"}
{"level":"info","message":"Created client session 383dd9419f7542707a62b03c","timestamp":"2024-09-21 18:50:06"}
{"level":"warn","message":"The module \"gm-screen\" contains \"dependencies\" which is deprecated in favor of \"relationships.requires\"\nDeprecated since Version 10\nBackwards-compatible support will be removed in Version 13","timestamp":"2024-09-21 18:50:27"}
{"level":"info","message":"Connected to database \"actors\"","timestamp":"2024-09-21 18:50:27"}
{"level":"info","message":"Launching World | Loading World Data - 7%","timestamp":"2024-09-21 18:50:27"}
{"level":"info","message":"Connected to database \"cards\"","timestamp":"2024-09-21 18:50:27"}
{"level":"info","message":"Launching World | Loading World Data - 14%","timestamp":"2024-09-21 18:50:27"}
{"level":"info","message":"Connected to database \"messages\"","timestamp":"2024-09-21 18:50:27"}
{"level":"info","message":"Launching World | Loading World Data - 21%","timestamp":"2024-09-21 18:50:27"}
{"level":"info","message":"Connected to database \"combats\"","timestamp":"2024-09-21 18:50:27"}
{"level":"info","message":"Launching World | Loading World Data - 29%","timestamp":"2024-09-21 18:50:27"}
{"level":"info","message":"Connected to database \"fog\"","timestamp":"2024-09-21 18:50:27"}
{"level":"info","message":"Launching World | Loading World Data - 36%","timestamp":"2024-09-21 18:50:27"}
{"level":"info","message":"Connected to database \"folders\"","timestamp":"2024-09-21 18:50:27"}
{"level":"info","message":"Launching World | Loading World Data - 43%","timestamp":"2024-09-21 18:50:27"}
{"level":"info","message":"Connected to database \"items\"","timestamp":"2024-09-21 18:50:27"}
{"level":"info","message":"Launching World | Loading World Data - 50%","timestamp":"2024-09-21 18:50:27"}
{"level":"info","message":"Connected to database \"journal\"","timestamp":"2024-09-21 18:50:27"}
{"level":"info","message":"Launching World | Loading World Data - 57%","timestamp":"2024-09-21 18:50:27"}
{"level":"info","message":"Connected to database \"macros\"","timestamp":"2024-09-21 18:50:27"}
{"level":"info","message":"Launching World | Loading World Data - 64%","timestamp":"2024-09-21 18:50:27"}
{"level":"info","message":"Connected to database \"playlists\"","timestamp":"2024-09-21 18:50:28"}
{"level":"info","message":"Launching World | Loading World Data - 71%","timestamp":"2024-09-21 18:50:28"}
{"level":"info","message":"Connected to database \"tables\"","timestamp":"2024-09-21 18:50:28"}
{"level":"info","message":"Launching World | Loading World Data - 79%","timestamp":"2024-09-21 18:50:28"}
{"level":"info","message":"Connected to database \"scenes\"","timestamp":"2024-09-21 18:50:28"}
{"level":"info","message":"Launching World | Loading World Data - 86%","timestamp":"2024-09-21 18:50:28"}
{"level":"info","message":"Connected to database \"settings\"","timestamp":"2024-09-21 18:50:28"}
{"level":"info","message":"Launching World | Loading World Data - 93%","timestamp":"2024-09-21 18:50:28"}
{"level":"info","message":"Connected to database \"users\"","timestamp":"2024-09-21 18:50:28"}
{"level":"info","message":"Launching World | Loading World Data - 100%","timestamp":"2024-09-21 18:50:28"}
{"level":"info","message":"Launching World | Migrating World Data - 7%","timestamp":"2024-09-21 18:50:28"}
{"level":"info","message":"Launching World | Migrating World Data - 14%","timestamp":"2024-09-21 18:50:28"}
{"level":"info","message":"Launching World | Migrating World Data - 21%","timestamp":"2024-09-21 18:50:28"}
{"level":"info","message":"Launching World | Migrating World Data - 29%","timestamp":"2024-09-21 18:50:28"}
{"level":"info","message":"Launching World | Migrating World Data - 36%","timestamp":"2024-09-21 18:50:28"}
{"level":"info","message":"Launching World | Migrating World Data - 43%","timestamp":"2024-09-21 18:50:28"}
{"level":"info","message":"Launching World | Migrating World Data - 50%","timestamp":"2024-09-21 18:50:28"}
{"level":"info","message":"Launching World | Migrating World Data - 57%","timestamp":"2024-09-21 18:50:28"}
{"level":"info","message":"Launching World | Migrating World Data - 64%","timestamp":"2024-09-21 18:50:28"}
{"level":"info","message":"Launching World | Migrating World Data - 71%","timestamp":"2024-09-21 18:50:28"}
{"level":"info","message":"Launching World | Migrating World Data - 79%","timestamp":"2024-09-21 18:50:28"}
{"level":"info","message":"Launching World | Migrating World Data - 86%","timestamp":"2024-09-21 18:50:28"}
{"level":"info","message":"Launching World | Migrating World Data - 93%","timestamp":"2024-09-21 18:50:28"}
{"level":"info","message":"Launching World | Migrating World Data - 100%","timestamp":"2024-09-21 18:50:28"}
{"level":"info","message":"Connected to database \"world.classes\"","timestamp":"2024-09-21 18:50:28"}
{"level":"info","message":"Launching World | Loading Package Data - 2%","timestamp":"2024-09-21 18:50:28"}
{"level":"info","message":"Connected to database \"world.races\"","timestamp":"2024-09-21 18:50:28"}
{"level":"info","message":"Launching World | Loading Package Data - 3%","timestamp":"2024-09-21 18:50:28"}
{"level":"info","message":"Connected to database \"world.AcquisitionsIncorporated-rollTable\"","timestamp":"2024-09-21 18:50:28"}
{"level":"info","message":"Launching World | Loading Package Data - 5%","timestamp":"2024-09-21 18:50:28"}
{"level":"info","message":"Connected to database \"world.EberronRising-rollTable\"","timestamp":"2024-09-21 18:50:28"}
{"level":"info","message":"Launching World | Loading Package Data - 6%","timestamp":"2024-09-21 18:50:28"}
{"level":"info","message":"Connected to database \"world.AdventuresLeague-rollTable\"","timestamp":"2024-09-21 18:50:28"}
{"level":"info","message":"Launching World | Loading Package Data - 8%","timestamp":"2024-09-21 18:50:28"}
{"level":"info","message":"Connected to database \"world.BaldursGateDescentIntoAvernus-rollTable\"","timestamp":"2024-09-21 18:50:28"}
{"level":"info","message":"Launching World | Loading Package Data - 10%","timestamp":"2024-09-21 18:50:28"}
{"level":"info","message":"Connected to database \"world.CurseOfStrahd-rollTable\"","timestamp":"2024-09-21 18:50:28"}
{"level":"info","message":"Launching World | Loading Package Data - 11%","timestamp":"2024-09-21 18:50:28"}
{"level":"info","message":"Connected to database \"world.ExplorersGuideWildemount-rollTable\"","timestamp":"2024-09-21 18:50:28"}
{"level":"info","message":"Launching World | Loading Package Data - 13%","timestamp":"2024-09-21 18:50:28"}
{"level":"info","message":"Connected to database \"world.Universal-backgrounds\"","timestamp":"2024-09-21 18:50:28"}
{"level":"info","message":"Launching World | Loading Package Data - 15%","timestamp":"2024-09-21 18:50:28"}
{"level":"info","message":"Connected to database \"world.Universal-rollTable\"","timestamp":"2024-09-21 18:50:28"}
{"level":"info","message":"Launching World | Loading Package Data - 16%","timestamp":"2024-09-21 18:50:28"}
{"level":"info","message":"Connected to database \"world.Universal-monsters\"","timestamp":"2024-09-21 18:50:28"}
{"level":"info","message":"Launching World | Loading Package Data - 18%","timestamp":"2024-09-21 18:50:28"}
{"level":"info","message":"Connected to database \"world.Universal-items\"","timestamp":"2024-09-21 18:50:29"}
{"level":"info","message":"Launching World | Loading Package Data - 19%","timestamp":"2024-09-21 18:50:29"}
{"level":"info","message":"Connected to database \"world.Universal-race\"","timestamp":"2024-09-21 18:50:29"}
{"level":"info","message":"Launching World | Loading Package Data - 21%","timestamp":"2024-09-21 18:50:29"}
{"level":"info","message":"Connected to database \"world.Universal-spells\"","timestamp":"2024-09-21 18:50:29"}
{"level":"info","message":"Launching World | Loading Package Data - 23%","timestamp":"2024-09-21 18:50:29"}
{"level":"info","message":"Connected to database \"world.Universal-feats\"","timestamp":"2024-09-21 18:50:29"}
{"level":"info","message":"Launching World | Loading Package Data - 24%","timestamp":"2024-09-21 18:50:29"}
{"level":"info","message":"Connected to database \"world.languages\"","timestamp":"2024-09-21 18:50:29"}
{"level":"info","message":"Launching World | Loading Package Data - 26%","timestamp":"2024-09-21 18:50:29"}
{"level":"info","message":"Connected to database \"world.class-features\"","timestamp":"2024-09-21 18:50:29"}
{"level":"info","message":"Launching World | Loading Package Data - 27%","timestamp":"2024-09-21 18:50:29"}
{"level":"info","message":"Connected to database \"world.xml-race\"","timestamp":"2024-09-21 18:50:29"}
{"level":"info","message":"Launching World | Loading Package Data - 29%","timestamp":"2024-09-21 18:50:29"}
{"level":"info","message":"Connected to database \"world.backgrounds\"","timestamp":"2024-09-21 18:50:29"}
{"level":"info","message":"Launching World | Loading Package Data - 31%","timestamp":"2024-09-21 18:50:29"}
{"level":"info","message":"Connected to database \"dnd5e.heroes\"","timestamp":"2024-09-21 18:50:29"}
{"level":"info","message":"Launching World | Loading Package Data - 32%","timestamp":"2024-09-21 18:50:29"}
{"level":"info","message":"Connected to database \"dnd5e.monsters\"","timestamp":"2024-09-21 18:50:29"}
{"level":"info","message":"Launching World | Loading Package Data - 34%","timestamp":"2024-09-21 18:50:29"}
{"level":"info","message":"Connected to database \"dnd5e.items\"","timestamp":"2024-09-21 18:50:29"}
{"level":"info","message":"Launching World | Loading Package Data - 35%","timestamp":"2024-09-21 18:50:29"}
{"level":"info","message":"Connected to database \"dnd5e.tradegoods\"","timestamp":"2024-09-21 18:50:29"}
{"level":"info","message":"Launching World | Loading Package Data - 37%","timestamp":"2024-09-21 18:50:29"}
{"level":"info","message":"Connected to database \"dnd5e.spells\"","timestamp":"2024-09-21 18:50:29"}
{"level":"info","message":"Launching World | Loading Package Data - 39%","timestamp":"2024-09-21 18:50:29"}
{"level":"info","message":"Connected to database \"dnd5e.backgrounds\"","timestamp":"2024-09-21 18:50:29"}
{"level":"info","message":"Launching World | Loading Package Data - 40%","timestamp":"2024-09-21 18:50:29"}
{"level":"info","message":"Connected to database \"dnd5e.classes\"","timestamp":"2024-09-21 18:50:29"}
{"level":"info","message":"Launching World | Loading Package Data - 42%","timestamp":"2024-09-21 18:50:29"}
{"level":"info","message":"Connected to database \"dnd5e.subclasses\"","timestamp":"2024-09-21 18:50:29"}
{"level":"info","message":"Launching World | Loading Package Data - 44%","timestamp":"2024-09-21 18:50:29"}
{"level":"info","message":"Connected to database \"dnd5e.classfeatures\"","timestamp":"2024-09-21 18:50:29"}
{"level":"info","message":"Launching World | Loading Package Data - 45%","timestamp":"2024-09-21 18:50:29"}
{"level":"info","message":"Connected to database \"dnd5e.races\"","timestamp":"2024-09-21 18:50:29"}
{"level":"info","message":"Launching World | Loading Package Data - 47%","timestamp":"2024-09-21 18:50:29"}
{"level":"info","message":"Connected to database \"dnd5e.monsterfeatures\"","timestamp":"2024-09-21 18:50:29"}
{"level":"info","message":"Launching World | Loading Package Data - 48%","timestamp":"2024-09-21 18:50:29"}
{"level":"info","message":"Connected to database \"dnd5e.rules\"","timestamp":"2024-09-21 18:50:29"}
{"level":"info","message":"Launching World | Loading Package Data - 50%","timestamp":"2024-09-21 18:50:29"}
{"level":"info","message":"Connected to database \"dnd5e.tables\"","timestamp":"2024-09-21 18:50:29"}
{"level":"info","message":"Launching World | Loading Package Data - 52%","timestamp":"2024-09-21 18:50:29"}
{"level":"info","message":"Connected to database \"advanced-macros.macros\"","timestamp":"2024-09-21 18:50:29"}
{"level":"info","message":"Launching World | Loading Package Data - 53%","timestamp":"2024-09-21 18:50:29"}
{"level":"info","message":"Connected to database \"boss-loot-assets-free.blfx-macros-free\"","timestamp":"2024-09-21 18:50:29"}
{"level":"info","message":"Launching World | Loading Package Data - 55%","timestamp":"2024-09-21 18:50:29"}
{"level":"info","message":"Connected to database \"combat-utility-belt.conditionsdnd5e\"","timestamp":"2024-09-21 18:50:29"}
{"level":"info","message":"Launching World | Loading Package Data - 56%","timestamp":"2024-09-21 18:50:29"}
{"level":"info","message":"Connected to database \"fxmaster.fxmaster\"","timestamp":"2024-09-21 18:50:29"}
{"level":"info","message":"Launching World | Loading Package Data - 58%","timestamp":"2024-09-21 18:50:29"}
{"level":"info","message":"Connected to database \"JB2A_DnD5e.jb2a-sequencer\"","timestamp":"2024-09-21 18:50:29"}
{"level":"info","message":"Launching World | Loading Package Data - 60%","timestamp":"2024-09-21 18:50:29"}
{"level":"info","message":"Connected to database \"JB2A_DnD5e.jb2a-actors\"","timestamp":"2024-09-21 18:50:29"}
{"level":"info","message":"Launching World | Loading Package Data - 61%","timestamp":"2024-09-21 18:50:29"}
{"level":"info","message":"Connected to database \"midi-item-showcase-community.misc-items\"","timestamp":"2024-09-21 18:50:29"}
{"level":"info","message":"Launching World | Loading Package Data - 63%","timestamp":"2024-09-21 18:50:29"}
{"level":"info","message":"Connected to database \"midi-item-showcase-community.misc-items-features\"","timestamp":"2024-09-21 18:50:29"}
{"level":"info","message":"Launching World | Loading Package Data - 65%","timestamp":"2024-09-21 18:50:29"}
{"level":"info","message":"Connected to database \"midi-item-showcase-community.misc-actors\"","timestamp":"2024-09-21 18:50:29"}
{"level":"info","message":"Launching World | Loading Package Data - 66%","timestamp":"2024-09-21 18:50:29"}
{"level":"info","message":"Connected to database \"midi-item-showcase-community.misc-actions\"","timestamp":"2024-09-21 18:50:29"}
{"level":"info","message":"Launching World | Loading Package Data - 68%","timestamp":"2024-09-21 18:50:29"}
{"level":"info","message":"Connected to database \"midi-item-showcase-community.misc-class-features\"","timestamp":"2024-09-21 18:50:29"}
{"level":"info","message":"Launching World | Loading Package Data - 69%","timestamp":"2024-09-21 18:50:29"}
{"level":"info","message":"Connected to database \"midi-item-showcase-community.misc-class-features-items\"","timestamp":"2024-09-21 18:50:29"}
{"level":"info","message":"Launching World | Loading Package Data - 71%","timestamp":"2024-09-21 18:50:29"}
{"level":"info","message":"Connected to database \"midi-item-showcase-community.misc-feats\"","timestamp":"2024-09-21 18:50:29"}
{"level":"info","message":"Launching World | Loading Package Data - 73%","timestamp":"2024-09-21 18:50:29"}
{"level":"info","message":"Connected to database \"midi-item-showcase-community.misc-monster-features\"","timestamp":"2024-09-21 18:50:29"}
{"level":"info","message":"Launching World | Loading Package Data - 74%","timestamp":"2024-09-21 18:50:29"}
{"level":"info","message":"Connected to database \"midi-item-showcase-community.misc-spell-items\"","timestamp":"2024-09-21 18:50:29"}
{"level":"info","message":"Launching World | Loading Package Data - 76%","timestamp":"2024-09-21 18:50:29"}
{"level":"info","message":"Connected to database \"midi-item-showcase-community.misc-unearthed-arcana\"","timestamp":"2024-09-21 18:50:29"}
{"level":"info","message":"Launching World | Loading Package Data - 77%","timestamp":"2024-09-21 18:50:29"}
{"level":"info","message":"Connected to database \"midi-item-showcase-community.misc-spells\"","timestamp":"2024-09-21 18:50:29"}
{"level":"info","message":"Launching World | Loading Package Data - 79%","timestamp":"2024-09-21 18:50:29"}
{"level":"info","message":"Connected to database \"midi-item-showcase-community.misc-homebrew\"","timestamp":"2024-09-21 18:50:29"}
{"level":"info","message":"Launching World | Loading Package Data - 81%","timestamp":"2024-09-21 18:50:29"}
{"level":"info","message":"Connected to database \"midi-item-showcase-community.misc-race-features\"","timestamp":"2024-09-21 18:50:29"}
{"level":"info","message":"Launching World | Loading Package Data - 82%","timestamp":"2024-09-21 18:50:29"}
{"level":"info","message":"Connected to database \"monks-active-tiles.active-tile-macros\"","timestamp":"2024-09-21 18:50:29"}
{"level":"info","message":"Launching World | Loading Package Data - 84%","timestamp":"2024-09-21 18:50:29"}
{"level":"info","message":"Connected to database \"monks-enhanced-journal.shop-names\"","timestamp":"2024-09-21 18:50:29"}
{"level":"info","message":"Launching World | Loading Package Data - 85%","timestamp":"2024-09-21 18:50:29"}
{"level":"info","message":"Connected to database \"monks-enhanced-journal.person-names\"","timestamp":"2024-09-21 18:50:29"}
{"level":"info","message":"Launching World | Loading Package Data - 87%","timestamp":"2024-09-21 18:50:29"}
{"level":"info","message":"Connected to database \"monks-shops.shop-items\"","timestamp":"2024-09-21 18:50:29"}
{"level":"info","message":"Launching World | Loading Package Data - 89%","timestamp":"2024-09-21 18:50:29"}
{"level":"info","message":"Connected to database \"monks-shops.shops-village\"","timestamp":"2024-09-21 18:50:29"}
{"level":"info","message":"Launching World | Loading Package Data - 90%","timestamp":"2024-09-21 18:50:29"}
{"level":"info","message":"Connected to database \"monks-shops.shops-town\"","timestamp":"2024-09-21 18:50:29"}
{"level":"info","message":"Launching World | Loading Package Data - 92%","timestamp":"2024-09-21 18:50:29"}
{"level":"info","message":"Connected to database \"monks-shops.shops-city\"","timestamp":"2024-09-21 18:50:29"}
{"level":"info","message":"Launching World | Loading Package Data - 94%","timestamp":"2024-09-21 18:50:29"}
{"level":"info","message":"Connected to database \"perceptive.perceptive\"","timestamp":"2024-09-21 18:50:29"}
{"level":"info","message":"Launching World | Loading Package Data - 95%","timestamp":"2024-09-21 18:50:29"}
{"level":"info","message":"Connected to database \"rest-recovery.exhaustion\"","timestamp":"2024-09-21 18:50:29"}
{"level":"info","message":"Launching World | Loading Package Data - 97%","timestamp":"2024-09-21 18:50:29"}
{"level":"info","message":"Connected to database \"tokenmagic.tmMacros\"","timestamp":"2024-09-21 18:50:29"}
{"level":"info","message":"Launching World | Loading Package Data - 98%","timestamp":"2024-09-21 18:50:29"}
{"level":"info","message":"Connected to database \"tokenmagic.tmSampleCompendium\"","timestamp":"2024-09-21 18:50:29"}
{"level":"info","message":"Launching World | Loading Package Data - 100%","timestamp":"2024-09-21 18:50:29"}
{"level":"info","message":"Created 0 Folder documents with ids: []","timestamp":"2024-09-21 18:50:29"}
{"level":"info","message":"Launching World | Migrating Package Data - 2%","timestamp":"2024-09-21 18:50:29"}
{"level":"info","message":"Launching World | Migrating Package Data - 3%","timestamp":"2024-09-21 18:50:29"}
{"level":"info","message":"Launching World | Migrating Package Data - 5%","timestamp":"2024-09-21 18:50:29"}
{"level":"info","message":"Launching World | Migrating Package Data - 6%","timestamp":"2024-09-21 18:50:29"}
{"level":"info","message":"Launching World | Migrating Package Data - 8%","timestamp":"2024-09-21 18:50:29"}
{"level":"info","message":"Launching World | Migrating Package Data - 10%","timestamp":"2024-09-21 18:50:29"}
{"level":"info","message":"Launching World | Migrating Package Data - 11%","timestamp":"2024-09-21 18:50:29"}
{"level":"info","message":"Launching World | Migrating Package Data - 13%","timestamp":"2024-09-21 18:50:29"}
{"level":"info","message":"Launching World | Migrating Package Data - 15%","timestamp":"2024-09-21 18:50:29"}
{"level":"info","message":"Launching World | Migrating Package Data - 16%","timestamp":"2024-09-21 18:50:29"}
{"level":"info","message":"Launching World | Migrating Package Data - 18%","timestamp":"2024-09-21 18:50:32"}
{"level":"info","message":"Launching World | Migrating Package Data - 19%","timestamp":"2024-09-21 18:50:32"}
{"level":"info","message":"Launching World | Migrating Package Data - 21%","timestamp":"2024-09-21 18:50:32"}
{"level":"info","message":"Launching World | Migrating Package Data - 23%","timestamp":"2024-09-21 18:50:32"}
{"level":"info","message":"Launching World | Migrating Package Data - 24%","timestamp":"2024-09-21 18:50:32"}
{"level":"info","message":"Launching World | Migrating Package Data - 26%","timestamp":"2024-09-21 18:50:32"}
{"level":"info","message":"Launching World | Migrating Package Data - 27%","timestamp":"2024-09-21 18:50:32"}
{"level":"info","message":"Launching World | Migrating Package Data - 29%","timestamp":"2024-09-21 18:50:32"}
{"level":"info","message":"Launching World | Migrating Package Data - 31%","timestamp":"2024-09-21 18:50:32"}
{"level":"info","message":"Launching World | Migrating Package Data - 32%","timestamp":"2024-09-21 18:50:32"}
{"level":"info","message":"Launching World | Migrating Package Data - 34%","timestamp":"2024-09-21 18:50:32"}
{"level":"info","message":"Launching World | Migrating Package Data - 35%","timestamp":"2024-09-21 18:50:33"}
{"level":"info","message":"Launching World | Migrating Package Data - 37%","timestamp":"2024-09-21 18:50:33"}
{"level":"info","message":"Launching World | Migrating Package Data - 39%","timestamp":"2024-09-21 18:50:33"}
{"level":"info","message":"Launching World | Migrating Package Data - 40%","timestamp":"2024-09-21 18:50:33"}
{"level":"info","message":"Launching World | Migrating Package Data - 42%","timestamp":"2024-09-21 18:50:33"}
{"level":"info","message":"Launching World | Migrating Package Data - 44%","timestamp":"2024-09-21 18:50:33"}
{"level":"info","message":"Launching World | Migrating Package Data - 45%","timestamp":"2024-09-21 18:50:33"}
{"level":"info","message":"Launching World | Migrating Package Data - 47%","timestamp":"2024-09-21 18:50:33"}
{"level":"info","message":"Launching World | Migrating Package Data - 48%","timestamp":"2024-09-21 18:50:33"}
{"level":"info","message":"Launching World | Migrating Package Data - 50%","timestamp":"2024-09-21 18:50:33"}
{"level":"info","message":"Launching World | Migrating Package Data - 52%","timestamp":"2024-09-21 18:50:33"}
{"level":"info","message":"Launching World | Migrating Package Data - 53%","timestamp":"2024-09-21 18:50:33"}
{"level":"info","message":"Launching World | Migrating Package Data - 55%","timestamp":"2024-09-21 18:50:33"}
{"level":"info","message":"Launching World | Migrating Package Data - 56%","timestamp":"2024-09-21 18:50:33"}
{"level":"info","message":"Launching World | Migrating Package Data - 58%","timestamp":"2024-09-21 18:50:33"}
{"level":"info","message":"Launching World | Migrating Package Data - 60%","timestamp":"2024-09-21 18:50:33"}
{"level":"info","message":"Launching World | Migrating Package Data - 61%","timestamp":"2024-09-21 18:50:33"}
{"level":"info","message":"Launching World | Migrating Package Data - 63%","timestamp":"2024-09-21 18:50:33"}
{"level":"info","message":"Launching World | Migrating Package Data - 65%","timestamp":"2024-09-21 18:50:33"}
{"level":"info","message":"Launching World | Migrating Package Data - 66%","timestamp":"2024-09-21 18:50:33"}
{"level":"info","message":"Launching World | Migrating Package Data - 68%","timestamp":"2024-09-21 18:50:33"}
{"level":"info","message":"Launching World | Migrating Package Data - 69%","timestamp":"2024-09-21 18:50:33"}
{"level":"info","message":"Launching World | Migrating Package Data - 71%","timestamp":"2024-09-21 18:50:33"}
{"level":"info","message":"Launching World | Migrating Package Data - 73%","timestamp":"2024-09-21 18:50:33"}
{"level":"info","message":"Launching World | Migrating Package Data - 74%","timestamp":"2024-09-21 18:50:33"}
{"level":"info","message":"Launching World | Migrating Package Data - 76%","timestamp":"2024-09-21 18:50:33"}
{"level":"info","message":"Launching World | Migrating Package Data - 77%","timestamp":"2024-09-21 18:50:33"}
{"level":"info","message":"Launching World | Migrating Package Data - 79%","timestamp":"2024-09-21 18:50:33"}
{"level":"info","message":"Launching World | Migrating Package Data - 81%","timestamp":"2024-09-21 18:50:33"}
{"level":"info","message":"Launching World | Migrating Package Data - 82%","timestamp":"2024-09-21 18:50:33"}
{"level":"info","message":"Launching World | Migrating Package Data - 84%","timestamp":"2024-09-21 18:50:33"}
{"level":"info","message":"Launching World | Migrating Package Data - 85%","timestamp":"2024-09-21 18:50:33"}
{"level":"info","message":"Launching World | Migrating Package Data - 87%","timestamp":"2024-09-21 18:50:33"}
{"level":"info","message":"Launching World | Migrating Package Data - 89%","timestamp":"2024-09-21 18:50:33"}
{"level":"info","message":"Launching World | Migrating Package Data - 90%","timestamp":"2024-09-21 18:50:33"}
{"level":"info","message":"Launching World | Migrating Package Data - 92%","timestamp":"2024-09-21 18:50:33"}
{"level":"info","message":"Launching World | Migrating Package Data - 94%","timestamp":"2024-09-21 18:50:33"}
{"level":"info","message":"Launching World | Migrating Package Data - 95%","timestamp":"2024-09-21 18:50:33"}
{"level":"info","message":"Launching World | Migrating Package Data - 97%","timestamp":"2024-09-21 18:50:33"}
{"level":"info","message":"Launching World | Migrating Package Data - 98%","timestamp":"2024-09-21 18:50:33"}
{"level":"info","message":"Launching World | Migrating Package Data - 100%","timestamp":"2024-09-21 18:50:33"}
{"level":"info","message":"Launching World | Complete","timestamp":"2024-09-21 18:50:33"}
{"level":"info","message":"Created client session b2edba074a36efcafb624258","timestamp":"2024-09-21 18:51:04"}
{"level":"info","message":"Created client session 20ddc71dca569ec9b46f130a","timestamp":"2024-09-21 18:54:21"}
{"level":"info","message":"User authentication successful for user Kirby","session":"b2edba074a36efcafb624258","timestamp":"2024-09-21 18:54:28"}
{"level":"info","message":"Running on Node.js - Version 20.14.0","timestamp":"2024-09-21 19:03:06"}
{"level":"info","message":"Foundry Virtual Tabletop - Version 12 Build 331","timestamp":"2024-09-21 19:03:06"}
{"level":"info","message":"User Data Directory - \"C:/Users/ADMIN/foundrydata\"","timestamp":"2024-09-21 19:03:06"}
{"level":"info","message":"Application Options:\n{\n  \"compressStatic\": true,\n  \"fullscreen\": false,\n  \"hostname\": null,\n  \"language\": \"en.core\",\n  \"localHostname\": null,\n  \"port\": 30000,\n  \"protocol\": null,\n  \"proxyPort\": null,\n  \"proxySSL\": false,\n  \"routePrefix\": null,\n  \"updateChannel\": \"stable\",\n  \"upnp\": true,\n  \"upnpLeaseDuration\": null,\n  \"awsConfig\": null,\n  \"compressSocket\": true,\n  \"cssTheme\": \"foundry\",\n  \"deleteNEDB\": false,\n  \"hotReload\": false,\n  \"passwordSalt\": null,\n  \"sslCert\": null,\n  \"sslKey\": null,\n  \"world\": null,\n  \"serviceConfig\": null,\n  \"telemetry\": false,\n  \"adminPassword\": null,\n  \"noBackups\": false\n}","timestamp":"2024-09-21 19:03:06"}
{"level":"info","message":"Software license verification succeeded","timestamp":"2024-09-21 19:03:06"}
{"level":"info","message":"Requesting UPnP port forwarding to destination port 30000","timestamp":"2024-09-21 19:03:06"}
{"level":"info","message":"Server started and listening on port 30000","timestamp":"2024-09-21 19:03:06"}
{"level":"info","message":"Created client session cbfa5cf1bff26590f150992e","timestamp":"2024-09-21 19:03:07"}
{"level":"warn","message":"The module \"gm-screen\" contains \"dependencies\" which is deprecated in favor of \"relationships.requires\"\nDeprecated since Version 10\nBackwards-compatible support will be removed in Version 13","timestamp":"2024-09-21 19:03:07"}
{"level":"info","message":"Created client session 8c5bea6624823c2476dd9ed7","timestamp":"2024-09-21 19:03:07"}
{"level":"warn","message":"The module \"gm-screen\" contains \"dependencies\" which is deprecated in favor of \"relationships.requires\"\nDeprecated since Version 10\nBackwards-compatible support will be removed in Version 13","timestamp":"2024-09-21 19:03:14"}
{"level":"info","message":"Created client session 7c5ff71e88e7c09514ddfc90","timestamp":"2024-09-21 19:06:02"}
{"level":"info","message":"Created client session 3d9f5fe2f1fc79f75cc19243","timestamp":"2024-09-21 19:06:02"}
{"level":"info","message":"Created client session c661ed17cdbcd08f4fc01c1c","timestamp":"2024-09-21 19:06:02"}
{"level":"info","message":"Created client session d81e9d55cc715a2bca364f92","timestamp":"2024-09-21 19:06:02"}
{"level":"info","message":"Created client session 91e8b9bee92ca31bd99b1c96","timestamp":"2024-09-21 19:06:02"}
{"level":"info","message":"Created client session f897dc6b7415b531629afe19","timestamp":"2024-09-21 19:06:02"}
{"level":"info","message":"Created client session 4d4f307c643c080015637b0e","timestamp":"2024-09-21 19:06:02"}
{"level":"info","message":"Connected to database \"actors\"","timestamp":"2024-09-21 19:06:02"}
{"level":"info","message":"Launching World | Loading World Data - 7%","timestamp":"2024-09-21 19:06:02"}
{"level":"info","message":"Connected to database \"cards\"","timestamp":"2024-09-21 19:06:02"}
{"level":"info","message":"Launching World | Loading World Data - 14%","timestamp":"2024-09-21 19:06:02"}
{"level":"info","message":"Connected to database \"messages\"","timestamp":"2024-09-21 19:06:02"}
{"level":"info","message":"Launching World | Loading World Data - 21%","timestamp":"2024-09-21 19:06:02"}
{"level":"info","message":"Connected to database \"combats\"","timestamp":"2024-09-21 19:06:02"}
{"level":"info","message":"Launching World | Loading World Data - 29%","timestamp":"2024-09-21 19:06:02"}
{"level":"info","message":"Connected to database \"fog\"","timestamp":"2024-09-21 19:06:02"}
{"level":"info","message":"Launching World | Loading World Data - 36%","timestamp":"2024-09-21 19:06:02"}
{"level":"info","message":"Connected to database \"folders\"","timestamp":"2024-09-21 19:06:02"}
{"level":"info","message":"Launching World | Loading World Data - 43%","timestamp":"2024-09-21 19:06:02"}
{"level":"info","message":"Connected to database \"items\"","timestamp":"2024-09-21 19:06:02"}
{"level":"info","message":"Launching World | Loading World Data - 50%","timestamp":"2024-09-21 19:06:02"}
{"level":"info","message":"Connected to database \"journal\"","timestamp":"2024-09-21 19:06:02"}
{"level":"info","message":"Launching World | Loading World Data - 57%","timestamp":"2024-09-21 19:06:02"}
{"level":"info","message":"Connected to database \"macros\"","timestamp":"2024-09-21 19:06:02"}
{"level":"info","message":"Launching World | Loading World Data - 64%","timestamp":"2024-09-21 19:06:02"}
{"level":"info","message":"Connected to database \"playlists\"","timestamp":"2024-09-21 19:06:03"}
{"level":"info","message":"Launching World | Loading World Data - 71%","timestamp":"2024-09-21 19:06:03"}
{"level":"info","message":"Connected to database \"tables\"","timestamp":"2024-09-21 19:06:03"}
{"level":"info","message":"Launching World | Loading World Data - 79%","timestamp":"2024-09-21 19:06:03"}
{"level":"info","message":"Connected to database \"scenes\"","timestamp":"2024-09-21 19:06:03"}
{"level":"info","message":"Launching World | Loading World Data - 86%","timestamp":"2024-09-21 19:06:03"}
{"level":"info","message":"Connected to database \"settings\"","timestamp":"2024-09-21 19:06:03"}
{"level":"info","message":"Launching World | Loading World Data - 93%","timestamp":"2024-09-21 19:06:03"}
{"level":"info","message":"Connected to database \"users\"","timestamp":"2024-09-21 19:06:03"}
{"level":"info","message":"Launching World | Loading World Data - 100%","timestamp":"2024-09-21 19:06:03"}
{"level":"info","message":"Launching World | Migrating World Data - 7%","timestamp":"2024-09-21 19:06:03"}
{"level":"info","message":"Launching World | Migrating World Data - 14%","timestamp":"2024-09-21 19:06:03"}
{"level":"info","message":"Launching World | Migrating World Data - 21%","timestamp":"2024-09-21 19:06:03"}
{"level":"info","message":"Launching World | Migrating World Data - 29%","timestamp":"2024-09-21 19:06:03"}
{"level":"info","message":"Launching World | Migrating World Data - 36%","timestamp":"2024-09-21 19:06:03"}
{"level":"info","message":"Launching World | Migrating World Data - 43%","timestamp":"2024-09-21 19:06:03"}
{"level":"info","message":"Launching World | Migrating World Data - 50%","timestamp":"2024-09-21 19:06:03"}
{"level":"info","message":"Launching World | Migrating World Data - 57%","timestamp":"2024-09-21 19:06:03"}
{"level":"info","message":"Launching World | Migrating World Data - 64%","timestamp":"2024-09-21 19:06:03"}
{"level":"info","message":"Launching World | Migrating World Data - 71%","timestamp":"2024-09-21 19:06:03"}
{"level":"info","message":"Launching World | Migrating World Data - 79%","timestamp":"2024-09-21 19:06:03"}
{"level":"info","message":"Launching World | Migrating World Data - 86%","timestamp":"2024-09-21 19:06:03"}
{"level":"info","message":"Launching World | Migrating World Data - 93%","timestamp":"2024-09-21 19:06:03"}
{"level":"info","message":"Launching World | Migrating World Data - 100%","timestamp":"2024-09-21 19:06:03"}
{"level":"info","message":"Connected to database \"world.classes\"","timestamp":"2024-09-21 19:06:03"}
{"level":"info","message":"Launching World | Loading Package Data - 2%","timestamp":"2024-09-21 19:06:03"}
{"level":"info","message":"Connected to database \"world.races\"","timestamp":"2024-09-21 19:06:03"}
{"level":"info","message":"Launching World | Loading Package Data - 3%","timestamp":"2024-09-21 19:06:03"}
{"level":"info","message":"Connected to database \"world.AcquisitionsIncorporated-rollTable\"","timestamp":"2024-09-21 19:06:03"}
{"level":"info","message":"Launching World | Loading Package Data - 5%","timestamp":"2024-09-21 19:06:03"}
{"level":"info","message":"Connected to database \"world.EberronRising-rollTable\"","timestamp":"2024-09-21 19:06:03"}
{"level":"info","message":"Launching World | Loading Package Data - 6%","timestamp":"2024-09-21 19:06:03"}
{"level":"info","message":"Connected to database \"world.AdventuresLeague-rollTable\"","timestamp":"2024-09-21 19:06:03"}
{"level":"info","message":"Launching World | Loading Package Data - 8%","timestamp":"2024-09-21 19:06:03"}
{"level":"info","message":"Connected to database \"world.BaldursGateDescentIntoAvernus-rollTable\"","timestamp":"2024-09-21 19:06:03"}
{"level":"info","message":"Launching World | Loading Package Data - 10%","timestamp":"2024-09-21 19:06:03"}
{"level":"info","message":"Connected to database \"world.CurseOfStrahd-rollTable\"","timestamp":"2024-09-21 19:06:03"}
{"level":"info","message":"Launching World | Loading Package Data - 11%","timestamp":"2024-09-21 19:06:03"}
{"level":"info","message":"Connected to database \"world.ExplorersGuideWildemount-rollTable\"","timestamp":"2024-09-21 19:06:03"}
{"level":"info","message":"Launching World | Loading Package Data - 13%","timestamp":"2024-09-21 19:06:03"}
{"level":"info","message":"Connected to database \"world.Universal-backgrounds\"","timestamp":"2024-09-21 19:06:03"}
{"level":"info","message":"Launching World | Loading Package Data - 15%","timestamp":"2024-09-21 19:06:03"}
{"level":"info","message":"Connected to database \"world.Universal-rollTable\"","timestamp":"2024-09-21 19:06:03"}
{"level":"info","message":"Launching World | Loading Package Data - 16%","timestamp":"2024-09-21 19:06:03"}
{"level":"info","message":"Connected to database \"world.Universal-monsters\"","timestamp":"2024-09-21 19:06:03"}
{"level":"info","message":"Launching World | Loading Package Data - 18%","timestamp":"2024-09-21 19:06:03"}
{"level":"info","message":"Connected to database \"world.Universal-items\"","timestamp":"2024-09-21 19:06:03"}
{"level":"info","message":"Launching World | Loading Package Data - 19%","timestamp":"2024-09-21 19:06:03"}
{"level":"info","message":"Connected to database \"world.Universal-race\"","timestamp":"2024-09-21 19:06:03"}
{"level":"info","message":"Launching World | Loading Package Data - 21%","timestamp":"2024-09-21 19:06:03"}
{"level":"info","message":"Connected to database \"world.Universal-spells\"","timestamp":"2024-09-21 19:06:03"}
{"level":"info","message":"Launching World | Loading Package Data - 23%","timestamp":"2024-09-21 19:06:03"}
{"level":"info","message":"Connected to database \"world.Universal-feats\"","timestamp":"2024-09-21 19:06:04"}
{"level":"info","message":"Launching World | Loading Package Data - 24%","timestamp":"2024-09-21 19:06:04"}
{"level":"info","message":"Connected to database \"world.languages\"","timestamp":"2024-09-21 19:06:04"}
{"level":"info","message":"Launching World | Loading Package Data - 26%","timestamp":"2024-09-21 19:06:04"}
{"level":"info","message":"Connected to database \"world.class-features\"","timestamp":"2024-09-21 19:06:04"}
{"level":"info","message":"Launching World | Loading Package Data - 27%","timestamp":"2024-09-21 19:06:04"}
{"level":"info","message":"Connected to database \"world.xml-race\"","timestamp":"2024-09-21 19:06:04"}
{"level":"info","message":"Launching World | Loading Package Data - 29%","timestamp":"2024-09-21 19:06:04"}
{"level":"info","message":"Connected to database \"world.backgrounds\"","timestamp":"2024-09-21 19:06:04"}
{"level":"info","message":"Launching World | Loading Package Data - 31%","timestamp":"2024-09-21 19:06:04"}
{"level":"info","message":"Connected to database \"dnd5e.heroes\"","timestamp":"2024-09-21 19:06:04"}
{"level":"info","message":"Launching World | Loading Package Data - 32%","timestamp":"2024-09-21 19:06:04"}
{"level":"info","message":"Connected to database \"dnd5e.monsters\"","timestamp":"2024-09-21 19:06:04"}
{"level":"info","message":"Launching World | Loading Package Data - 34%","timestamp":"2024-09-21 19:06:04"}
{"level":"info","message":"Connected to database \"dnd5e.items\"","timestamp":"2024-09-21 19:06:04"}
{"level":"info","message":"Launching World | Loading Package Data - 35%","timestamp":"2024-09-21 19:06:04"}
{"level":"info","message":"Connected to database \"dnd5e.tradegoods\"","timestamp":"2024-09-21 19:06:04"}
{"level":"info","message":"Launching World | Loading Package Data - 37%","timestamp":"2024-09-21 19:06:04"}
{"level":"info","message":"Connected to database \"dnd5e.spells\"","timestamp":"2024-09-21 19:06:04"}
{"level":"info","message":"Launching World | Loading Package Data - 39%","timestamp":"2024-09-21 19:06:04"}
{"level":"info","message":"Connected to database \"dnd5e.backgrounds\"","timestamp":"2024-09-21 19:06:04"}
{"level":"info","message":"Launching World | Loading Package Data - 40%","timestamp":"2024-09-21 19:06:04"}
{"level":"info","message":"Connected to database \"dnd5e.classes\"","timestamp":"2024-09-21 19:06:04"}
{"level":"info","message":"Launching World | Loading Package Data - 42%","timestamp":"2024-09-21 19:06:04"}
{"level":"info","message":"Connected to database \"dnd5e.subclasses\"","timestamp":"2024-09-21 19:06:04"}
{"level":"info","message":"Launching World | Loading Package Data - 44%","timestamp":"2024-09-21 19:06:04"}
{"level":"info","message":"Connected to database \"dnd5e.classfeatures\"","timestamp":"2024-09-21 19:06:04"}
{"level":"info","message":"Launching World | Loading Package Data - 45%","timestamp":"2024-09-21 19:06:04"}
{"level":"info","message":"Connected to database \"dnd5e.races\"","timestamp":"2024-09-21 19:06:04"}
{"level":"info","message":"Launching World | Loading Package Data - 47%","timestamp":"2024-09-21 19:06:04"}
{"level":"info","message":"Connected to database \"dnd5e.monsterfeatures\"","timestamp":"2024-09-21 19:06:04"}
{"level":"info","message":"Launching World | Loading Package Data - 48%","timestamp":"2024-09-21 19:06:04"}
{"level":"info","message":"Connected to database \"dnd5e.rules\"","timestamp":"2024-09-21 19:06:04"}
{"level":"info","message":"Launching World | Loading Package Data - 50%","timestamp":"2024-09-21 19:06:04"}
{"level":"info","message":"Connected to database \"dnd5e.tables\"","timestamp":"2024-09-21 19:06:04"}
{"level":"info","message":"Launching World | Loading Package Data - 52%","timestamp":"2024-09-21 19:06:04"}
{"level":"info","message":"Connected to database \"advanced-macros.macros\"","timestamp":"2024-09-21 19:06:04"}
{"level":"info","message":"Launching World | Loading Package Data - 53%","timestamp":"2024-09-21 19:06:04"}
{"level":"info","message":"Connected to database \"boss-loot-assets-free.blfx-macros-free\"","timestamp":"2024-09-21 19:06:04"}
{"level":"info","message":"Launching World | Loading Package Data - 55%","timestamp":"2024-09-21 19:06:04"}
{"level":"info","message":"Connected to database \"combat-utility-belt.conditionsdnd5e\"","timestamp":"2024-09-21 19:06:04"}
{"level":"info","message":"Launching World | Loading Package Data - 56%","timestamp":"2024-09-21 19:06:04"}
{"level":"info","message":"Connected to database \"fxmaster.fxmaster\"","timestamp":"2024-09-21 19:06:04"}
{"level":"info","message":"Launching World | Loading Package Data - 58%","timestamp":"2024-09-21 19:06:04"}
{"level":"info","message":"Connected to database \"JB2A_DnD5e.jb2a-sequencer\"","timestamp":"2024-09-21 19:06:04"}
{"level":"info","message":"Launching World | Loading Package Data - 60%","timestamp":"2024-09-21 19:06:04"}
{"level":"info","message":"Connected to database \"JB2A_DnD5e.jb2a-actors\"","timestamp":"2024-09-21 19:06:04"}
{"level":"info","message":"Launching World | Loading Package Data - 61%","timestamp":"2024-09-21 19:06:04"}
{"level":"info","message":"Connected to database \"midi-item-showcase-community.misc-items\"","timestamp":"2024-09-21 19:06:04"}
{"level":"info","message":"Launching World | Loading Package Data - 63%","timestamp":"2024-09-21 19:06:04"}
{"level":"info","message":"Connected to database \"midi-item-showcase-community.misc-items-features\"","timestamp":"2024-09-21 19:06:04"}
{"level":"info","message":"Launching World | Loading Package Data - 65%","timestamp":"2024-09-21 19:06:04"}
{"level":"info","message":"Connected to database \"midi-item-showcase-community.misc-actors\"","timestamp":"2024-09-21 19:06:04"}
{"level":"info","message":"Launching World | Loading Package Data - 66%","timestamp":"2024-09-21 19:06:04"}
{"level":"info","message":"Connected to database \"midi-item-showcase-community.misc-actions\"","timestamp":"2024-09-21 19:06:04"}
{"level":"info","message":"Launching World | Loading Package Data - 68%","timestamp":"2024-09-21 19:06:04"}
{"level":"info","message":"Connected to database \"midi-item-showcase-community.misc-class-features\"","timestamp":"2024-09-21 19:06:04"}
{"level":"info","message":"Launching World | Loading Package Data - 69%","timestamp":"2024-09-21 19:06:04"}
{"level":"info","message":"Connected to database \"midi-item-showcase-community.misc-class-features-items\"","timestamp":"2024-09-21 19:06:04"}
{"level":"info","message":"Launching World | Loading Package Data - 71%","timestamp":"2024-09-21 19:06:04"}
{"level":"info","message":"Connected to database \"midi-item-showcase-community.misc-feats\"","timestamp":"2024-09-21 19:06:04"}
{"level":"info","message":"Launching World | Loading Package Data - 73%","timestamp":"2024-09-21 19:06:04"}
{"level":"info","message":"Connected to database \"midi-item-showcase-community.misc-monster-features\"","timestamp":"2024-09-21 19:06:04"}
{"level":"info","message":"Launching World | Loading Package Data - 74%","timestamp":"2024-09-21 19:06:04"}
{"level":"info","message":"Connected to database \"midi-item-showcase-community.misc-spell-items\"","timestamp":"2024-09-21 19:06:04"}
{"level":"info","message":"Launching World | Loading Package Data - 76%","timestamp":"2024-09-21 19:06:04"}
{"level":"info","message":"Connected to database \"midi-item-showcase-community.misc-unearthed-arcana\"","timestamp":"2024-09-21 19:06:04"}
{"level":"info","message":"Launching World | Loading Package Data - 77%","timestamp":"2024-09-21 19:06:04"}
{"level":"info","message":"Connected to database \"midi-item-showcase-community.misc-spells\"","timestamp":"2024-09-21 19:06:04"}
{"level":"info","message":"Launching World | Loading Package Data - 79%","timestamp":"2024-09-21 19:06:04"}
{"level":"info","message":"Connected to database \"midi-item-showcase-community.misc-homebrew\"","timestamp":"2024-09-21 19:06:04"}
{"level":"info","message":"Launching World | Loading Package Data - 81%","timestamp":"2024-09-21 19:06:04"}
{"level":"info","message":"Connected to database \"midi-item-showcase-community.misc-race-features\"","timestamp":"2024-09-21 19:06:04"}
{"level":"info","message":"Launching World | Loading Package Data - 82%","timestamp":"2024-09-21 19:06:04"}
{"level":"info","message":"Connected to database \"monks-active-tiles.active-tile-macros\"","timestamp":"2024-09-21 19:06:04"}
{"level":"info","message":"Launching World | Loading Package Data - 84%","timestamp":"2024-09-21 19:06:04"}
{"level":"info","message":"Connected to database \"monks-enhanced-journal.shop-names\"","timestamp":"2024-09-21 19:06:04"}
{"level":"info","message":"Launching World | Loading Package Data - 85%","timestamp":"2024-09-21 19:06:04"}
{"level":"info","message":"Connected to database \"monks-enhanced-journal.person-names\"","timestamp":"2024-09-21 19:06:04"}
{"level":"info","message":"Launching World | Loading Package Data - 87%","timestamp":"2024-09-21 19:06:04"}
{"level":"info","message":"Connected to database \"monks-shops.shop-items\"","timestamp":"2024-09-21 19:06:04"}
{"level":"info","message":"Launching World | Loading Package Data - 89%","timestamp":"2024-09-21 19:06:04"}
{"level":"info","message":"Connected to database \"monks-shops.shops-village\"","timestamp":"2024-09-21 19:06:04"}
{"level":"info","message":"Launching World | Loading Package Data - 90%","timestamp":"2024-09-21 19:06:04"}
{"level":"info","message":"Connected to database \"monks-shops.shops-town\"","timestamp":"2024-09-21 19:06:04"}
{"level":"info","message":"Launching World | Loading Package Data - 92%","timestamp":"2024-09-21 19:06:04"}
{"level":"info","message":"Connected to database \"monks-shops.shops-city\"","timestamp":"2024-09-21 19:06:04"}
{"level":"info","message":"Launching World | Loading Package Data - 94%","timestamp":"2024-09-21 19:06:04"}
{"level":"info","message":"Connected to database \"perceptive.perceptive\"","timestamp":"2024-09-21 19:06:04"}
{"level":"info","message":"Launching World | Loading Package Data - 95%","timestamp":"2024-09-21 19:06:04"}
{"level":"info","message":"Connected to database \"rest-recovery.exhaustion\"","timestamp":"2024-09-21 19:06:04"}
{"level":"info","message":"Launching World | Loading Package Data - 97%","timestamp":"2024-09-21 19:06:04"}
{"level":"info","message":"Connected to database \"tokenmagic.tmMacros\"","timestamp":"2024-09-21 19:06:04"}
{"level":"info","message":"Launching World | Loading Package Data - 98%","timestamp":"2024-09-21 19:06:04"}
{"level":"info","message":"Connected to database \"tokenmagic.tmSampleCompendium\"","timestamp":"2024-09-21 19:06:04"}
{"level":"info","message":"Launching World | Loading Package Data - 100%","timestamp":"2024-09-21 19:06:04"}
{"level":"info","message":"Created 0 Folder documents with ids: []","timestamp":"2024-09-21 19:06:04"}
{"level":"info","message":"Launching World | Migrating Package Data - 2%","timestamp":"2024-09-21 19:06:04"}
{"level":"info","message":"Launching World | Migrating Package Data - 3%","timestamp":"2024-09-21 19:06:04"}
{"level":"info","message":"Launching World | Migrating Package Data - 5%","timestamp":"2024-09-21 19:06:04"}
{"level":"info","message":"Launching World | Migrating Package Data - 6%","timestamp":"2024-09-21 19:06:04"}
{"level":"info","message":"Launching World | Migrating Package Data - 8%","timestamp":"2024-09-21 19:06:04"}
{"level":"info","message":"Launching World | Migrating Package Data - 10%","timestamp":"2024-09-21 19:06:04"}
{"level":"info","message":"Launching World | Migrating Package Data - 11%","timestamp":"2024-09-21 19:06:04"}
{"level":"info","message":"Launching World | Migrating Package Data - 13%","timestamp":"2024-09-21 19:06:04"}
{"level":"info","message":"Launching World | Migrating Package Data - 15%","timestamp":"2024-09-21 19:06:04"}
{"level":"info","message":"Launching World | Migrating Package Data - 16%","timestamp":"2024-09-21 19:06:04"}
{"level":"info","message":"Launching World | Migrating Package Data - 18%","timestamp":"2024-09-21 19:06:07"}
{"level":"info","message":"Launching World | Migrating Package Data - 19%","timestamp":"2024-09-21 19:06:07"}
{"level":"info","message":"Launching World | Migrating Package Data - 21%","timestamp":"2024-09-21 19:06:07"}
{"level":"info","message":"Launching World | Migrating Package Data - 23%","timestamp":"2024-09-21 19:06:07"}
{"level":"info","message":"Launching World | Migrating Package Data - 24%","timestamp":"2024-09-21 19:06:07"}
{"level":"info","message":"Launching World | Migrating Package Data - 26%","timestamp":"2024-09-21 19:06:07"}
{"level":"info","message":"Launching World | Migrating Package Data - 27%","timestamp":"2024-09-21 19:06:07"}
{"level":"info","message":"Launching World | Migrating Package Data - 29%","timestamp":"2024-09-21 19:06:07"}
{"level":"info","message":"Launching World | Migrating Package Data - 31%","timestamp":"2024-09-21 19:06:07"}
{"level":"info","message":"Launching World | Migrating Package Data - 32%","timestamp":"2024-09-21 19:06:07"}
{"level":"info","message":"Launching World | Migrating Package Data - 34%","timestamp":"2024-09-21 19:06:07"}
{"level":"info","message":"Launching World | Migrating Package Data - 35%","timestamp":"2024-09-21 19:06:07"}
{"level":"info","message":"Launching World | Migrating Package Data - 37%","timestamp":"2024-09-21 19:06:07"}
{"level":"info","message":"Launching World | Migrating Package Data - 39%","timestamp":"2024-09-21 19:06:07"}
{"level":"info","message":"Launching World | Migrating Package Data - 40%","timestamp":"2024-09-21 19:06:07"}
{"level":"info","message":"Launching World | Migrating Package Data - 42%","timestamp":"2024-09-21 19:06:07"}
{"level":"info","message":"Launching World | Migrating Package Data - 44%","timestamp":"2024-09-21 19:06:07"}
{"level":"info","message":"Launching World | Migrating Package Data - 45%","timestamp":"2024-09-21 19:06:07"}
{"level":"info","message":"Launching World | Migrating Package Data - 47%","timestamp":"2024-09-21 19:06:07"}
{"level":"info","message":"Launching World | Migrating Package Data - 48%","timestamp":"2024-09-21 19:06:07"}
{"level":"info","message":"Launching World | Migrating Package Data - 50%","timestamp":"2024-09-21 19:06:07"}
{"level":"info","message":"Launching World | Migrating Package Data - 52%","timestamp":"2024-09-21 19:06:07"}
{"level":"info","message":"Launching World | Migrating Package Data - 53%","timestamp":"2024-09-21 19:06:07"}
{"level":"info","message":"Launching World | Migrating Package Data - 55%","timestamp":"2024-09-21 19:06:07"}
{"level":"info","message":"Launching World | Migrating Package Data - 56%","timestamp":"2024-09-21 19:06:07"}
{"level":"info","message":"Launching World | Migrating Package Data - 58%","timestamp":"2024-09-21 19:06:07"}
{"level":"info","message":"Launching World | Migrating Package Data - 60%","timestamp":"2024-09-21 19:06:07"}
{"level":"info","message":"Launching World | Migrating Package Data - 61%","timestamp":"2024-09-21 19:06:07"}
{"level":"info","message":"Launching World | Migrating Package Data - 63%","timestamp":"2024-09-21 19:06:07"}
{"level":"info","message":"Launching World | Migrating Package Data - 65%","timestamp":"2024-09-21 19:06:07"}
{"level":"info","message":"Launching World | Migrating Package Data - 66%","timestamp":"2024-09-21 19:06:07"}
{"level":"info","message":"Launching World | Migrating Package Data - 68%","timestamp":"2024-09-21 19:06:07"}
{"level":"info","message":"Launching World | Migrating Package Data - 69%","timestamp":"2024-09-21 19:06:07"}
{"level":"info","message":"Launching World | Migrating Package Data - 71%","timestamp":"2024-09-21 19:06:07"}
{"level":"info","message":"Launching World | Migrating Package Data - 73%","timestamp":"2024-09-21 19:06:07"}
{"level":"info","message":"Launching World | Migrating Package Data - 74%","timestamp":"2024-09-21 19:06:07"}
{"level":"info","message":"Launching World | Migrating Package Data - 76%","timestamp":"2024-09-21 19:06:07"}
{"level":"info","message":"Launching World | Migrating Package Data - 77%","timestamp":"2024-09-21 19:06:07"}
{"level":"info","message":"Launching World | Migrating Package Data - 79%","timestamp":"2024-09-21 19:06:07"}
{"level":"info","message":"Launching World | Migrating Package Data - 81%","timestamp":"2024-09-21 19:06:07"}
{"level":"info","message":"Launching World | Migrating Package Data - 82%","timestamp":"2024-09-21 19:06:07"}
{"level":"info","message":"Launching World | Migrating Package Data - 84%","timestamp":"2024-09-21 19:06:07"}
{"level":"info","message":"Launching World | Migrating Package Data - 85%","timestamp":"2024-09-21 19:06:07"}
{"level":"info","message":"Launching World | Migrating Package Data - 87%","timestamp":"2024-09-21 19:06:07"}
{"level":"info","message":"Launching World | Migrating Package Data - 89%","timestamp":"2024-09-21 19:06:07"}
{"level":"info","message":"Launching World | Migrating Package Data - 90%","timestamp":"2024-09-21 19:06:07"}
{"level":"info","message":"Launching World | Migrating Package Data - 92%","timestamp":"2024-09-21 19:06:07"}
{"level":"info","message":"Launching World | Migrating Package Data - 94%","timestamp":"2024-09-21 19:06:07"}
{"level":"info","message":"Launching World | Migrating Package Data - 95%","timestamp":"2024-09-21 19:06:07"}
{"level":"info","message":"Launching World | Migrating Package Data - 97%","timestamp":"2024-09-21 19:06:07"}
{"level":"info","message":"Launching World | Migrating Package Data - 98%","timestamp":"2024-09-21 19:06:07"}
{"level":"info","message":"Launching World | Migrating Package Data - 100%","timestamp":"2024-09-21 19:06:07"}
{"level":"info","message":"Launching World | Complete","timestamp":"2024-09-21 19:06:07"}
{"ip":"::ffff:127.31.120.11","level":"info","message":"User authentication successful for user Xuki","session":"f897dc6b7415b531629afe19","timestamp":"2024-09-21 19:06:13"}
{"level":"info","message":"Created client session 7392b4e713cac3da213ada87","timestamp":"2024-09-21 19:06:16"}
{"level":"info","message":"Created client session b5b0664393fafd6cb26c5dd9","timestamp":"2024-09-21 19:06:21"}
{"level":"info","message":"No system update for Dungeons & Dragons Fifth Edition is currently available.","timestamp":"2024-09-21 19:06:21"}
{"level":"info","message":"Vended World data to User [3CraoqZ0qqYpNgms] in 1063ms","timestamp":"2024-09-21 19:06:21"}
{"level":"info","message":"Created client session be4d16497943bb7790255847","timestamp":"2024-09-21 19:06:21"}
{"ip":"::ffff:127.35.125.96","level":"info","message":"User authentication successful for user Pix","session":"91e8b9bee92ca31bd99b1c96","timestamp":"2024-09-21 19:06:28"}
{"ip":"::ffff:127.186.63.200","level":"info","message":"User authentication successful for user Gamemaster","session":"cbfa5cf1bff26590f150992e","timestamp":"2024-09-21 19:06:33"}
{"level":"info","message":"No system update for Dungeons & Dragons Fifth Edition is currently available.","timestamp":"2024-09-21 19:06:35"}
{"level":"info","message":"Vended World data to User [lvNqgrzbCRLIFPut] in 1017ms","timestamp":"2024-09-21 19:06:35"}
{"level":"info","message":"No system update for Dungeons & Dragons Fifth Edition is currently available.","timestamp":"2024-09-21 19:06:44"}
{"level":"info","message":"Vended World data to User [w9Ov9hnX4N0F1idt] in 1034ms","timestamp":"2024-09-21 19:06:44"}
{"level":"info","message":"Created client session 895987dedb58c4e2441081ae","timestamp":"2024-09-21 19:07:06"}
{"ip":"::ffff:127.82.119.179","level":"info","message":"User authentication successful for user Kirby","session":"8c5bea6624823c2476dd9ed7","timestamp":"2024-09-21 19:07:46"}
{"level":"info","message":"Created client session e7528cdb40b599ceaeb3437a","timestamp":"2024-09-21 19:07:53"}
{"level":"info","message":"No system update for Dungeons & Dragons Fifth Edition is currently available.","timestamp":"2024-09-21 19:07:58"}
{"level":"info","message":"Vended World data to User [3PjdZxW3UhmghC9T] in 1024ms","timestamp":"2024-09-21 19:07:58"}
{"level":"info","message":"kuko.Avatar.webp saved to tokenizer/pc-images","timestamp":"2024-09-21 19:08:31"}
{"level":"info","message":"kuko.Token.webp saved to tokenizer/pc-images","timestamp":"2024-09-21 19:08:31"}
{"level":"info","message":"Created client session d985aff18937a4cfa9046199","timestamp":"2024-09-21 19:08:33"}
{"level":"info","message":"Created ChatMessage with id [sdGdpKQM2NS0ULzx]","timestamp":"2024-09-21 19:08:58"}
{"level":"info","message":"Created ChatMessage with id [ikOJi5leeGy8st4d]","timestamp":"2024-09-21 19:09:08"}
{"level":"info","message":"Created ChatMessage with id [8jBOsRsBHiscLiB3]","timestamp":"2024-09-21 19:09:11"}
{"level":"info","message":"Created client session 34272e450a05fa2ddda86fab","timestamp":"2024-09-21 19:09:29"}
{"level":"info","message":"Created ChatMessage with id [Y9JgWPo1hKilIMo3]","timestamp":"2024-09-21 19:09:29"}
{"level":"info","message":"Created client session 2f8f249f8cfba5eb096a159b","timestamp":"2024-09-21 19:14:47"}
{"level":"info","message":"Created client session 08ccd7773932abbd2498227f","timestamp":"2024-09-21 19:16:40"}
{"level":"info","message":"Created client session 7ee3a7aba9c7faf3497f3745","timestamp":"2024-09-21 19:16:40"}
{"level":"info","message":"Created ChatMessage with id [IQJVATUwwD9h1LER]","timestamp":"2024-09-21 19:28:54"}
{"level":"debug","message":"Starting edit session for user 'w9Ov9hnX4N0F1idt' and instance 'JournalEntry.LeESR57utU6iChmO.JournalEntryPage.otKIiXF2tPONiZat#text.content'.","timestamp":"2024-09-21 19:29:11"}
{"level":"info","message":"Created ChatMessage with id [EYs6shnT4e6OFb24]","timestamp":"2024-09-21 19:42:06"}
{"level":"info","message":"Created ChatMessage with id [sSZr3dAuVn8o68Qp]","timestamp":"2024-09-21 19:50:34"}
{"level":"info","message":"Toggling game pause status to false","timestamp":"2024-09-21 20:21:59"}
{"level":"info","message":"Created ChatMessage with id [f6cFXdTbo4M1r6bY]","timestamp":"2024-09-21 20:22:46"}
{"level":"info","message":"Created ChatMessage with id [GbGo3MwSlDx6JCL3]","timestamp":"2024-09-21 20:22:57"}
{"level":"info","message":"Created ChatMessage with id [oTUFrEFRzMkKlSDp]","timestamp":"2024-09-21 20:22:58"}
{"level":"info","message":"Created ChatMessage with id [Wmp6K5G5hyyAxETX]","timestamp":"2024-09-21 20:22:59"}
{"level":"info","message":"Created ChatMessage with id [mgiYEhBLFWO8ZKed]","timestamp":"2024-09-21 20:23:08"}
{"level":"info","message":"Created ChatMessage with id [OKCwnlSqfpimpTnl]","timestamp":"2024-09-21 20:23:09"}
{"level":"info","message":"Created ChatMessage with id [ROOmPGY2q7baaqV9]","timestamp":"2024-09-21 20:23:11"}
{"level":"info","message":"Shutting down Foundry Virtual Tabletop server","timestamp":"2024-09-21 20:35:53"}
