{"level":"info","message":"Running on Node.js - Version 18.12.1","timestamp":"2024-06-17 23:35:21"}
{"level":"info","message":"Foundry Virtual Tabletop - Version 11 Build 308","timestamp":"2024-06-17 23:35:21"}
{"level":"info","message":"User Data Directory - \"C:/Users/Productivity/AppData/Local/FoundryVTT\"","timestamp":"2024-06-17 23:35:21"}
{"level":"info","message":"Saved application configuration options to C:/Users/Productivity/AppData/Local/FoundryVTT/Config/options.json","timestamp":"2024-06-17 23:35:21"}
{"level":"info","message":"Application Options:\n{\n  \"compressStatic\": true,\n  \"fullscreen\": false,\n  \"hostname\": null,\n  \"language\": \"en.core\",\n  \"localHostname\": null,\n  \"port\": 30000,\n  \"protocol\": null,\n  \"proxyPort\": null,\n  \"proxySSL\": false,\n  \"routePrefix\": null,\n  \"updateChannel\": \"stable\",\n  \"upnp\": true,\n  \"upnpLeaseDuration\": null,\n  \"awsConfig\": null,\n  \"compressSocket\": true,\n  \"cssTheme\": \"foundry\",\n  \"deleteNEDB\": false,\n  \"hotReload\": false,\n  \"passwordSalt\": null,\n  \"sslCert\": null,\n  \"sslKey\": null,\n  \"world\": null,\n  \"serviceConfig\": null,\n  \"adminPassword\": null\n}","timestamp":"2024-06-17 23:35:21"}
{"level":"warn","message":"Software license requires signature.","timestamp":"2024-06-17 23:35:21"}
{"level":"info","message":"Requesting UPnP port forwarding to destination port 30000","timestamp":"2024-06-17 23:35:21"}
{"level":"info","message":"Running Electron application with version 23.2.3 using Chromium 110.0.5481.208","timestamp":"2024-06-17 23:35:21"}
{"level":"info","message":"Server started and listening on port 30000","timestamp":"2024-06-17 23:35:21"}
{"level":"info","message":"Created client session 2f8f6ebbb8742ed238fb902f","timestamp":"2024-06-17 23:35:25"}
{"level":"info","message":"Running on Node.js - Version 18.12.1","timestamp":"2024-06-17 23:36:29"}
{"level":"info","message":"Foundry Virtual Tabletop - Version 11 Build 308","timestamp":"2024-06-17 23:36:29"}
{"level":"info","message":"User Data Directory - \"C:/Users/Productivity/AppData/Local/FoundryVTT\"","timestamp":"2024-06-17 23:36:29"}
{"level":"error","message":"A fatal error occurred while trying to start the Foundry Virtual Tabletop server: Foundry VTT cannot start in this directory which is already locked by another process.","stack":"Error: A fatal error occurred while trying to start the Foundry Virtual Tabletop server: Foundry VTT cannot start in this directory which is already locked by another process.\n    at _acquireLockFile (file:///C:/Program%20Files/Foundry%20Virtual%20Tabletop/resources/app/dist/init.mjs:1:4977)\n    at async _initializeCriticalFunctions (file:///C:/Program%20Files/Foundry%20Virtual%20Tabletop/resources/app/dist/init.mjs:1:2593)\n    at async Module.initialize (file:///C:/Program%20Files/Foundry%20Virtual%20Tabletop/resources/app/dist/init.mjs:1:1564)","timestamp":"2024-06-17 23:36:29"}
{"level":"info","message":"Running on Node.js - Version 18.12.1","timestamp":"2024-06-17 23:38:00"}
{"level":"info","message":"Foundry Virtual Tabletop - Version 11 Build 308","timestamp":"2024-06-17 23:38:00"}
{"level":"info","message":"User Data Directory - \"C:/Users/Productivity/AppData/Local/FoundryVTT\"","timestamp":"2024-06-17 23:38:00"}
{"level":"error","message":"A fatal error occurred while trying to start the Foundry Virtual Tabletop server: Foundry VTT cannot start in this directory which is already locked by another process.","stack":"Error: A fatal error occurred while trying to start the Foundry Virtual Tabletop server: Foundry VTT cannot start in this directory which is already locked by another process.\n    at _acquireLockFile (file:///C:/Program%20Files/Foundry%20Virtual%20Tabletop/resources/app/dist/init.mjs:1:4977)\n    at async _initializeCriticalFunctions (file:///C:/Program%20Files/Foundry%20Virtual%20Tabletop/resources/app/dist/init.mjs:1:2593)\n    at async Module.initialize (file:///C:/Program%20Files/Foundry%20Virtual%20Tabletop/resources/app/dist/init.mjs:1:1564)","timestamp":"2024-06-17 23:38:00"}
{"level":"info","message":"Running on Node.js - Version 18.12.1","timestamp":"2024-06-17 23:38:18"}
{"level":"info","message":"Foundry Virtual Tabletop - Version 11 Build 308","timestamp":"2024-06-17 23:38:18"}
{"level":"info","message":"User Data Directory - \"C:/Users/Productivity/AppData/Local/FoundryVTT\"","timestamp":"2024-06-17 23:38:18"}
{"level":"error","message":"A fatal error occurred while trying to start the Foundry Virtual Tabletop server: Foundry VTT cannot start in this directory which is already locked by another process.","stack":"Error: A fatal error occurred while trying to start the Foundry Virtual Tabletop server: Foundry VTT cannot start in this directory which is already locked by another process.\n    at _acquireLockFile (file:///C:/Program%20Files/Foundry%20Virtual%20Tabletop/resources/app/dist/init.mjs:1:4977)\n    at async _initializeCriticalFunctions (file:///C:/Program%20Files/Foundry%20Virtual%20Tabletop/resources/app/dist/init.mjs:1:2593)\n    at async Module.initialize (file:///C:/Program%20Files/Foundry%20Virtual%20Tabletop/resources/app/dist/init.mjs:1:1564)","timestamp":"2024-06-17 23:38:18"}
{"level":"info","message":"Running on Node.js - Version 18.12.1","timestamp":"2024-06-17 23:38:26"}
{"level":"info","message":"Foundry Virtual Tabletop - Version 11 Build 308","timestamp":"2024-06-17 23:38:26"}
{"level":"info","message":"User Data Directory - \"C:/Users/Productivity/AppData/Local/FoundryVTT\"","timestamp":"2024-06-17 23:38:26"}
{"level":"error","message":"A fatal error occurred while trying to start the Foundry Virtual Tabletop server: Foundry VTT cannot start in this directory which is already locked by another process.","stack":"Error: A fatal error occurred while trying to start the Foundry Virtual Tabletop server: Foundry VTT cannot start in this directory which is already locked by another process.\n    at _acquireLockFile (file:///C:/Program%20Files/Foundry%20Virtual%20Tabletop/resources/app/dist/init.mjs:1:4977)\n    at async _initializeCriticalFunctions (file:///C:/Program%20Files/Foundry%20Virtual%20Tabletop/resources/app/dist/init.mjs:1:2593)\n    at async Module.initialize (file:///C:/Program%20Files/Foundry%20Virtual%20Tabletop/resources/app/dist/init.mjs:1:1564)","timestamp":"2024-06-17 23:38:26"}
{"level":"info","message":"Shutting down Foundry Virtual Tabletop server","timestamp":"2024-06-17 23:39:24"}
{"level":"info","message":"Shut-down success. Goodbye!","timestamp":"2024-06-17 23:39:24"}
