{"level":"info","message":"Running on Node.js - Version 20.9.0","timestamp":"2024-12-22 13:17:01"}
{"level":"info","message":"Foundry Virtual Tabletop - Version 12 Build 331","timestamp":"2024-12-22 13:17:01"}
{"level":"info","message":"User Data Directory - \"C:/Users/ADMIN/Desktop/FoundryData\"","timestamp":"2024-12-22 13:17:01"}
{"level":"error","message":"A fatal error occurred while trying to start the Foundry Virtual Tabletop server: Foundry VTT cannot start in this directory which is already locked by another process.","stack":"Error: A fatal error occurred while trying to start the Foundry Virtual Tabletop server: Foundry VTT cannot start in this directory which is already locked by another process.\n    at _acquireLockFile (file:///C:/Program%20Files/Foundry%20Virtual%20Tabletop/resources/app/dist/init.mjs:1:5233)\n    at async _initializeCriticalFunctions (file:///C:/Program%20Files/Foundry%20Virtual%20Tabletop/resources/app/dist/init.mjs:1:2861)\n    at async Module.initialize (file:///C:/Program%20Files/Foundry%20Virtual%20Tabletop/resources/app/dist/init.mjs:1:1788)","timestamp":"2024-12-22 13:17:01"}
{"level":"info","message":"Running on Node.js - Version 20.9.0","timestamp":"2024-12-22 13:17:59"}
{"level":"info","message":"Foundry Virtual Tabletop - Version 12 Build 331","timestamp":"2024-12-22 13:17:59"}
{"level":"info","message":"User Data Directory - \"C:/Users/ADMIN/Desktop/FoundryData\"","timestamp":"2024-12-22 13:17:59"}
{"level":"info","message":"Application Options:\n{\n  \"compressStatic\": true,\n  \"fullscreen\": false,\n  \"hostname\": null,\n  \"language\": \"en.core\",\n  \"localHostname\": null,\n  \"port\": 30000,\n  \"protocol\": null,\n  \"proxyPort\": null,\n  \"proxySSL\": false,\n  \"routePrefix\": null,\n  \"updateChannel\": \"stable\",\n  \"upnp\": true,\n  \"upnpLeaseDuration\": null,\n  \"awsConfig\": null,\n  \"compressSocket\": true,\n  \"cssTheme\": \"foundry\",\n  \"deleteNEDB\": false,\n  \"hotReload\": false,\n  \"passwordSalt\": null,\n  \"sslCert\": null,\n  \"sslKey\": null,\n  \"world\": null,\n  \"serviceConfig\": null,\n  \"telemetry\": true,\n  \"adminPassword\": null,\n  \"noBackups\": false\n}","timestamp":"2024-12-22 13:17:59"}
{"level":"info","message":"Software license verification succeeded","timestamp":"2024-12-22 13:17:59"}
{"level":"info","message":"Requesting UPnP port forwarding to destination port 30000","timestamp":"2024-12-22 13:17:59"}
{"level":"info","message":"Running Electron application with version 29.4.0 using Chromium 122.0.6261.156","timestamp":"2024-12-22 13:17:59"}
{"level":"info","message":"Server started and listening on port 30000","timestamp":"2024-12-22 13:17:59"}
{"level":"info","message":"Created client session 98bb15141ad4f270e7b4ca64","timestamp":"2024-12-22 13:18:01"}
{"level":"warn","message":"The module \"gm-screen\" contains \"dependencies\" which is deprecated in favor of \"relationships.requires\"\nDeprecated since Version 10\nBackwards-compatible support will be removed in Version 13","timestamp":"2024-12-22 13:18:02"}
{"level":"warn","message":"The module \"gm-screen\" contains \"dependencies\" which is deprecated in favor of \"relationships.requires\"\nDeprecated since Version 10\nBackwards-compatible support will be removed in Version 13","timestamp":"2024-12-22 13:18:09"}
{"level":"info","message":"Connected to database \"actors\"","timestamp":"2024-12-22 13:18:09"}
{"level":"info","message":"Launching World | Loading World Data - 7%","timestamp":"2024-12-22 13:18:09"}
{"level":"info","message":"Connected to database \"cards\"","timestamp":"2024-12-22 13:18:09"}
{"level":"info","message":"Launching World | Loading World Data - 14%","timestamp":"2024-12-22 13:18:09"}
{"level":"info","message":"Connected to database \"messages\"","timestamp":"2024-12-22 13:18:09"}
{"level":"info","message":"Launching World | Loading World Data - 21%","timestamp":"2024-12-22 13:18:09"}
{"level":"info","message":"Connected to database \"combats\"","timestamp":"2024-12-22 13:18:09"}
{"level":"info","message":"Launching World | Loading World Data - 29%","timestamp":"2024-12-22 13:18:09"}
{"level":"info","message":"Connected to database \"fog\"","timestamp":"2024-12-22 13:18:09"}
{"level":"info","message":"Launching World | Loading World Data - 36%","timestamp":"2024-12-22 13:18:09"}
{"level":"info","message":"Connected to database \"folders\"","timestamp":"2024-12-22 13:18:09"}
{"level":"info","message":"Launching World | Loading World Data - 43%","timestamp":"2024-12-22 13:18:09"}
{"level":"info","message":"Connected to database \"items\"","timestamp":"2024-12-22 13:18:09"}
{"level":"info","message":"Launching World | Loading World Data - 50%","timestamp":"2024-12-22 13:18:09"}
{"level":"info","message":"Connected to database \"journal\"","timestamp":"2024-12-22 13:18:09"}
{"level":"info","message":"Launching World | Loading World Data - 57%","timestamp":"2024-12-22 13:18:09"}
{"level":"info","message":"Connected to database \"macros\"","timestamp":"2024-12-22 13:18:09"}
{"level":"info","message":"Launching World | Loading World Data - 64%","timestamp":"2024-12-22 13:18:09"}
{"level":"info","message":"Connected to database \"playlists\"","timestamp":"2024-12-22 13:18:09"}
{"level":"info","message":"Launching World | Loading World Data - 71%","timestamp":"2024-12-22 13:18:09"}
{"level":"info","message":"Connected to database \"tables\"","timestamp":"2024-12-22 13:18:09"}
{"level":"info","message":"Launching World | Loading World Data - 79%","timestamp":"2024-12-22 13:18:09"}
{"level":"info","message":"Connected to database \"scenes\"","timestamp":"2024-12-22 13:18:09"}
{"level":"info","message":"Launching World | Loading World Data - 86%","timestamp":"2024-12-22 13:18:09"}
{"level":"info","message":"Connected to database \"settings\"","timestamp":"2024-12-22 13:18:09"}
{"level":"info","message":"Launching World | Loading World Data - 93%","timestamp":"2024-12-22 13:18:09"}
{"level":"info","message":"Connected to database \"users\"","timestamp":"2024-12-22 13:18:09"}
{"level":"info","message":"Launching World | Loading World Data - 100%","timestamp":"2024-12-22 13:18:09"}
{"level":"info","message":"Launching World | Migrating World Data - 7%","timestamp":"2024-12-22 13:18:09"}
{"level":"info","message":"Launching World | Migrating World Data - 14%","timestamp":"2024-12-22 13:18:09"}
{"level":"info","message":"Launching World | Migrating World Data - 21%","timestamp":"2024-12-22 13:18:09"}
{"level":"info","message":"Launching World | Migrating World Data - 29%","timestamp":"2024-12-22 13:18:09"}
{"level":"info","message":"Launching World | Migrating World Data - 36%","timestamp":"2024-12-22 13:18:09"}
{"level":"info","message":"Launching World | Migrating World Data - 43%","timestamp":"2024-12-22 13:18:09"}
{"level":"info","message":"Launching World | Migrating World Data - 50%","timestamp":"2024-12-22 13:18:09"}
{"level":"info","message":"Launching World | Migrating World Data - 57%","timestamp":"2024-12-22 13:18:09"}
{"level":"info","message":"Launching World | Migrating World Data - 64%","timestamp":"2024-12-22 13:18:09"}
{"level":"info","message":"Launching World | Migrating World Data - 71%","timestamp":"2024-12-22 13:18:09"}
{"level":"info","message":"Launching World | Migrating World Data - 79%","timestamp":"2024-12-22 13:18:09"}
{"level":"info","message":"Launching World | Migrating World Data - 86%","timestamp":"2024-12-22 13:18:09"}
{"level":"info","message":"Launching World | Migrating World Data - 93%","timestamp":"2024-12-22 13:18:09"}
{"level":"info","message":"Launching World | Migrating World Data - 100%","timestamp":"2024-12-22 13:18:09"}
{"level":"info","message":"Launching World | Complete","timestamp":"2024-12-22 13:18:09"}
{"ip":"::1","level":"info","message":"User authentication successful for user Gamemaster","session":"98bb15141ad4f270e7b4ca64","timestamp":"2024-12-22 13:18:13"}
{"level":"info","message":"No system update for GURPS 4e Game Aid (Unofficial) is currently available.","timestamp":"2024-12-22 13:18:14"}
{"level":"info","message":"Vended World data to User [Qbeww56EkpVEOD1z] in 179ms","timestamp":"2024-12-22 13:18:14"}
{"level":"info","message":"Created client session 57237eb89edd786805aedbc4","timestamp":"2024-12-22 13:18:48"}
{"level":"warn","message":"The module \"gm-screen\" contains \"dependencies\" which is deprecated in favor of \"relationships.requires\"\nDeprecated since Version 10\nBackwards-compatible support will be removed in Version 13","timestamp":"2024-12-22 13:19:11"}
{"level":"warn","message":"The module \"gm-screen\" contains \"dependencies\" which is deprecated in favor of \"relationships.requires\"\nDeprecated since Version 10\nBackwards-compatible support will be removed in Version 13","timestamp":"2024-12-22 13:19:14"}
{"level":"info","message":"Connected to database \"actors\"","timestamp":"2024-12-22 13:19:14"}
{"level":"info","message":"Launching World | Loading World Data - 7%","timestamp":"2024-12-22 13:19:14"}
{"level":"info","message":"Connected to database \"cards\"","timestamp":"2024-12-22 13:19:14"}
{"level":"info","message":"Launching World | Loading World Data - 14%","timestamp":"2024-12-22 13:19:14"}
{"level":"info","message":"Connected to database \"messages\"","timestamp":"2024-12-22 13:19:14"}
{"level":"info","message":"Launching World | Loading World Data - 21%","timestamp":"2024-12-22 13:19:14"}
{"level":"info","message":"Connected to database \"combats\"","timestamp":"2024-12-22 13:19:14"}
{"level":"info","message":"Launching World | Loading World Data - 29%","timestamp":"2024-12-22 13:19:14"}
{"level":"info","message":"Connected to database \"fog\"","timestamp":"2024-12-22 13:19:14"}
{"level":"info","message":"Launching World | Loading World Data - 36%","timestamp":"2024-12-22 13:19:14"}
{"level":"info","message":"Connected to database \"folders\"","timestamp":"2024-12-22 13:19:14"}
{"level":"info","message":"Launching World | Loading World Data - 43%","timestamp":"2024-12-22 13:19:14"}
{"level":"info","message":"Connected to database \"items\"","timestamp":"2024-12-22 13:19:14"}
{"level":"info","message":"Launching World | Loading World Data - 50%","timestamp":"2024-12-22 13:19:14"}
{"level":"info","message":"Connected to database \"journal\"","timestamp":"2024-12-22 13:19:14"}
{"level":"info","message":"Launching World | Loading World Data - 57%","timestamp":"2024-12-22 13:19:14"}
{"level":"info","message":"Connected to database \"macros\"","timestamp":"2024-12-22 13:19:14"}
{"level":"info","message":"Launching World | Loading World Data - 64%","timestamp":"2024-12-22 13:19:14"}
{"level":"info","message":"Connected to database \"playlists\"","timestamp":"2024-12-22 13:19:14"}
{"level":"info","message":"Launching World | Loading World Data - 71%","timestamp":"2024-12-22 13:19:14"}
{"level":"info","message":"Connected to database \"tables\"","timestamp":"2024-12-22 13:19:14"}
{"level":"info","message":"Launching World | Loading World Data - 79%","timestamp":"2024-12-22 13:19:14"}
{"level":"info","message":"Connected to database \"scenes\"","timestamp":"2024-12-22 13:19:14"}
{"level":"info","message":"Launching World | Loading World Data - 86%","timestamp":"2024-12-22 13:19:14"}
{"level":"info","message":"Connected to database \"settings\"","timestamp":"2024-12-22 13:19:14"}
{"level":"info","message":"Launching World | Loading World Data - 93%","timestamp":"2024-12-22 13:19:14"}
{"level":"info","message":"Connected to database \"users\"","timestamp":"2024-12-22 13:19:14"}
{"level":"info","message":"Launching World | Loading World Data - 100%","timestamp":"2024-12-22 13:19:14"}
{"level":"info","message":"Launching World | Migrating World Data - 7%","timestamp":"2024-12-22 13:19:14"}
{"level":"info","message":"Launching World | Migrating World Data - 14%","timestamp":"2024-12-22 13:19:14"}
{"level":"info","message":"Launching World | Migrating World Data - 21%","timestamp":"2024-12-22 13:19:14"}
{"level":"info","message":"Launching World | Migrating World Data - 29%","timestamp":"2024-12-22 13:19:14"}
{"level":"info","message":"Launching World | Migrating World Data - 36%","timestamp":"2024-12-22 13:19:14"}
{"level":"info","message":"Launching World | Migrating World Data - 43%","timestamp":"2024-12-22 13:19:14"}
{"level":"info","message":"Launching World | Migrating World Data - 50%","timestamp":"2024-12-22 13:19:14"}
{"level":"info","message":"Launching World | Migrating World Data - 57%","timestamp":"2024-12-22 13:19:14"}
{"level":"info","message":"Launching World | Migrating World Data - 64%","timestamp":"2024-12-22 13:19:14"}
{"level":"info","message":"Launching World | Migrating World Data - 71%","timestamp":"2024-12-22 13:19:15"}
{"level":"info","message":"Launching World | Migrating World Data - 79%","timestamp":"2024-12-22 13:19:15"}
{"level":"info","message":"Launching World | Migrating World Data - 86%","timestamp":"2024-12-22 13:19:15"}
{"level":"info","message":"Launching World | Migrating World Data - 93%","timestamp":"2024-12-22 13:19:15"}
{"level":"info","message":"Launching World | Migrating World Data - 100%","timestamp":"2024-12-22 13:19:15"}
{"level":"info","message":"Launching World | Complete","timestamp":"2024-12-22 13:19:15"}
{"ip":"::ffff:127.186.63.200","level":"info","message":"User authentication successful for user Gamemaster","session":"57237eb89edd786805aedbc4","timestamp":"2024-12-22 13:19:27"}
{"level":"info","message":"No system update for GURPS 4e Game Aid (Unofficial) is currently available.","timestamp":"2024-12-22 13:19:31"}
{"level":"info","message":"Vended World data to User [Qbeww56EkpVEOD1z] in 124ms","timestamp":"2024-12-22 13:19:31"}
{"level":"info","message":"Created ChatMessage with id [z8oQXAiJ1TxptVty]","timestamp":"2024-12-22 13:19:36"}
{"level":"info","message":"Created Actor with id [h69Jj3VJHc6nEzEi]","timestamp":"2024-12-22 13:21:50"}
{"level":"info","message":"Created ChatMessage with id [RUztF4vzXgx4Dak8]","timestamp":"2024-12-22 16:00:12"}
{"level":"info","message":"Created JournalEntry with id [lnfchudfTe1i0ehb]","timestamp":"2024-12-22 16:01:11"}
{"level":"info","message":"Created JournalEntryPage with id [oEFlIkmBPVYFXeH0] in parent JournalEntry [lnfchudfTe1i0ehb]","timestamp":"2024-12-22 16:12:11"}
{"level":"info","message":"GURPS 4th - Basic Set - Characters.pdf saved to User Data storage","timestamp":"2024-12-22 16:12:50"}
{"level":"info","message":"Created JournalEntryPage with id [Jx9v1nlAJymJMvcI] in parent JournalEntry [lnfchudfTe1i0ehb]","timestamp":"2024-12-22 16:16:51"}
{"level":"info","message":"GURPS 4th - Basic Set - Campaigns.pdf saved to User Data storage","timestamp":"2024-12-22 16:17:33"}
{"level":"info","message":"Created JournalEntryPage with id [vCqeghv7MAOHowRA] in parent JournalEntry [lnfchudfTe1i0ehb]","timestamp":"2024-12-22 16:19:35"}
{"level":"info","message":"GURPS 4th - Magic.pdf saved to User Data storage","timestamp":"2024-12-22 16:20:15"}
{"level":"info","message":"Created JournalEntryPage with id [7EoOveZpZcWUitow] in parent JournalEntry [lnfchudfTe1i0ehb]","timestamp":"2024-12-22 16:32:26"}
{"level":"info","message":"GURPS 4th - Thaumatology.pdf saved to User Data storage","timestamp":"2024-12-22 16:32:37"}
{"level":"info","message":"Created JournalEntryPage with id [ITuCvyPCXnIASRcm] in parent JournalEntry [lnfchudfTe1i0ehb]","timestamp":"2024-12-22 16:33:53"}
{"level":"info","message":"GURPS 4th - Lite.pdf saved to User Data storage","timestamp":"2024-12-22 16:34:42"}
{"level":"info","message":"Created JournalEntryPage with id [9ypskQ3k2j5Abefb] in parent JournalEntry [lnfchudfTe1i0ehb]","timestamp":"2024-12-22 16:42:54"}
{"level":"info","message":"gurps-4th-edition-powers-1556347421_compress.pdf saved to User Data storage","timestamp":"2024-12-22 16:43:25"}
{"level":"info","message":"GURPS 4th - Powers.pdf saved to User Data storage","timestamp":"2024-12-22 16:44:07"}
{"level":"info","message":"Created JournalEntryPage with id [zyv11goeQEe3LAQV] in parent JournalEntry [lnfchudfTe1i0ehb]","timestamp":"2024-12-22 16:51:50"}
{"level":"info","message":"GURPS 2nd - Fantasy Folk.pdf saved to User Data storage","timestamp":"2024-12-22 16:52:01"}
{"level":"info","message":"Created JournalEntryPage with id [QWQHcpbu3yniMeU9] in parent JournalEntry [lnfchudfTe1i0ehb]","timestamp":"2024-12-22 16:54:22"}
{"level":"info","message":"GURPS 4th - Fantasy.pdf saved to User Data storage","timestamp":"2024-12-22 16:54:36"}
{"level":"info","message":"Created JournalEntryPage with id [lBkdhNIrxTqvDoJ9] in parent JournalEntry [lnfchudfTe1i0ehb]","timestamp":"2024-12-22 16:55:23"}
{"level":"info","message":"GURPS 4th - How To Be A GURPS GM.pdf saved to User Data storage","timestamp":"2024-12-22 16:55:32"}
{"level":"info","message":"Created JournalEntryPage with id [RdR8SLxw7ch106X5] in parent JournalEntry [lnfchudfTe1i0ehb]","timestamp":"2024-12-22 17:10:06"}
{"level":"info","message":"GURPS 4th - Power Ups 1 Imbuements.pdf saved to User Data storage","timestamp":"2024-12-22 17:10:48"}
{"level":"info","message":"Created JournalEntryPage with id [izbygwUUTehxs5Bz] in parent JournalEntry [lnfchudfTe1i0ehb]","timestamp":"2024-12-22 17:12:40"}
{"level":"info","message":"GURPS 4th - Power Ups 2 Perks.pdf saved to User Data storage","timestamp":"2024-12-22 17:12:47"}
{"level":"info","message":"Created JournalEntryPage with id [3Maupzz1nqzfZSzQ] in parent JournalEntry [lnfchudfTe1i0ehb]","timestamp":"2024-12-22 17:13:24"}
{"level":"info","message":"GURPS 4th - Power Ups 3 Talents.pdf saved to User Data storage","timestamp":"2024-12-22 17:13:34"}
{"level":"info","message":"Created JournalEntryPage with id [DkOgDDFlJ0OFOJL6] in parent JournalEntry [lnfchudfTe1i0ehb]","timestamp":"2024-12-22 17:22:45"}
{"level":"info","message":"GURPS 4th - Power Ups 4 Enchancements.pdf saved to User Data storage","timestamp":"2024-12-22 17:22:53"}
{"level":"info","message":"Created JournalEntryPage with id [aB8VXgYLpLamI5SC] in parent JournalEntry [lnfchudfTe1i0ehb]","timestamp":"2024-12-22 17:28:26"}
{"level":"info","message":"GURPS 4th - Power Ups 6 Quirks.pdf saved to User Data storage","timestamp":"2024-12-22 17:28:33"}
{"level":"info","message":"GURPS 4th - Power Ups 3 Talents.pdf saved to User Data storage","timestamp":"2024-12-22 17:30:49"}
{"level":"info","message":"GURPS 4th - Power Ups 3 Talents.pdf saved to User Data storage","timestamp":"2024-12-22 17:33:13"}
{"level":"info","message":"No system update for GURPS 4e Game Aid (Unofficial) is currently available.","timestamp":"2024-12-22 22:46:39"}
{"level":"info","message":"Vended World data to User [Qbeww56EkpVEOD1z] in 354ms","timestamp":"2024-12-22 22:46:39"}
