{"level":"info","message":"Created client session 3f5d170bb76154ce1aa3e44c","timestamp":"2024-09-20 12:59:44"}
{"level":"info","message":"Created client session 3e6cbc7177f76bcc8f89f7a1","timestamp":"2024-09-20 14:39:17"}
{"level":"info","message":"Created client session d23682125ede221edd1fc853","timestamp":"2024-09-20 16:26:40"}
{"ip":"::ffff:127.186.63.200","level":"info","message":"User authentication successful for user Gamemaster","session":"d23682125ede221edd1fc853","timestamp":"2024-09-20 16:26:44"}
{"level":"info","message":"Dungeons & Dragons Fifth Edition update 4.0.2 is now available!","timestamp":"2024-09-20 16:26:56"}
{"level":"info","message":"Vended World data to User [w9Ov9hnX4N0F1idt] in 2065ms","timestamp":"2024-09-20 16:26:56"}
{"level":"info","message":"Dungeons & Dragons Fifth Edition update 4.0.2 is now available!","timestamp":"2024-09-20 17:49:12"}
{"level":"info","message":"Vended World data to User [w9Ov9hnX4N0F1idt] in 1212ms","timestamp":"2024-09-20 17:49:13"}
{"level":"info","message":"Dungeons & Dragons Fifth Edition update 4.0.2 is now available!","timestamp":"2024-09-20 18:04:46"}
{"level":"info","message":"Vended World data to User [w9Ov9hnX4N0F1idt] in 2002ms","timestamp":"2024-09-20 18:04:46"}
{"level":"info","message":"Dungeons & Dragons Fifth Edition update 4.0.2 is now available!","timestamp":"2024-09-20 18:12:49"}
{"level":"info","message":"Vended World data to User [w9Ov9hnX4N0F1idt] in 1976ms","timestamp":"2024-09-20 18:12:49"}
{"level":"info","message":"Created client session 5cd25dda17caccfc11299476","timestamp":"2024-09-20 21:03:52"}
{"ip":"::ffff:127.82.119.179","level":"info","message":"User authentication successful for user Kirby","session":"5cd25dda17caccfc11299476","timestamp":"2024-09-20 21:04:01"}
{"level":"info","message":"Dungeons & Dragons Fifth Edition update 4.0.2 is now available!","timestamp":"2024-09-20 21:04:16"}
{"level":"info","message":"Vended World data to User [3PjdZxW3UhmghC9T] in 1215ms","timestamp":"2024-09-20 21:04:17"}
{"level":"info","message":"Dungeons & Dragons Fifth Edition update 4.0.2 is now available!","timestamp":"2024-09-20 21:08:34"}
{"level":"info","message":"Vended World data to User [w9Ov9hnX4N0F1idt] in 1175ms","timestamp":"2024-09-20 21:08:34"}
{"level":"info","message":"Created client session 2ac3466bc036bba07665c547","timestamp":"2024-09-20 21:08:59"}
{"ip":"::ffff:127.35.125.96","level":"info","message":"User authentication successful for user Pix","session":"2ac3466bc036bba07665c547","timestamp":"2024-09-20 21:09:09"}
{"level":"info","message":"Dungeons & Dragons Fifth Edition update 4.0.2 is now available!","timestamp":"2024-09-20 21:09:19"}
{"level":"info","message":"Running on Node.js - Version 20.14.0","timestamp":"2024-09-20 21:13:19"}
{"level":"info","message":"Foundry Virtual Tabletop - Version 12 Build 331","timestamp":"2024-09-20 21:13:19"}
{"level":"info","message":"User Data Directory - \"C:/Users/ADMIN/foundrydata\"","timestamp":"2024-09-20 21:13:19"}
{"level":"info","message":"Application Options:\n{\n  \"compressStatic\": true,\n  \"fullscreen\": false,\n  \"hostname\": null,\n  \"language\": \"en.core\",\n  \"localHostname\": null,\n  \"port\": 30000,\n  \"protocol\": null,\n  \"proxyPort\": null,\n  \"proxySSL\": false,\n  \"routePrefix\": null,\n  \"updateChannel\": \"stable\",\n  \"upnp\": true,\n  \"upnpLeaseDuration\": null,\n  \"awsConfig\": null,\n  \"compressSocket\": true,\n  \"cssTheme\": \"foundry\",\n  \"deleteNEDB\": false,\n  \"hotReload\": false,\n  \"passwordSalt\": null,\n  \"sslCert\": null,\n  \"sslKey\": null,\n  \"world\": null,\n  \"serviceConfig\": null,\n  \"telemetry\": false,\n  \"adminPassword\": null,\n  \"noBackups\": false\n}","timestamp":"2024-09-20 21:13:20"}
{"level":"info","message":"Software license verification succeeded","timestamp":"2024-09-20 21:13:20"}
{"level":"info","message":"Requesting UPnP port forwarding to destination port 30000","timestamp":"2024-09-20 21:13:20"}
{"level":"info","message":"Server started and listening on port 30000","timestamp":"2024-09-20 21:13:20"}
{"level":"warn","message":"Could not reach IP discovery service","timestamp":"2024-09-20 21:13:25"}
{"level":"info","message":"Created client session 7cbce4e91a7174fff53c7b88","timestamp":"2024-09-20 21:13:57"}
{"level":"warn","message":"The module \"gm-screen\" contains \"dependencies\" which is deprecated in favor of \"relationships.requires\"\nDeprecated since Version 10\nBackwards-compatible support will be removed in Version 13","timestamp":"2024-09-20 21:13:57"}
{"level":"info","message":"Created client session 6a6fc7c6015da81ddfdc8575","timestamp":"2024-09-20 21:14:05"}
{"level":"info","message":"Created client session 1e5d3745b00bb754e097ad95","timestamp":"2024-09-20 21:14:08"}
{"level":"info","message":"Created client session 3f00eb2b3ca96bdf9766b0eb","timestamp":"2024-09-20 21:14:11"}
{"level":"info","message":"Downloading package - 0%","timestamp":"2024-09-20 21:14:31"}
{"level":"info","message":"Downloading package - 1%","timestamp":"2024-09-20 21:14:32"}
{"level":"info","message":"Downloading package - 2%","timestamp":"2024-09-20 21:14:32"}
{"level":"info","message":"Downloading package - 3%","timestamp":"2024-09-20 21:14:32"}
{"level":"info","message":"Downloading package - 4%","timestamp":"2024-09-20 21:14:33"}
{"level":"info","message":"Downloading package - 5%","timestamp":"2024-09-20 21:14:33"}
{"level":"info","message":"Downloading package - 6%","timestamp":"2024-09-20 21:14:33"}
{"level":"info","message":"Downloading package - 7%","timestamp":"2024-09-20 21:14:33"}
{"level":"info","message":"Downloading package - 8%","timestamp":"2024-09-20 21:14:33"}
{"level":"info","message":"Downloading package - 9%","timestamp":"2024-09-20 21:14:34"}
{"level":"info","message":"Downloading package - 10%","timestamp":"2024-09-20 21:14:34"}
{"level":"info","message":"Downloading package - 11%","timestamp":"2024-09-20 21:14:34"}
{"level":"info","message":"Downloading package - 12%","timestamp":"2024-09-20 21:14:34"}
{"level":"info","message":"Downloading package - 13%","timestamp":"2024-09-20 21:14:34"}
{"level":"info","message":"Downloading package - 14%","timestamp":"2024-09-20 21:14:35"}
{"level":"info","message":"Downloading package - 15%","timestamp":"2024-09-20 21:14:35"}
{"level":"info","message":"Downloading package - 16%","timestamp":"2024-09-20 21:14:35"}
{"level":"info","message":"Downloading package - 17%","timestamp":"2024-09-20 21:14:35"}
{"level":"info","message":"Downloading package - 18%","timestamp":"2024-09-20 21:14:35"}
{"level":"info","message":"Downloading package - 19%","timestamp":"2024-09-20 21:14:35"}
{"level":"info","message":"Downloading package - 20%","timestamp":"2024-09-20 21:14:35"}
{"level":"info","message":"Downloading package - 21%","timestamp":"2024-09-20 21:14:35"}
{"level":"info","message":"Downloading package - 22%","timestamp":"2024-09-20 21:14:36"}
{"level":"info","message":"Downloading package - 23%","timestamp":"2024-09-20 21:14:36"}
{"level":"info","message":"Downloading package - 24%","timestamp":"2024-09-20 21:14:36"}
{"level":"info","message":"Downloading package - 25%","timestamp":"2024-09-20 21:14:36"}
{"level":"info","message":"Downloading package - 26%","timestamp":"2024-09-20 21:14:36"}
{"level":"info","message":"Downloading package - 27%","timestamp":"2024-09-20 21:14:36"}
{"level":"info","message":"Downloading package - 28%","timestamp":"2024-09-20 21:14:36"}
{"level":"info","message":"Downloading package - 29%","timestamp":"2024-09-20 21:14:36"}
{"level":"info","message":"Downloading package - 30%","timestamp":"2024-09-20 21:14:37"}
{"level":"info","message":"Downloading package - 31%","timestamp":"2024-09-20 21:14:37"}
{"level":"info","message":"Downloading package - 32%","timestamp":"2024-09-20 21:14:37"}
{"level":"info","message":"Downloading package - 33%","timestamp":"2024-09-20 21:14:37"}
{"level":"info","message":"Downloading package - 34%","timestamp":"2024-09-20 21:14:37"}
{"level":"info","message":"Downloading package - 35%","timestamp":"2024-09-20 21:14:37"}
{"level":"info","message":"Downloading package - 36%","timestamp":"2024-09-20 21:14:37"}
{"level":"info","message":"Downloading package - 37%","timestamp":"2024-09-20 21:14:37"}
{"level":"info","message":"Downloading package - 38%","timestamp":"2024-09-20 21:14:38"}
{"level":"info","message":"Downloading package - 39%","timestamp":"2024-09-20 21:14:38"}
{"level":"info","message":"Downloading package - 40%","timestamp":"2024-09-20 21:14:38"}
{"level":"info","message":"Downloading package - 41%","timestamp":"2024-09-20 21:14:38"}
{"level":"info","message":"Downloading package - 42%","timestamp":"2024-09-20 21:14:38"}
{"level":"info","message":"Downloading package - 43%","timestamp":"2024-09-20 21:14:38"}
{"level":"info","message":"Downloading package - 44%","timestamp":"2024-09-20 21:14:38"}
{"level":"info","message":"Downloading package - 45%","timestamp":"2024-09-20 21:14:38"}
{"level":"info","message":"Downloading package - 46%","timestamp":"2024-09-20 21:14:38"}
{"level":"info","message":"Downloading package - 47%","timestamp":"2024-09-20 21:14:39"}
{"level":"info","message":"Downloading package - 48%","timestamp":"2024-09-20 21:14:39"}
{"level":"info","message":"Downloading package - 49%","timestamp":"2024-09-20 21:14:39"}
{"level":"info","message":"Downloading package - 50%","timestamp":"2024-09-20 21:14:39"}
{"level":"info","message":"Downloading package - 51%","timestamp":"2024-09-20 21:14:39"}
{"level":"info","message":"Downloading package - 52%","timestamp":"2024-09-20 21:14:39"}
{"level":"info","message":"Downloading package - 53%","timestamp":"2024-09-20 21:14:39"}
{"level":"info","message":"Downloading package - 54%","timestamp":"2024-09-20 21:14:39"}
{"level":"info","message":"Downloading package - 55%","timestamp":"2024-09-20 21:14:40"}
{"level":"info","message":"Downloading package - 56%","timestamp":"2024-09-20 21:14:40"}
{"level":"info","message":"Downloading package - 57%","timestamp":"2024-09-20 21:14:40"}
{"level":"info","message":"Downloading package - 58%","timestamp":"2024-09-20 21:14:40"}
{"level":"info","message":"Downloading package - 59%","timestamp":"2024-09-20 21:14:40"}
{"level":"info","message":"Downloading package - 60%","timestamp":"2024-09-20 21:14:40"}
{"level":"info","message":"Downloading package - 61%","timestamp":"2024-09-20 21:14:40"}
{"level":"info","message":"Downloading package - 62%","timestamp":"2024-09-20 21:14:40"}
{"level":"info","message":"Downloading package - 63%","timestamp":"2024-09-20 21:14:40"}
{"level":"info","message":"Downloading package - 64%","timestamp":"2024-09-20 21:14:41"}
{"level":"info","message":"Downloading package - 65%","timestamp":"2024-09-20 21:14:41"}
{"level":"info","message":"Downloading package - 66%","timestamp":"2024-09-20 21:14:41"}
{"level":"info","message":"Downloading package - 67%","timestamp":"2024-09-20 21:14:41"}
{"level":"info","message":"Downloading package - 68%","timestamp":"2024-09-20 21:14:41"}
{"level":"info","message":"Downloading package - 69%","timestamp":"2024-09-20 21:14:41"}
{"level":"info","message":"Downloading package - 70%","timestamp":"2024-09-20 21:14:41"}
{"level":"info","message":"Downloading package - 71%","timestamp":"2024-09-20 21:14:41"}
{"level":"info","message":"Downloading package - 72%","timestamp":"2024-09-20 21:14:42"}
{"level":"info","message":"Downloading package - 73%","timestamp":"2024-09-20 21:14:42"}
{"level":"info","message":"Downloading package - 74%","timestamp":"2024-09-20 21:14:42"}
{"level":"info","message":"Downloading package - 75%","timestamp":"2024-09-20 21:14:42"}
{"level":"info","message":"Downloading package - 76%","timestamp":"2024-09-20 21:14:42"}
{"level":"info","message":"Downloading package - 77%","timestamp":"2024-09-20 21:14:42"}
{"level":"info","message":"Downloading package - 78%","timestamp":"2024-09-20 21:14:42"}
{"level":"info","message":"Downloading package - 79%","timestamp":"2024-09-20 21:14:42"}
{"level":"info","message":"Downloading package - 80%","timestamp":"2024-09-20 21:14:43"}
{"level":"info","message":"Downloading package - 81%","timestamp":"2024-09-20 21:14:43"}
{"level":"info","message":"Downloading package - 82%","timestamp":"2024-09-20 21:14:43"}
{"level":"info","message":"Downloading package - 83%","timestamp":"2024-09-20 21:14:43"}
{"level":"info","message":"Downloading package - 84%","timestamp":"2024-09-20 21:14:43"}
{"level":"info","message":"Downloading package - 85%","timestamp":"2024-09-20 21:14:43"}
{"level":"info","message":"Downloading package - 86%","timestamp":"2024-09-20 21:14:43"}
{"level":"info","message":"Downloading package - 87%","timestamp":"2024-09-20 21:14:43"}
{"level":"info","message":"Downloading package - 88%","timestamp":"2024-09-20 21:14:44"}
{"level":"info","message":"Downloading package - 89%","timestamp":"2024-09-20 21:14:44"}
{"level":"info","message":"Downloading package - 90%","timestamp":"2024-09-20 21:14:44"}
{"level":"info","message":"Downloading package - 91%","timestamp":"2024-09-20 21:14:44"}
{"level":"info","message":"Downloading package - 92%","timestamp":"2024-09-20 21:14:44"}
{"level":"info","message":"Downloading package - 93%","timestamp":"2024-09-20 21:14:44"}
{"level":"info","message":"Downloading package - 94%","timestamp":"2024-09-20 21:14:44"}
{"level":"info","message":"Downloading package - 95%","timestamp":"2024-09-20 21:14:44"}
{"level":"info","message":"Downloading package - 96%","timestamp":"2024-09-20 21:14:44"}
{"level":"info","message":"Downloading package - 97%","timestamp":"2024-09-20 21:14:45"}
{"level":"info","message":"Downloading package - 98%","timestamp":"2024-09-20 21:14:45"}
{"level":"info","message":"Downloading package - 99%","timestamp":"2024-09-20 21:14:45"}
{"level":"info","message":"Downloading package - 100%","timestamp":"2024-09-20 21:14:45"}
{"level":"info","message":"Installing package - 0%","timestamp":"2024-09-20 21:14:46"}
{"level":"info","message":"Installing package - 1%","timestamp":"2024-09-20 21:14:46"}
{"level":"info","message":"Installing package - 2%","timestamp":"2024-09-20 21:14:46"}
{"level":"info","message":"Installing package - 3%","timestamp":"2024-09-20 21:14:46"}
{"level":"info","message":"Installing package - 4%","timestamp":"2024-09-20 21:14:46"}
{"level":"info","message":"Installing package - 5%","timestamp":"2024-09-20 21:14:46"}
{"level":"info","message":"Installing package - 6%","timestamp":"2024-09-20 21:14:46"}
{"level":"info","message":"Installing package - 7%","timestamp":"2024-09-20 21:14:46"}
{"level":"info","message":"Installing package - 8%","timestamp":"2024-09-20 21:14:46"}
{"level":"info","message":"Installing package - 9%","timestamp":"2024-09-20 21:14:46"}
{"level":"info","message":"Installing package - 10%","timestamp":"2024-09-20 21:14:46"}
{"level":"info","message":"Installing package - 11%","timestamp":"2024-09-20 21:14:46"}
{"level":"info","message":"Installing package - 12%","timestamp":"2024-09-20 21:14:46"}
{"level":"info","message":"Installing package - 13%","timestamp":"2024-09-20 21:14:46"}
{"level":"info","message":"Installing package - 14%","timestamp":"2024-09-20 21:14:46"}
{"level":"info","message":"Installing package - 15%","timestamp":"2024-09-20 21:14:46"}
{"level":"info","message":"Installing package - 16%","timestamp":"2024-09-20 21:14:46"}
{"level":"info","message":"Installing package - 17%","timestamp":"2024-09-20 21:14:46"}
{"level":"info","message":"Installing package - 18%","timestamp":"2024-09-20 21:14:46"}
{"level":"info","message":"Installing package - 19%","timestamp":"2024-09-20 21:14:46"}
{"level":"info","message":"Installing package - 20%","timestamp":"2024-09-20 21:14:46"}
{"level":"info","message":"Installing package - 21%","timestamp":"2024-09-20 21:14:46"}
{"level":"info","message":"Installing package - 22%","timestamp":"2024-09-20 21:14:46"}
{"level":"info","message":"Installing package - 23%","timestamp":"2024-09-20 21:14:46"}
{"level":"info","message":"Installing package - 24%","timestamp":"2024-09-20 21:14:46"}
{"level":"info","message":"Installing package - 25%","timestamp":"2024-09-20 21:14:46"}
{"level":"info","message":"Installing package - 26%","timestamp":"2024-09-20 21:14:46"}
{"level":"info","message":"Installing package - 27%","timestamp":"2024-09-20 21:14:46"}
{"level":"info","message":"Installing package - 28%","timestamp":"2024-09-20 21:14:46"}
{"level":"info","message":"Installing package - 29%","timestamp":"2024-09-20 21:14:46"}
{"level":"info","message":"Installing package - 30%","timestamp":"2024-09-20 21:14:46"}
{"level":"info","message":"Installing package - 31%","timestamp":"2024-09-20 21:14:46"}
{"level":"info","message":"Installing package - 32%","timestamp":"2024-09-20 21:14:46"}
{"level":"info","message":"Installing package - 33%","timestamp":"2024-09-20 21:14:46"}
{"level":"info","message":"Installing package - 34%","timestamp":"2024-09-20 21:14:46"}
{"level":"info","message":"Installing package - 35%","timestamp":"2024-09-20 21:14:46"}
{"level":"info","message":"Installing package - 36%","timestamp":"2024-09-20 21:14:46"}
{"level":"info","message":"Installing package - 37%","timestamp":"2024-09-20 21:14:47"}
{"level":"info","message":"Installing package - 38%","timestamp":"2024-09-20 21:14:47"}
{"level":"info","message":"Installing package - 39%","timestamp":"2024-09-20 21:14:47"}
{"level":"info","message":"Installing package - 40%","timestamp":"2024-09-20 21:14:47"}
{"level":"info","message":"Installing package - 41%","timestamp":"2024-09-20 21:14:47"}
{"level":"info","message":"Installing package - 42%","timestamp":"2024-09-20 21:14:47"}
{"level":"info","message":"Installing package - 43%","timestamp":"2024-09-20 21:14:47"}
{"level":"info","message":"Installing package - 44%","timestamp":"2024-09-20 21:14:47"}
{"level":"info","message":"Installing package - 45%","timestamp":"2024-09-20 21:14:47"}
{"level":"info","message":"Installing package - 46%","timestamp":"2024-09-20 21:14:47"}
{"level":"info","message":"Installing package - 47%","timestamp":"2024-09-20 21:14:47"}
{"level":"info","message":"Installing package - 48%","timestamp":"2024-09-20 21:14:47"}
{"level":"info","message":"Installing package - 49%","timestamp":"2024-09-20 21:14:47"}
{"level":"info","message":"Installing package - 50%","timestamp":"2024-09-20 21:14:47"}
{"level":"info","message":"Installing package - 51%","timestamp":"2024-09-20 21:14:47"}
{"level":"info","message":"Installing package - 52%","timestamp":"2024-09-20 21:14:47"}
{"level":"info","message":"Installing package - 53%","timestamp":"2024-09-20 21:14:47"}
{"level":"info","message":"Installing package - 54%","timestamp":"2024-09-20 21:14:47"}
{"level":"info","message":"Installing package - 55%","timestamp":"2024-09-20 21:14:47"}
{"level":"info","message":"Installing package - 56%","timestamp":"2024-09-20 21:14:47"}
{"level":"info","message":"Installing package - 57%","timestamp":"2024-09-20 21:14:47"}
{"level":"info","message":"Installing package - 58%","timestamp":"2024-09-20 21:14:47"}
{"level":"info","message":"Installing package - 59%","timestamp":"2024-09-20 21:14:47"}
{"level":"info","message":"Installing package - 60%","timestamp":"2024-09-20 21:14:47"}
{"level":"info","message":"Installing package - 61%","timestamp":"2024-09-20 21:14:47"}
{"level":"info","message":"Installing package - 62%","timestamp":"2024-09-20 21:14:47"}
{"level":"info","message":"Installing package - 63%","timestamp":"2024-09-20 21:14:47"}
{"level":"info","message":"Installing package - 64%","timestamp":"2024-09-20 21:14:47"}
{"level":"info","message":"Installing package - 65%","timestamp":"2024-09-20 21:14:47"}
{"level":"info","message":"Installing package - 66%","timestamp":"2024-09-20 21:14:47"}
{"level":"info","message":"Installing package - 67%","timestamp":"2024-09-20 21:14:48"}
{"level":"info","message":"Installing package - 68%","timestamp":"2024-09-20 21:14:48"}
{"level":"info","message":"Installing package - 69%","timestamp":"2024-09-20 21:14:48"}
{"level":"info","message":"Installing package - 70%","timestamp":"2024-09-20 21:14:48"}
{"level":"info","message":"Installing package - 71%","timestamp":"2024-09-20 21:14:48"}
{"level":"info","message":"Installing package - 72%","timestamp":"2024-09-20 21:14:48"}
{"level":"info","message":"Installing package - 73%","timestamp":"2024-09-20 21:14:48"}
{"level":"info","message":"Installing package - 74%","timestamp":"2024-09-20 21:14:48"}
{"level":"info","message":"Installing package - 75%","timestamp":"2024-09-20 21:14:48"}
{"level":"info","message":"Installing package - 76%","timestamp":"2024-09-20 21:14:48"}
{"level":"info","message":"Installing package - 77%","timestamp":"2024-09-20 21:14:48"}
{"level":"info","message":"Installing package - 78%","timestamp":"2024-09-20 21:14:48"}
{"level":"info","message":"Installing package - 79%","timestamp":"2024-09-20 21:14:48"}
{"level":"info","message":"Installing package - 80%","timestamp":"2024-09-20 21:14:48"}
{"level":"info","message":"Installing package - 81%","timestamp":"2024-09-20 21:14:48"}
{"level":"info","message":"Installing package - 82%","timestamp":"2024-09-20 21:14:48"}
{"level":"info","message":"Installing package - 83%","timestamp":"2024-09-20 21:14:48"}
{"level":"info","message":"Installing package - 84%","timestamp":"2024-09-20 21:14:48"}
{"level":"info","message":"Installing package - 85%","timestamp":"2024-09-20 21:14:48"}
{"level":"info","message":"Installing package - 86%","timestamp":"2024-09-20 21:14:48"}
{"level":"info","message":"Installing package - 87%","timestamp":"2024-09-20 21:14:48"}
{"level":"info","message":"Installing package - 88%","timestamp":"2024-09-20 21:14:48"}
{"level":"info","message":"Installing package - 89%","timestamp":"2024-09-20 21:14:48"}
{"level":"info","message":"Installing package - 90%","timestamp":"2024-09-20 21:14:49"}
{"level":"info","message":"Installing package - 91%","timestamp":"2024-09-20 21:14:49"}
{"level":"info","message":"Installing package - 92%","timestamp":"2024-09-20 21:14:49"}
{"level":"info","message":"Installing package - 93%","timestamp":"2024-09-20 21:14:49"}
{"level":"info","message":"Installing package - 94%","timestamp":"2024-09-20 21:14:49"}
{"level":"info","message":"Installing package - 95%","timestamp":"2024-09-20 21:14:49"}
{"level":"info","message":"Installing package - 96%","timestamp":"2024-09-20 21:14:49"}
{"level":"info","message":"Installing package - 97%","timestamp":"2024-09-20 21:14:49"}
{"level":"info","message":"Installing package - 98%","timestamp":"2024-09-20 21:14:49"}
{"level":"info","message":"Installing package - 99%","timestamp":"2024-09-20 21:14:49"}
{"level":"info","message":"Installing package - 100%","timestamp":"2024-09-20 21:14:49"}
{"level":"info","message":"Installed system dnd5e","timestamp":"2024-09-20 21:14:49"}
{"level":"info","message":"complete - 100%","timestamp":"2024-09-20 21:14:49"}
{"level":"error","message":"Could not get Repository Packages - The request to https://foundryvtt.com/_api/packages/get timed out after 10s.","timestamp":"2024-09-20 21:16:07"}
{"level":"warn","message":"Timed Out","timestamp":"2024-09-20 21:16:12"}
{"level":"warn","message":"Timed Out","timestamp":"2024-09-20 21:16:12"}
{"level":"warn","message":"Timed Out","timestamp":"2024-09-20 21:16:12"}
{"level":"error","message":"Could not get Repository Packages - The request to https://foundryvtt.com/_api/packages/get timed out after 10s.","timestamp":"2024-09-20 21:16:17"}
{"level":"warn","message":"Timed Out","timestamp":"2024-09-20 21:16:22"}
{"level":"warn","message":"Timed Out","timestamp":"2024-09-20 21:16:22"}
{"level":"warn","message":"Timed Out","timestamp":"2024-09-20 21:16:22"}
{"level":"warn","message":"Timed Out","timestamp":"2024-09-20 21:16:22"}
{"level":"warn","message":"Timed Out","timestamp":"2024-09-20 21:16:22"}
{"level":"error","message":"Could not get Repository Packages - The request to https://foundryvtt.com/_api/packages/get timed out after 10s.","timestamp":"2024-09-20 21:16:32"}
{"level":"info","message":"Writing backup for world 'yadora-a-land-fallen'.","timestamp":"2024-09-20 21:16:36"}
{"level":"info","message":"createBackup archive progress - 0%","timestamp":"2024-09-20 21:16:36"}
{"level":"info","message":"createBackup archive progress - 1%","timestamp":"2024-09-20 21:16:36"}
{"level":"info","message":"createBackup archive progress - 2%","timestamp":"2024-09-20 21:16:36"}
{"level":"info","message":"createBackup archive progress - 3%","timestamp":"2024-09-20 21:16:36"}
{"level":"info","message":"createBackup archive progress - 4%","timestamp":"2024-09-20 21:16:36"}
{"level":"info","message":"createBackup archive progress - 5%","timestamp":"2024-09-20 21:16:36"}
{"level":"info","message":"createBackup archive progress - 6%","timestamp":"2024-09-20 21:16:36"}
{"level":"info","message":"createBackup archive progress - 7%","timestamp":"2024-09-20 21:16:37"}
{"level":"info","message":"createBackup archive progress - 13%","timestamp":"2024-09-20 21:16:37"}
{"level":"info","message":"createBackup archive progress - 14%","timestamp":"2024-09-20 21:16:37"}
{"level":"info","message":"createBackup archive progress - 20%","timestamp":"2024-09-20 21:16:37"}
{"level":"info","message":"createBackup archive progress - 21%","timestamp":"2024-09-20 21:16:37"}
{"level":"info","message":"createBackup archive progress - 27%","timestamp":"2024-09-20 21:16:37"}
{"level":"info","message":"createBackup archive progress - 32%","timestamp":"2024-09-20 21:16:37"}
{"level":"info","message":"createBackup archive progress - 38%","timestamp":"2024-09-20 21:16:37"}
{"level":"info","message":"createBackup archive progress - 44%","timestamp":"2024-09-20 21:16:37"}
{"level":"warn","message":"Timed Out","timestamp":"2024-09-20 21:16:37"}
{"level":"warn","message":"Timed Out","timestamp":"2024-09-20 21:16:37"}
{"level":"warn","message":"Timed Out","timestamp":"2024-09-20 21:16:37"}
{"level":"warn","message":"Timed Out","timestamp":"2024-09-20 21:16:37"}
{"level":"warn","message":"Timed Out","timestamp":"2024-09-20 21:16:37"}
{"level":"info","message":"createBackup archive progress - 50%","timestamp":"2024-09-20 21:16:37"}
{"level":"info","message":"createBackup archive progress - 56%","timestamp":"2024-09-20 21:16:37"}
{"level":"info","message":"createBackup archive progress - 61%","timestamp":"2024-09-20 21:16:38"}
{"level":"info","message":"createBackup archive progress - 67%","timestamp":"2024-09-20 21:16:38"}
{"level":"info","message":"createBackup archive progress - 73%","timestamp":"2024-09-20 21:16:38"}
{"level":"info","message":"createBackup archive progress - 79%","timestamp":"2024-09-20 21:16:38"}
{"level":"info","message":"createBackup archive progress - 85%","timestamp":"2024-09-20 21:16:38"}
{"level":"info","message":"createBackup archive progress - 90%","timestamp":"2024-09-20 21:16:38"}
{"level":"info","message":"createBackup archive progress - 96%","timestamp":"2024-09-20 21:16:38"}
{"level":"info","message":"createBackup archive progress - 97%","timestamp":"2024-09-20 21:16:38"}
{"level":"info","message":"createBackup archive progress - 98%","timestamp":"2024-09-20 21:16:38"}
{"level":"info","message":"createBackup archive progress - 100%","timestamp":"2024-09-20 21:16:38"}
{"level":"info","message":"Wrote backup for world 'yadora-a-land-fallen' to 'C:\\Users\\ADMIN\\foundrydata\\Backups\\worlds\\yadora-a-land-fallen\\world.yadora-a-land-fallen.2024-09-20.1726881394594.bak'. Wrote 19831080 bytes.","timestamp":"2024-09-20 21:16:38"}
{"level":"warn","message":"The module \"gm-screen\" contains \"dependencies\" which is deprecated in favor of \"relationships.requires\"\nDeprecated since Version 10\nBackwards-compatible support will be removed in Version 13","timestamp":"2024-09-20 21:16:39"}
{"level":"info","message":"Connected to database \"actors\"","timestamp":"2024-09-20 21:16:39"}
{"level":"info","message":"Launching World | Loading World Data - 7%","timestamp":"2024-09-20 21:16:39"}
{"level":"info","message":"Connected to database \"cards\"","timestamp":"2024-09-20 21:16:39"}
{"level":"info","message":"Launching World | Loading World Data - 14%","timestamp":"2024-09-20 21:16:39"}
{"level":"info","message":"Connected to database \"messages\"","timestamp":"2024-09-20 21:16:39"}
{"level":"info","message":"Launching World | Loading World Data - 21%","timestamp":"2024-09-20 21:16:39"}
{"level":"info","message":"Connected to database \"combats\"","timestamp":"2024-09-20 21:16:39"}
{"level":"info","message":"Launching World | Loading World Data - 29%","timestamp":"2024-09-20 21:16:39"}
{"level":"info","message":"Connected to database \"fog\"","timestamp":"2024-09-20 21:16:39"}
{"level":"info","message":"Launching World | Loading World Data - 36%","timestamp":"2024-09-20 21:16:39"}
{"level":"info","message":"Connected to database \"folders\"","timestamp":"2024-09-20 21:16:39"}
{"level":"info","message":"Launching World | Loading World Data - 43%","timestamp":"2024-09-20 21:16:39"}
{"level":"info","message":"Connected to database \"items\"","timestamp":"2024-09-20 21:16:39"}
{"level":"info","message":"Launching World | Loading World Data - 50%","timestamp":"2024-09-20 21:16:39"}
{"level":"info","message":"Connected to database \"journal\"","timestamp":"2024-09-20 21:16:39"}
{"level":"info","message":"Launching World | Loading World Data - 57%","timestamp":"2024-09-20 21:16:39"}
{"level":"info","message":"Connected to database \"macros\"","timestamp":"2024-09-20 21:16:39"}
{"level":"info","message":"Launching World | Loading World Data - 64%","timestamp":"2024-09-20 21:16:39"}
{"level":"info","message":"Connected to database \"playlists\"","timestamp":"2024-09-20 21:16:39"}
{"level":"info","message":"Launching World | Loading World Data - 71%","timestamp":"2024-09-20 21:16:39"}
{"level":"info","message":"Connected to database \"tables\"","timestamp":"2024-09-20 21:16:39"}
{"level":"info","message":"Launching World | Loading World Data - 79%","timestamp":"2024-09-20 21:16:39"}
{"level":"info","message":"Connected to database \"scenes\"","timestamp":"2024-09-20 21:16:39"}
{"level":"info","message":"Launching World | Loading World Data - 86%","timestamp":"2024-09-20 21:16:39"}
{"level":"info","message":"Connected to database \"settings\"","timestamp":"2024-09-20 21:16:39"}
{"level":"info","message":"Launching World | Loading World Data - 93%","timestamp":"2024-09-20 21:16:39"}
{"level":"info","message":"Connected to database \"users\"","timestamp":"2024-09-20 21:16:39"}
{"level":"info","message":"Launching World | Loading World Data - 100%","timestamp":"2024-09-20 21:16:39"}
{"level":"info","message":"Launching World | Migrating World Data - 7%","timestamp":"2024-09-20 21:16:39"}
{"level":"info","message":"Launching World | Migrating World Data - 14%","timestamp":"2024-09-20 21:16:39"}
{"level":"info","message":"Launching World | Migrating World Data - 21%","timestamp":"2024-09-20 21:16:39"}
{"level":"info","message":"Launching World | Migrating World Data - 29%","timestamp":"2024-09-20 21:16:39"}
{"level":"info","message":"Launching World | Migrating World Data - 36%","timestamp":"2024-09-20 21:16:39"}
{"level":"info","message":"Launching World | Migrating World Data - 43%","timestamp":"2024-09-20 21:16:39"}
{"level":"info","message":"Launching World | Migrating World Data - 50%","timestamp":"2024-09-20 21:16:39"}
{"level":"info","message":"Launching World | Migrating World Data - 57%","timestamp":"2024-09-20 21:16:39"}
{"level":"info","message":"Launching World | Migrating World Data - 64%","timestamp":"2024-09-20 21:16:39"}
{"level":"info","message":"Launching World | Migrating World Data - 71%","timestamp":"2024-09-20 21:16:39"}
{"level":"info","message":"Launching World | Migrating World Data - 79%","timestamp":"2024-09-20 21:16:39"}
{"level":"info","message":"Launching World | Migrating World Data - 86%","timestamp":"2024-09-20 21:16:39"}
{"level":"info","message":"Launching World | Migrating World Data - 93%","timestamp":"2024-09-20 21:16:39"}
{"level":"info","message":"Launching World | Migrating World Data - 100%","timestamp":"2024-09-20 21:16:39"}
{"level":"info","message":"Connected to database \"world.classes\"","timestamp":"2024-09-20 21:16:39"}
{"level":"info","message":"Launching World | Loading Package Data - 2%","timestamp":"2024-09-20 21:16:39"}
{"level":"info","message":"Connected to database \"world.races\"","timestamp":"2024-09-20 21:16:39"}
{"level":"info","message":"Launching World | Loading Package Data - 3%","timestamp":"2024-09-20 21:16:39"}
{"level":"info","message":"Connected to database \"world.AcquisitionsIncorporated-rollTable\"","timestamp":"2024-09-20 21:16:39"}
{"level":"info","message":"Launching World | Loading Package Data - 5%","timestamp":"2024-09-20 21:16:39"}
{"level":"info","message":"Connected to database \"world.EberronRising-rollTable\"","timestamp":"2024-09-20 21:16:39"}
{"level":"info","message":"Launching World | Loading Package Data - 6%","timestamp":"2024-09-20 21:16:39"}
{"level":"info","message":"Connected to database \"world.AdventuresLeague-rollTable\"","timestamp":"2024-09-20 21:16:39"}
{"level":"info","message":"Launching World | Loading Package Data - 8%","timestamp":"2024-09-20 21:16:39"}
{"level":"info","message":"Connected to database \"world.BaldursGateDescentIntoAvernus-rollTable\"","timestamp":"2024-09-20 21:16:39"}
{"level":"info","message":"Launching World | Loading Package Data - 10%","timestamp":"2024-09-20 21:16:39"}
{"level":"info","message":"Connected to database \"world.CurseOfStrahd-rollTable\"","timestamp":"2024-09-20 21:16:39"}
{"level":"info","message":"Launching World | Loading Package Data - 11%","timestamp":"2024-09-20 21:16:39"}
{"level":"info","message":"Connected to database \"world.ExplorersGuideWildemount-rollTable\"","timestamp":"2024-09-20 21:16:39"}
{"level":"info","message":"Launching World | Loading Package Data - 13%","timestamp":"2024-09-20 21:16:39"}
{"level":"info","message":"Connected to database \"world.Universal-backgrounds\"","timestamp":"2024-09-20 21:16:39"}
{"level":"info","message":"Launching World | Loading Package Data - 15%","timestamp":"2024-09-20 21:16:39"}
{"level":"info","message":"Connected to database \"world.Universal-rollTable\"","timestamp":"2024-09-20 21:16:39"}
{"level":"info","message":"Launching World | Loading Package Data - 16%","timestamp":"2024-09-20 21:16:39"}
{"level":"info","message":"Connected to database \"world.Universal-monsters\"","timestamp":"2024-09-20 21:16:40"}
{"level":"info","message":"Launching World | Loading Package Data - 18%","timestamp":"2024-09-20 21:16:40"}
{"level":"info","message":"Connected to database \"world.Universal-items\"","timestamp":"2024-09-20 21:16:40"}
{"level":"info","message":"Launching World | Loading Package Data - 19%","timestamp":"2024-09-20 21:16:40"}
{"level":"info","message":"Connected to database \"world.Universal-race\"","timestamp":"2024-09-20 21:16:40"}
{"level":"info","message":"Launching World | Loading Package Data - 21%","timestamp":"2024-09-20 21:16:40"}
{"level":"info","message":"Connected to database \"world.Universal-spells\"","timestamp":"2024-09-20 21:16:40"}
{"level":"info","message":"Launching World | Loading Package Data - 23%","timestamp":"2024-09-20 21:16:40"}
{"level":"info","message":"Connected to database \"world.Universal-feats\"","timestamp":"2024-09-20 21:16:40"}
{"level":"info","message":"Launching World | Loading Package Data - 24%","timestamp":"2024-09-20 21:16:40"}
{"level":"info","message":"Connected to database \"world.languages\"","timestamp":"2024-09-20 21:16:40"}
{"level":"info","message":"Launching World | Loading Package Data - 26%","timestamp":"2024-09-20 21:16:40"}
{"level":"info","message":"Connected to database \"world.class-features\"","timestamp":"2024-09-20 21:16:40"}
{"level":"info","message":"Launching World | Loading Package Data - 27%","timestamp":"2024-09-20 21:16:40"}
{"level":"info","message":"Connected to database \"world.xml-race\"","timestamp":"2024-09-20 21:16:40"}
{"level":"info","message":"Launching World | Loading Package Data - 29%","timestamp":"2024-09-20 21:16:40"}
{"level":"info","message":"Connected to database \"world.backgrounds\"","timestamp":"2024-09-20 21:16:40"}
{"level":"info","message":"Launching World | Loading Package Data - 31%","timestamp":"2024-09-20 21:16:40"}
{"level":"info","message":"Connected to database \"dnd5e.heroes\"","timestamp":"2024-09-20 21:16:40"}
{"level":"info","message":"Launching World | Loading Package Data - 32%","timestamp":"2024-09-20 21:16:40"}
{"level":"info","message":"Connected to database \"dnd5e.monsters\"","timestamp":"2024-09-20 21:16:40"}
{"level":"info","message":"Launching World | Loading Package Data - 34%","timestamp":"2024-09-20 21:16:40"}
{"level":"info","message":"Connected to database \"dnd5e.items\"","timestamp":"2024-09-20 21:16:40"}
{"level":"info","message":"Launching World | Loading Package Data - 35%","timestamp":"2024-09-20 21:16:40"}
{"level":"info","message":"Connected to database \"dnd5e.tradegoods\"","timestamp":"2024-09-20 21:16:40"}
{"level":"info","message":"Launching World | Loading Package Data - 37%","timestamp":"2024-09-20 21:16:40"}
{"level":"info","message":"Connected to database \"dnd5e.spells\"","timestamp":"2024-09-20 21:16:40"}
{"level":"info","message":"Launching World | Loading Package Data - 39%","timestamp":"2024-09-20 21:16:40"}
{"level":"info","message":"Connected to database \"dnd5e.backgrounds\"","timestamp":"2024-09-20 21:16:40"}
{"level":"info","message":"Launching World | Loading Package Data - 40%","timestamp":"2024-09-20 21:16:40"}
{"level":"info","message":"Connected to database \"dnd5e.classes\"","timestamp":"2024-09-20 21:16:40"}
{"level":"info","message":"Launching World | Loading Package Data - 42%","timestamp":"2024-09-20 21:16:40"}
{"level":"info","message":"Connected to database \"dnd5e.subclasses\"","timestamp":"2024-09-20 21:16:40"}
{"level":"info","message":"Launching World | Loading Package Data - 44%","timestamp":"2024-09-20 21:16:40"}
{"level":"info","message":"Connected to database \"dnd5e.classfeatures\"","timestamp":"2024-09-20 21:16:40"}
{"level":"info","message":"Launching World | Loading Package Data - 45%","timestamp":"2024-09-20 21:16:40"}
{"level":"info","message":"Connected to database \"dnd5e.races\"","timestamp":"2024-09-20 21:16:40"}
{"level":"info","message":"Launching World | Loading Package Data - 47%","timestamp":"2024-09-20 21:16:40"}
{"level":"info","message":"Connected to database \"dnd5e.monsterfeatures\"","timestamp":"2024-09-20 21:16:40"}
{"level":"info","message":"Launching World | Loading Package Data - 48%","timestamp":"2024-09-20 21:16:40"}
{"level":"info","message":"Connected to database \"dnd5e.rules\"","timestamp":"2024-09-20 21:16:40"}
{"level":"info","message":"Launching World | Loading Package Data - 50%","timestamp":"2024-09-20 21:16:40"}
{"level":"info","message":"Connected to database \"dnd5e.tables\"","timestamp":"2024-09-20 21:16:40"}
{"level":"info","message":"Launching World | Loading Package Data - 52%","timestamp":"2024-09-20 21:16:40"}
{"level":"info","message":"Connected to database \"advanced-macros.macros\"","timestamp":"2024-09-20 21:16:40"}
{"level":"info","message":"Launching World | Loading Package Data - 53%","timestamp":"2024-09-20 21:16:40"}
{"level":"info","message":"Connected to database \"boss-loot-assets-free.blfx-macros-free\"","timestamp":"2024-09-20 21:16:40"}
{"level":"info","message":"Launching World | Loading Package Data - 55%","timestamp":"2024-09-20 21:16:40"}
{"level":"info","message":"Connected to database \"combat-utility-belt.conditionsdnd5e\"","timestamp":"2024-09-20 21:16:40"}
{"level":"info","message":"Launching World | Loading Package Data - 56%","timestamp":"2024-09-20 21:16:40"}
{"level":"info","message":"Connected to database \"fxmaster.fxmaster\"","timestamp":"2024-09-20 21:16:40"}
{"level":"info","message":"Launching World | Loading Package Data - 58%","timestamp":"2024-09-20 21:16:40"}
{"level":"info","message":"Connected to database \"JB2A_DnD5e.jb2a-sequencer\"","timestamp":"2024-09-20 21:16:40"}
{"level":"info","message":"Launching World | Loading Package Data - 60%","timestamp":"2024-09-20 21:16:40"}
{"level":"info","message":"Connected to database \"JB2A_DnD5e.jb2a-actors\"","timestamp":"2024-09-20 21:16:40"}
{"level":"info","message":"Launching World | Loading Package Data - 61%","timestamp":"2024-09-20 21:16:40"}
{"level":"info","message":"Connected to database \"midi-item-showcase-community.misc-items\"","timestamp":"2024-09-20 21:16:40"}
{"level":"info","message":"Launching World | Loading Package Data - 63%","timestamp":"2024-09-20 21:16:40"}
{"level":"info","message":"Connected to database \"midi-item-showcase-community.misc-items-features\"","timestamp":"2024-09-20 21:16:40"}
{"level":"info","message":"Launching World | Loading Package Data - 65%","timestamp":"2024-09-20 21:16:40"}
{"level":"info","message":"Connected to database \"midi-item-showcase-community.misc-actors\"","timestamp":"2024-09-20 21:16:40"}
{"level":"info","message":"Launching World | Loading Package Data - 66%","timestamp":"2024-09-20 21:16:40"}
{"level":"info","message":"Connected to database \"midi-item-showcase-community.misc-actions\"","timestamp":"2024-09-20 21:16:40"}
{"level":"info","message":"Launching World | Loading Package Data - 68%","timestamp":"2024-09-20 21:16:40"}
{"level":"info","message":"Connected to database \"midi-item-showcase-community.misc-class-features\"","timestamp":"2024-09-20 21:16:40"}
{"level":"info","message":"Launching World | Loading Package Data - 69%","timestamp":"2024-09-20 21:16:40"}
{"level":"info","message":"Connected to database \"midi-item-showcase-community.misc-class-features-items\"","timestamp":"2024-09-20 21:16:40"}
{"level":"info","message":"Launching World | Loading Package Data - 71%","timestamp":"2024-09-20 21:16:40"}
{"level":"info","message":"Connected to database \"midi-item-showcase-community.misc-feats\"","timestamp":"2024-09-20 21:16:40"}
{"level":"info","message":"Launching World | Loading Package Data - 73%","timestamp":"2024-09-20 21:16:40"}
{"level":"info","message":"Connected to database \"midi-item-showcase-community.misc-monster-features\"","timestamp":"2024-09-20 21:16:40"}
{"level":"info","message":"Launching World | Loading Package Data - 74%","timestamp":"2024-09-20 21:16:40"}
{"level":"info","message":"Connected to database \"midi-item-showcase-community.misc-spell-items\"","timestamp":"2024-09-20 21:16:40"}
{"level":"info","message":"Launching World | Loading Package Data - 76%","timestamp":"2024-09-20 21:16:40"}
{"level":"info","message":"Connected to database \"midi-item-showcase-community.misc-unearthed-arcana\"","timestamp":"2024-09-20 21:16:40"}
{"level":"info","message":"Launching World | Loading Package Data - 77%","timestamp":"2024-09-20 21:16:40"}
{"level":"info","message":"Connected to database \"midi-item-showcase-community.misc-spells\"","timestamp":"2024-09-20 21:16:40"}
{"level":"info","message":"Launching World | Loading Package Data - 79%","timestamp":"2024-09-20 21:16:40"}
{"level":"info","message":"Connected to database \"midi-item-showcase-community.misc-homebrew\"","timestamp":"2024-09-20 21:16:40"}
{"level":"info","message":"Launching World | Loading Package Data - 81%","timestamp":"2024-09-20 21:16:40"}
{"level":"info","message":"Connected to database \"midi-item-showcase-community.misc-race-features\"","timestamp":"2024-09-20 21:16:40"}
{"level":"info","message":"Launching World | Loading Package Data - 82%","timestamp":"2024-09-20 21:16:40"}
{"level":"info","message":"Connected to database \"monks-active-tiles.active-tile-macros\"","timestamp":"2024-09-20 21:16:40"}
{"level":"info","message":"Launching World | Loading Package Data - 84%","timestamp":"2024-09-20 21:16:40"}
{"level":"info","message":"Connected to database \"monks-enhanced-journal.shop-names\"","timestamp":"2024-09-20 21:16:41"}
{"level":"info","message":"Launching World | Loading Package Data - 85%","timestamp":"2024-09-20 21:16:41"}
{"level":"info","message":"Connected to database \"monks-enhanced-journal.person-names\"","timestamp":"2024-09-20 21:16:41"}
{"level":"info","message":"Launching World | Loading Package Data - 87%","timestamp":"2024-09-20 21:16:41"}
{"level":"info","message":"Connected to database \"monks-shops.shop-items\"","timestamp":"2024-09-20 21:16:41"}
{"level":"info","message":"Launching World | Loading Package Data - 89%","timestamp":"2024-09-20 21:16:41"}
{"level":"info","message":"Connected to database \"monks-shops.shops-village\"","timestamp":"2024-09-20 21:16:41"}
{"level":"info","message":"Launching World | Loading Package Data - 90%","timestamp":"2024-09-20 21:16:41"}
{"level":"info","message":"Connected to database \"monks-shops.shops-town\"","timestamp":"2024-09-20 21:16:41"}
{"level":"info","message":"Launching World | Loading Package Data - 92%","timestamp":"2024-09-20 21:16:41"}
{"level":"info","message":"Connected to database \"monks-shops.shops-city\"","timestamp":"2024-09-20 21:16:41"}
{"level":"info","message":"Launching World | Loading Package Data - 94%","timestamp":"2024-09-20 21:16:41"}
{"level":"info","message":"Connected to database \"perceptive.perceptive\"","timestamp":"2024-09-20 21:16:41"}
{"level":"info","message":"Launching World | Loading Package Data - 95%","timestamp":"2024-09-20 21:16:41"}
{"level":"info","message":"Connected to database \"rest-recovery.exhaustion\"","timestamp":"2024-09-20 21:16:41"}
{"level":"info","message":"Launching World | Loading Package Data - 97%","timestamp":"2024-09-20 21:16:41"}
{"level":"info","message":"Connected to database \"tokenmagic.tmMacros\"","timestamp":"2024-09-20 21:16:41"}
{"level":"info","message":"Launching World | Loading Package Data - 98%","timestamp":"2024-09-20 21:16:41"}
{"level":"info","message":"Connected to database \"tokenmagic.tmSampleCompendium\"","timestamp":"2024-09-20 21:16:41"}
{"level":"info","message":"Launching World | Loading Package Data - 100%","timestamp":"2024-09-20 21:16:41"}
{"level":"info","message":"Created 0 Folder documents with ids: []","timestamp":"2024-09-20 21:16:41"}
{"level":"info","message":"Launching World | Migrating Package Data - 2%","timestamp":"2024-09-20 21:16:41"}
{"level":"info","message":"Launching World | Migrating Package Data - 3%","timestamp":"2024-09-20 21:16:41"}
{"level":"info","message":"Launching World | Migrating Package Data - 5%","timestamp":"2024-09-20 21:16:41"}
{"level":"info","message":"Launching World | Migrating Package Data - 6%","timestamp":"2024-09-20 21:16:41"}
{"level":"info","message":"Launching World | Migrating Package Data - 8%","timestamp":"2024-09-20 21:16:41"}
{"level":"info","message":"Launching World | Migrating Package Data - 10%","timestamp":"2024-09-20 21:16:41"}
{"level":"info","message":"Launching World | Migrating Package Data - 11%","timestamp":"2024-09-20 21:16:41"}
{"level":"info","message":"Launching World | Migrating Package Data - 13%","timestamp":"2024-09-20 21:16:41"}
{"level":"info","message":"Launching World | Migrating Package Data - 15%","timestamp":"2024-09-20 21:16:41"}
{"level":"info","message":"Launching World | Migrating Package Data - 16%","timestamp":"2024-09-20 21:16:41"}
{"level":"info","message":"Launching World | Migrating Package Data - 18%","timestamp":"2024-09-20 21:16:43"}
{"level":"info","message":"Launching World | Migrating Package Data - 19%","timestamp":"2024-09-20 21:16:43"}
{"level":"info","message":"Launching World | Migrating Package Data - 21%","timestamp":"2024-09-20 21:16:43"}
{"level":"info","message":"Launching World | Migrating Package Data - 23%","timestamp":"2024-09-20 21:16:43"}
{"level":"info","message":"Launching World | Migrating Package Data - 24%","timestamp":"2024-09-20 21:16:43"}
{"level":"info","message":"Launching World | Migrating Package Data - 26%","timestamp":"2024-09-20 21:16:43"}
{"level":"info","message":"Launching World | Migrating Package Data - 27%","timestamp":"2024-09-20 21:16:43"}
{"level":"info","message":"Launching World | Migrating Package Data - 29%","timestamp":"2024-09-20 21:16:43"}
{"level":"info","message":"Launching World | Migrating Package Data - 31%","timestamp":"2024-09-20 21:16:43"}
{"level":"info","message":"Launching World | Migrating Package Data - 32%","timestamp":"2024-09-20 21:16:43"}
{"level":"info","message":"Launching World | Migrating Package Data - 34%","timestamp":"2024-09-20 21:16:44"}
{"level":"info","message":"Launching World | Migrating Package Data - 35%","timestamp":"2024-09-20 21:16:44"}
{"level":"info","message":"Launching World | Migrating Package Data - 37%","timestamp":"2024-09-20 21:16:44"}
{"level":"info","message":"Launching World | Migrating Package Data - 39%","timestamp":"2024-09-20 21:16:44"}
{"level":"info","message":"Launching World | Migrating Package Data - 40%","timestamp":"2024-09-20 21:16:44"}
{"level":"info","message":"Launching World | Migrating Package Data - 42%","timestamp":"2024-09-20 21:16:44"}
{"level":"info","message":"Launching World | Migrating Package Data - 44%","timestamp":"2024-09-20 21:16:44"}
{"level":"info","message":"Launching World | Migrating Package Data - 45%","timestamp":"2024-09-20 21:16:44"}
{"level":"info","message":"Launching World | Migrating Package Data - 47%","timestamp":"2024-09-20 21:16:44"}
{"level":"info","message":"Launching World | Migrating Package Data - 48%","timestamp":"2024-09-20 21:16:44"}
{"level":"info","message":"Launching World | Migrating Package Data - 50%","timestamp":"2024-09-20 21:16:44"}
{"level":"info","message":"Launching World | Migrating Package Data - 52%","timestamp":"2024-09-20 21:16:44"}
{"level":"info","message":"Launching World | Migrating Package Data - 53%","timestamp":"2024-09-20 21:16:44"}
{"level":"info","message":"Launching World | Migrating Package Data - 55%","timestamp":"2024-09-20 21:16:44"}
{"level":"info","message":"Launching World | Migrating Package Data - 56%","timestamp":"2024-09-20 21:16:44"}
{"level":"info","message":"Launching World | Migrating Package Data - 58%","timestamp":"2024-09-20 21:16:44"}
{"level":"info","message":"Launching World | Migrating Package Data - 60%","timestamp":"2024-09-20 21:16:44"}
{"level":"info","message":"Launching World | Migrating Package Data - 61%","timestamp":"2024-09-20 21:16:44"}
{"level":"info","message":"Launching World | Migrating Package Data - 63%","timestamp":"2024-09-20 21:16:44"}
{"level":"info","message":"Launching World | Migrating Package Data - 65%","timestamp":"2024-09-20 21:16:44"}
{"level":"info","message":"Launching World | Migrating Package Data - 66%","timestamp":"2024-09-20 21:16:44"}
{"level":"info","message":"Launching World | Migrating Package Data - 68%","timestamp":"2024-09-20 21:16:44"}
{"level":"info","message":"Launching World | Migrating Package Data - 69%","timestamp":"2024-09-20 21:16:44"}
{"level":"info","message":"Launching World | Migrating Package Data - 71%","timestamp":"2024-09-20 21:16:44"}
{"level":"info","message":"Launching World | Migrating Package Data - 73%","timestamp":"2024-09-20 21:16:44"}
{"level":"info","message":"Launching World | Migrating Package Data - 74%","timestamp":"2024-09-20 21:16:44"}
{"level":"info","message":"Launching World | Migrating Package Data - 76%","timestamp":"2024-09-20 21:16:44"}
{"level":"info","message":"Launching World | Migrating Package Data - 77%","timestamp":"2024-09-20 21:16:44"}
{"level":"info","message":"Launching World | Migrating Package Data - 79%","timestamp":"2024-09-20 21:16:44"}
{"level":"info","message":"Launching World | Migrating Package Data - 81%","timestamp":"2024-09-20 21:16:44"}
{"level":"info","message":"Launching World | Migrating Package Data - 82%","timestamp":"2024-09-20 21:16:44"}
{"level":"info","message":"Launching World | Migrating Package Data - 84%","timestamp":"2024-09-20 21:16:44"}
{"level":"info","message":"Launching World | Migrating Package Data - 85%","timestamp":"2024-09-20 21:16:44"}
{"level":"info","message":"Launching World | Migrating Package Data - 87%","timestamp":"2024-09-20 21:16:44"}
{"level":"info","message":"Launching World | Migrating Package Data - 89%","timestamp":"2024-09-20 21:16:44"}
{"level":"info","message":"Launching World | Migrating Package Data - 90%","timestamp":"2024-09-20 21:16:44"}
{"level":"info","message":"Launching World | Migrating Package Data - 92%","timestamp":"2024-09-20 21:16:44"}
{"level":"info","message":"Launching World | Migrating Package Data - 94%","timestamp":"2024-09-20 21:16:44"}
{"level":"info","message":"Launching World | Migrating Package Data - 95%","timestamp":"2024-09-20 21:16:44"}
{"level":"info","message":"Launching World | Migrating Package Data - 97%","timestamp":"2024-09-20 21:16:44"}
{"level":"info","message":"Launching World | Migrating Package Data - 98%","timestamp":"2024-09-20 21:16:44"}
{"level":"info","message":"Launching World | Migrating Package Data - 100%","timestamp":"2024-09-20 21:16:44"}
{"level":"info","message":"Migrating World yadora-a-land-fallen to upgraded dnd5e System version 4.0.2","timestamp":"2024-09-20 21:16:44"}
{"level":"info","message":"Migrating Actor documents to the latest game system data model","timestamp":"2024-09-20 21:16:44"}
{"level":"info","message":"Successfully migrated 16 Actor documents to the latest system data model.","timestamp":"2024-09-20 21:16:44"}
{"level":"info","message":"Migrating Cards documents to the latest game system data model","timestamp":"2024-09-20 21:16:44"}
{"level":"info","message":"Successfully migrated 0 Cards documents to the latest system data model.","timestamp":"2024-09-20 21:16:44"}
{"level":"info","message":"Migrating ChatMessage documents to the latest game system data model","timestamp":"2024-09-20 21:16:44"}
{"level":"info","message":"Successfully migrated 774 ChatMessage documents to the latest system data model.","timestamp":"2024-09-20 21:16:44"}
{"level":"info","message":"Migrating Combat documents to the latest game system data model","timestamp":"2024-09-20 21:16:44"}
{"level":"info","message":"Successfully migrated 0 Combat documents to the latest system data model.","timestamp":"2024-09-20 21:16:44"}
{"level":"info","message":"Migrating Item documents to the latest game system data model","timestamp":"2024-09-20 21:16:44"}
{"level":"info","message":"Successfully migrated 3 Item documents to the latest system data model.","timestamp":"2024-09-20 21:16:44"}
{"level":"info","message":"Migrating Scene documents to the latest game system data model","timestamp":"2024-09-20 21:16:44"}
{"level":"info","message":"Successfully migrated 3 Scene documents to the latest system data model.","timestamp":"2024-09-20 21:16:45"}
{"level":"info","message":"Migration of World yadora-a-land-fallen was successful to dnd5e System version 4.0.2","timestamp":"2024-09-20 21:16:45"}
{"level":"info","message":"Launching World | Complete","timestamp":"2024-09-20 21:16:45"}
{"level":"error","message":"Could not get Repository Packages - The request to https://foundryvtt.com/_api/packages/get timed out after 10s.","timestamp":"2024-09-20 21:16:47"}
{"ip":"::ffff:127.186.63.200","level":"info","message":"User authentication successful for user Gamemaster","session":"3f00eb2b3ca96bdf9766b0eb","timestamp":"2024-09-20 21:16:51"}
{"level":"info","message":"No system update for Dungeons & Dragons Fifth Edition is currently available.","timestamp":"2024-09-20 21:17:00"}
{"level":"info","message":"Vended World data to User [w9Ov9hnX4N0F1idt] in 1145ms","timestamp":"2024-09-20 21:17:00"}
{"level":"info","message":"Created ActiveEffect with id [dnd5ebloodied000] in parent ActorDelta [KfjH3jltbtG6SPYk]","timestamp":"2024-09-20 21:17:09"}
{"level":"info","message":"Created ActiveEffect with id [dnd5ebloodied000] in parent ActorDelta [iCW5r1Y9BH2d8Uw7]","timestamp":"2024-09-20 21:17:09"}
{"level":"info","message":"Created ActiveEffect with id [dnd5ebloodied000] in parent ActorDelta [CwMvDE6QbBmbtCZI]","timestamp":"2024-09-20 21:17:09"}
{"ip":"::ffff:127.35.125.96","level":"info","message":"User authentication successful for user Pix","session":"6a6fc7c6015da81ddfdc8575","timestamp":"2024-09-20 21:18:11"}
{"level":"info","message":"No system update for Dungeons & Dragons Fifth Edition is currently available.","timestamp":"2024-09-20 21:18:18"}
{"level":"info","message":"Vended World data to User [lvNqgrzbCRLIFPut] in 1109ms","timestamp":"2024-09-20 21:18:18"}
{"ip":"::ffff:127.82.119.179","level":"info","message":"User authentication successful for user Kirby","session":"7cbce4e91a7174fff53c7b88","timestamp":"2024-09-20 21:31:53"}
{"level":"info","message":"No system update for Dungeons & Dragons Fifth Edition is currently available.","timestamp":"2024-09-20 21:32:19"}
{"level":"info","message":"Vended World data to User [3PjdZxW3UhmghC9T] in 1898ms","timestamp":"2024-09-20 21:32:19"}
{"ip":"::ffff:127.31.120.11","level":"info","message":"User authentication successful for user Xuki","session":"1e5d3745b00bb754e097ad95","timestamp":"2024-09-20 21:41:07"}
{"level":"warn","message":"Timed Out","timestamp":"2024-09-20 21:41:35"}
{"level":"info","message":"No system update for Dungeons & Dragons Fifth Edition is currently available.","timestamp":"2024-09-20 21:41:35"}
{"level":"info","message":"Vended World data to User [3CraoqZ0qqYpNgms] in 6565ms","timestamp":"2024-09-20 21:41:36"}
{"level":"info","message":"No system update for Dungeons & Dragons Fifth Edition is currently available.","timestamp":"2024-09-20 21:49:50"}
{"level":"info","message":"Vended World data to User [lvNqgrzbCRLIFPut] in 1955ms","timestamp":"2024-09-20 21:49:50"}
{"ip":"::ffff:127.35.125.96","level":"info","message":"User authentication successful for user Pix","session":"6a6fc7c6015da81ddfdc8575","timestamp":"2024-09-20 21:49:56"}
{"level":"info","message":"No system update for Dungeons & Dragons Fifth Edition is currently available.","timestamp":"2024-09-20 21:50:13"}
{"level":"info","message":"Vended World data to User [lvNqgrzbCRLIFPut] in 1899ms","timestamp":"2024-09-20 21:50:13"}
{"level":"info","message":"Created client session facd66a1070282d88bce301b","timestamp":"2024-09-20 21:51:55"}
{"level":"info","message":"Created client session 9e344b9d9ac9eaab0ac53f8c","timestamp":"2024-09-20 21:58:44"}
{"ip":"::ffff:127.72.253.142","level":"info","message":"User authentication successful for user Chez","session":"9e344b9d9ac9eaab0ac53f8c","timestamp":"2024-09-20 21:58:55"}
{"level":"info","message":"No system update for Dungeons & Dragons Fifth Edition is currently available.","timestamp":"2024-09-20 21:59:31"}
{"level":"info","message":"Vended World data to User [nRNOe3ayJxSj6lQE] in 1987ms","timestamp":"2024-09-20 21:59:31"}
{"level":"info","message":"Created ChatMessage with id [8WQY09uE3kBuY197]","timestamp":"2024-09-20 22:04:52"}
{"level":"info","message":"Created client session 0da1adf826c07b90bb27261d","timestamp":"2024-09-20 22:18:53"}
{"level":"info","message":"Created client session fefccf3417f194a8d8c102a7","timestamp":"2024-09-20 22:18:54"}
{"level":"info","message":"Created ChatMessage with id [03FjmFKBJ18jNcib]","timestamp":"2024-09-20 22:34:22"}
{"level":"info","message":"Logged user w9Ov9hnX4N0F1idt out of active World","timestamp":"2024-09-20 23:00:48"}
{"ip":"::ffff:127.186.63.200","level":"info","message":"User authentication successful for user Gamemaster","session":"3f00eb2b3ca96bdf9766b0eb","timestamp":"2024-09-20 23:00:54"}
{"level":"info","message":"Created client session 9b73195502e347f95425ceee","timestamp":"2024-09-20 23:01:13"}
{"level":"info","message":"Created client session fdcf19f7670058382046a8a9","timestamp":"2024-09-20 23:01:13"}
{"level":"info","message":"No system update for Dungeons & Dragons Fifth Edition is currently available.","timestamp":"2024-09-20 23:03:14"}
{"level":"info","message":"Vended World data to User [lvNqgrzbCRLIFPut] in 1010ms","timestamp":"2024-09-20 23:03:14"}
{"level":"info","message":"No system update for Dungeons & Dragons Fifth Edition is currently available.","timestamp":"2024-09-20 23:05:15"}
{"level":"info","message":"Vended World data to User [w9Ov9hnX4N0F1idt] in 1260ms","timestamp":"2024-09-20 23:05:15"}
{"level":"info","message":"Created client session 424d458f5d2996f3bbfcedd0","timestamp":"2024-09-20 23:06:16"}
{"level":"info","message":"Created client session 94e612027b84a4933473e8a8","timestamp":"2024-09-20 23:09:25"}
{"level":"info","message":"Created client session db4fb987e7512583e3ae2850","timestamp":"2024-09-20 23:09:25"}
{"level":"info","message":"Created client session bddf0d09fc36d28b1896ff58","timestamp":"2024-09-20 23:09:25"}
{"level":"info","message":"Created client session ce2b32e1a323696479f72bfb","timestamp":"2024-09-20 23:09:26"}
{"level":"info","message":"Created client session 51a865c954c701c7f2aa3576","timestamp":"2024-09-20 23:10:14"}
{"level":"info","message":"Created client session 0e76ab6a3c3c23ec6ede4c29","timestamp":"2024-09-20 23:10:14"}
{"ip":"::ffff:127.82.119.179","level":"info","message":"User authentication successful for user Kirby","session":"0e76ab6a3c3c23ec6ede4c29","timestamp":"2024-09-20 23:10:23"}
{"level":"info","message":"No system update for Dungeons & Dragons Fifth Edition is currently available.","timestamp":"2024-09-20 23:10:42"}
{"level":"info","message":"Vended World data to User [3PjdZxW3UhmghC9T] in 1314ms","timestamp":"2024-09-20 23:10:42"}
{"level":"info","message":"No system update for Dungeons & Dragons Fifth Edition is currently available.","timestamp":"2024-09-20 23:24:21"}
{"level":"info","message":"Vended World data to User [3CraoqZ0qqYpNgms] in 1654ms","timestamp":"2024-09-20 23:24:21"}
{"level":"info","message":"Created client session 6ac3782082955990d4e99724","timestamp":"2024-09-20 23:47:22"}
{"ip":"::ffff:127.0.0.1","level":"info","message":"User authentication successful for user Gamemaster","session":"6ac3782082955990d4e99724","timestamp":"2024-09-20 23:47:32"}
{"level":"info","message":"No system update for Dungeons & Dragons Fifth Edition is currently available.","timestamp":"2024-09-20 23:47:39"}
{"level":"info","message":"Vended World data to User [w9Ov9hnX4N0F1idt] in 1891ms","timestamp":"2024-09-20 23:47:39"}
{"level":"debug","message":"Starting edit session for user 'w9Ov9hnX4N0F1idt' and instance 'JournalEntry.jCs0fmn9sxzpzbe8.JournalEntryPage.HMfuE3u8LUWvDx2V#text.content'.","timestamp":"2024-09-20 23:58:34"}
